{"/media/sostene/New Volume/Andela/mybrand-backend/src/index.js":{"path":"/media/sostene/New Volume/Andela/mybrand-backend/src/index.js","statementMap":{"0":{"start":{"line":3,"column":0},"end":{"line":5,"column":3}},"1":{"start":{"line":6,"column":0},"end":{"line":6,"column":25}},"2":{"start":{"line":8,"column":15},"end":{"line":8,"column":57}},"3":{"start":{"line":10,"column":16},"end":{"line":10,"column":59}},"4":{"start":{"line":12,"column":14},"end":{"line":12,"column":33}},"5":{"start":{"line":14,"column":16},"end":{"line":14,"column":61}},"6":{"start":{"line":16,"column":0},"end":{"line":16,"column":18}},"7":{"start":{"line":18,"column":39},"end":{"line":18,"column":93}},"8":{"start":{"line":20,"column":12},"end":{"line":20,"column":35}},"9":{"start":{"line":21,"column":0},"end":{"line":21,"column":28}},"10":{"start":{"line":23,"column":0},"end":{"line":25,"column":3}},"11":{"start":{"line":24,"column":2},"end":{"line":24,"column":33}},"12":{"start":{"line":27,"column":15},"end":{"line":29,"column":2}},"13":{"start":{"line":28,"column":2},"end":{"line":28,"column":54}},"14":{"start":{"line":31,"column":0},"end":{"line":31,"column":27}}},"fnMap":{"0":{"name":"_interopRequireDefault","decl":{"start":{"line":18,"column":9},"end":{"line":18,"column":31}},"loc":{"start":{"line":18,"column":37},"end":{"line":18,"column":95}},"line":18},"1":{"name":"(anonymous_1)","decl":{"start":{"line":23,"column":49},"end":{"line":23,"column":50}},"loc":{"start":{"line":23,"column":55},"end":{"line":25,"column":1}},"line":23},"2":{"name":"(anonymous_2)","decl":{"start":{"line":27,"column":40},"end":{"line":27,"column":41}},"loc":{"start":{"line":27,"column":46},"end":{"line":29,"column":1}},"line":27}},"branchMap":{"0":{"loc":{"start":{"line":18,"column":46},"end":{"line":18,"column":92}},"type":"cond-expr","locations":[{"start":{"line":18,"column":70},"end":{"line":18,"column":73}},{"start":{"line":18,"column":76},"end":{"line":18,"column":92}}],"line":18},"1":{"loc":{"start":{"line":18,"column":46},"end":{"line":18,"column":67}},"type":"binary-expr","locations":[{"start":{"line":18,"column":46},"end":{"line":18,"column":49}},{"start":{"line":18,"column":53},"end":{"line":18,"column":67}}],"line":18}},"s":{"0":1,"1":1,"2":1,"3":1,"4":1,"5":1,"6":1,"7":3,"8":1,"9":1,"10":1,"11":1,"12":1,"13":1,"14":1},"f":{"0":3,"1":1,"2":1},"b":{"0":[1,2],"1":[3,3]},"inputSourceMap":{"version":3,"sources":["index.js"],"names":["app","mongoose","connect","mongoUrl","then","console","log","listen","port"],"mappings":";;;;;;;AAAA;;AACA;;AACA;;AACA;;AACA;;;;AACA,MAAMA,GAAG,GAAG,uBAAZ;AACA,uBAASA,GAAT;;AACAC,kBAASC,OAAT,CAAiBC,gBAAjB,EAA2BC,IAA3B,CAAgC,MAAM;AACpCC,EAAAA,OAAO,CAACC,GAAR,CAAY,iBAAZ;AACD,CAFD;;eAGeN,GAAG,CAACO,MAAJ,CAAWC,YAAX,EAAiB,MAAM;AACpCH,EAAAA,OAAO,CAACC,GAAR,CAAY,wBAAZ,EAAsCE,YAAtC;AACD,CAFc,C","sourceRoot":"/media/sostene/New Volume/Andela/mybrand-backend/src/","sourcesContent":["import express from \"express\";\nimport mongoose from \"mongoose\";\nimport { port, mongoUrl } from \"./config\";\nimport setupApp from \"./setupApp\";\nimport \"./auth\";\nconst app = express();\nsetupApp(app);\nmongoose.connect(mongoUrl).then(() => {\n  console.log(\"connected to db\");\n});\nexport default app.listen(port, () => {\n  console.log(\"Server started on port\", port);\n});\n"]},"_coverageSchema":"1a1c01bbd47fc00a2c39e90264f33305004495a9","hash":"f13a0b838025ad8687fa1a76a5e7ce641e2011e2","contentHash":"24da1b1b3eb46326935e89a873895a33ac2b49bb4bab9cf2abaa8f1aaadcb554"},"/media/sostene/New Volume/Andela/mybrand-backend/src/config/index.js":{"path":"/media/sostene/New Volume/Andela/mybrand-backend/src/config/index.js","statementMap":{"0":{"start":{"line":3,"column":0},"end":{"line":5,"column":3}},"1":{"start":{"line":6,"column":0},"end":{"line":6,"column":191}},"2":{"start":{"line":8,"column":14},"end":{"line":8,"column":55}},"3":{"start":{"line":10,"column":12},"end":{"line":10,"column":51}},"4":{"start":{"line":12,"column":39},"end":{"line":12,"column":93}},"5":{"start":{"line":14,"column":0},"end":{"line":14,"column":25}},"6":{"start":{"line":16,"column":20},"end":{"line":16,"column":40}},"7":{"start":{"line":17,"column":19},"end":{"line":17,"column":40}},"8":{"start":{"line":18,"column":21},"end":{"line":21,"column":1}},"9":{"start":{"line":24,"column":0},"end":{"line":40,"column":1}},"10":{"start":{"line":27,"column":4},"end":{"line":27,"column":20}},"11":{"start":{"line":28,"column":4},"end":{"line":28,"column":10}},"12":{"start":{"line":31,"column":4},"end":{"line":31,"column":21}},"13":{"start":{"line":32,"column":4},"end":{"line":32,"column":10}},"14":{"start":{"line":35,"column":4},"end":{"line":35,"column":16}},"15":{"start":{"line":36,"column":4},"end":{"line":36,"column":10}},"16":{"start":{"line":43,"column":0},"end":{"line":43,"column":23}},"17":{"start":{"line":45,"column":0},"end":{"line":47,"column":1}},"18":{"start":{"line":46,"column":2},"end":{"line":46,"column":30}},"19":{"start":{"line":49,"column":26},"end":{"line":49,"column":38}},"20":{"start":{"line":50,"column":0},"end":{"line":50,"column":46}},"21":{"start":{"line":52,"column":21},"end":{"line":52,"column":86}},"22":{"start":{"line":54,"column":0},"end":{"line":54,"column":36}},"23":{"start":{"line":55,"column":13},"end":{"line":55,"column":37}},"24":{"start":{"line":56,"column":0},"end":{"line":56,"column":20}},"25":{"start":{"line":57,"column":25},"end":{"line":57,"column":55}},"26":{"start":{"line":58,"column":0},"end":{"line":58,"column":44}},"27":{"start":{"line":59,"column":28},"end":{"line":59,"column":61}},"28":{"start":{"line":60,"column":0},"end":{"line":60,"column":50}},"29":{"start":{"line":61,"column":18},"end":{"line":61,"column":40}},"30":{"start":{"line":62,"column":0},"end":{"line":62,"column":30}},"31":{"start":{"line":63,"column":17},"end":{"line":63,"column":29}},"32":{"start":{"line":64,"column":0},"end":{"line":64,"column":28}},"33":{"start":{"line":65,"column":20},"end":{"line":65,"column":44}},"34":{"start":{"line":66,"column":0},"end":{"line":66,"column":34}}},"fnMap":{"0":{"name":"_interopRequireDefault","decl":{"start":{"line":12,"column":9},"end":{"line":12,"column":31}},"loc":{"start":{"line":12,"column":37},"end":{"line":12,"column":95}},"line":12}},"branchMap":{"0":{"loc":{"start":{"line":12,"column":46},"end":{"line":12,"column":92}},"type":"cond-expr","locations":[{"start":{"line":12,"column":70},"end":{"line":12,"column":73}},{"start":{"line":12,"column":76},"end":{"line":12,"column":92}}],"line":12},"1":{"loc":{"start":{"line":12,"column":46},"end":{"line":12,"column":67}},"type":"binary-expr","locations":[{"start":{"line":12,"column":46},"end":{"line":12,"column":49}},{"start":{"line":12,"column":53},"end":{"line":12,"column":67}}],"line":12},"2":{"loc":{"start":{"line":24,"column":0},"end":{"line":40,"column":1}},"type":"switch","locations":[{"start":{"line":26,"column":2},"end":{"line":28,"column":10}},{"start":{"line":30,"column":2},"end":{"line":32,"column":10}},{"start":{"line":34,"column":2},"end":{"line":36,"column":10}},{"start":{"line":38,"column":2},"end":{"line":38,"column":10}}],"line":24},"3":{"loc":{"start":{"line":24,"column":8},"end":{"line":24,"column":48}},"type":"binary-expr","locations":[{"start":{"line":24,"column":8},"end":{"line":24,"column":19}},{"start":{"line":24,"column":23},"end":{"line":24,"column":48}}],"line":24},"4":{"loc":{"start":{"line":55,"column":13},"end":{"line":55,"column":37}},"type":"binary-expr","locations":[{"start":{"line":55,"column":13},"end":{"line":55,"column":29}},{"start":{"line":55,"column":33},"end":{"line":55,"column":37}}],"line":55}},"s":{"0":1,"1":1,"2":1,"3":1,"4":2,"5":1,"6":1,"7":1,"8":1,"9":1,"10":1,"11":1,"12":0,"13":0,"14":0,"15":0,"16":1,"17":1,"18":2,"19":1,"20":1,"21":1,"22":1,"23":1,"24":1,"25":1,"26":1,"27":1,"28":1,"29":1,"30":1,"31":1,"32":1,"33":1,"34":1},"f":{"0":2},"b":{"0":[0,2],"1":[2,2],"2":[1,0,0,0],"3":[1,1],"4":[1,0]},"inputSourceMap":{"version":3,"sources":["index.js"],"names":["dotenv","config","environment","process","env","NODE_ENV","baseMongoUrl","MONGO_URL","cloudFolders","articles","profiles","envTag","toLowerCase","key","cloudinaryFolders","uploadFolder","path","join","__dirname","port","PORT","cloudinaryApiKey","CLOUDINARY_API_KEY","cloudinaryApiSecret","CLOUDINARY_API_SECRET","cloudName","CLOUD_NAME","mongoUrl","tokenSecret","TOKEN_SECRET"],"mappings":";;;;;;;AAAA;;AACA;;;;AACAA,gBAAOC,MAAP;;AACA,MAAMC,WAAW,GAAGC,OAAO,CAACC,GAAR,CAAYC,QAAhC;AAEA,IAAIC,YAAY,GAAGH,OAAO,CAACC,GAAR,CAAYG,SAA/B;AAEA,MAAMC,YAAY,GAAG;AACnBC,EAAAA,QAAQ,EAAE,UADS;AAEnBC,EAAAA,QAAQ,EAAE;AAFS,CAArB;AAKA,IAAIC,MAAJ;;AAEA,QAAQT,WAAW,IAAIA,WAAW,CAACU,WAAZ,EAAvB;AACE;AACA,OAAK,aAAL;AACED,IAAAA,MAAM,GAAG,MAAT;AACA;;AACF,OAAK,MAAL;AACEA,IAAAA,MAAM,GAAG,OAAT;AACA;;AACF,OAAK,YAAL;AACEA,IAAAA,MAAM,GAAG,EAAT;AACA;;AACF,UAXF,CAYE;;AAZF,C,CAeA;;;AACAL,YAAY,IAAIK,MAAhB;;AACA,KAAK,IAAIE,GAAT,IAAgBL,YAAhB,EAA8B;AAC5BA,EAAAA,YAAY,CAACK,GAAD,CAAZ,IAAqBF,MAArB;AACD;;AACM,MAAMG,iBAAiB,GAAGN,YAA1B;;;AACA,MAAMO,YAAY,GAAGC,cAAKC,IAAL,CAC1BC,SAD0B,EAE1B,IAF0B,EAG1B,QAH0B,EAI1B,SAJ0B,EAK1B,OAL0B,CAArB;;;AAQA,MAAMC,IAAI,GAAGhB,OAAO,CAACC,GAAR,CAAYgB,IAAZ,IAAoB,IAAjC;;AACA,MAAMC,gBAAgB,GAAGlB,OAAO,CAACC,GAAR,CAAYkB,kBAArC;;AACA,MAAMC,mBAAmB,GAAGpB,OAAO,CAACC,GAAR,CAAYoB,qBAAxC;;AACA,MAAMC,SAAS,GAAGtB,OAAO,CAACC,GAAR,CAAYsB,UAA9B;;AACA,MAAMC,QAAQ,GAAGrB,YAAjB;;AACA,MAAMsB,WAAW,GAAGzB,OAAO,CAACC,GAAR,CAAYyB,YAAhC","sourceRoot":"/media/sostene/New Volume/Andela/mybrand-backend/src/config/","sourcesContent":["import dotenv from \"dotenv\";\nimport path from \"path\";\ndotenv.config();\nconst environment = process.env.NODE_ENV;\n\nlet baseMongoUrl = process.env.MONGO_URL;\n\nconst cloudFolders = {\n  articles: \"articles\",\n  profiles: \"profiles\",\n};\n\nlet envTag;\n\nswitch (environment && environment.toLowerCase()) {\n  //make sure db are different for each environment\n  case \"development\":\n    envTag = \"-dev\";\n    break;\n  case \"test\":\n    envTag = \"-test\";\n    break;\n  case \"production\":\n    envTag = \"\";\n    break;\n  default:\n  // baseMongoUrl;\n}\n\n// Make sure that resources are different for each environment\nbaseMongoUrl += envTag;\nfor (let key in cloudFolders) {\n  cloudFolders[key] += envTag;\n}\nexport const cloudinaryFolders = cloudFolders;\nexport const uploadFolder = path.join(\n  __dirname,\n  \"..\",\n  \"public\",\n  \"uploads\",\n  \"temps\"\n);\n\nexport const port = process.env.PORT || 5000;\nexport const cloudinaryApiKey = process.env.CLOUDINARY_API_KEY;\nexport const cloudinaryApiSecret = process.env.CLOUDINARY_API_SECRET;\nexport const cloudName = process.env.CLOUD_NAME;\nexport const mongoUrl = baseMongoUrl;\nexport const tokenSecret = process.env.TOKEN_SECRET;\n"]},"_coverageSchema":"1a1c01bbd47fc00a2c39e90264f33305004495a9","hash":"356a55379bfbeb19eaeb09a87f7e2587ec88a7dd","contentHash":"3010bc4ed375daa194f970799bcd9af681de72bc8a39ba0a5a33d95fa6de952e"},"/media/sostene/New Volume/Andela/mybrand-backend/src/setupApp.js":{"path":"/media/sostene/New Volume/Andela/mybrand-backend/src/setupApp.js","statementMap":{"0":{"start":{"line":3,"column":0},"end":{"line":5,"column":3}},"1":{"start":{"line":6,"column":0},"end":{"line":6,"column":27}},"2":{"start":{"line":8,"column":14},"end":{"line":8,"column":57}},"3":{"start":{"line":10,"column":15},"end":{"line":10,"column":57}},"4":{"start":{"line":12,"column":19},"end":{"line":12,"column":43}},"5":{"start":{"line":14,"column":10},"end":{"line":14,"column":47}},"6":{"start":{"line":16,"column":14},"end":{"line":16,"column":33}},"7":{"start":{"line":18,"column":39},"end":{"line":18,"column":93}},"8":{"start":{"line":20,"column":0},"end":{"line":22,"column":3}},"9":{"start":{"line":20,"column":51},"end":{"line":22,"column":3}},"10":{"start":{"line":25,"column":2},"end":{"line":25,"column":35}},"11":{"start":{"line":26,"column":2},"end":{"line":28,"column":6}},"12":{"start":{"line":29,"column":2},"end":{"line":29,"column":68}},"13":{"start":{"line":30,"column":2},"end":{"line":30,"column":35}},"14":{"start":{"line":31,"column":2},"end":{"line":31,"column":55}}},"fnMap":{"0":{"name":"_interopRequireDefault","decl":{"start":{"line":18,"column":9},"end":{"line":18,"column":31}},"loc":{"start":{"line":18,"column":37},"end":{"line":18,"column":95}},"line":18},"1":{"name":"setupApp","decl":{"start":{"line":24,"column":9},"end":{"line":24,"column":17}},"loc":{"start":{"line":24,"column":23},"end":{"line":32,"column":1}},"line":24}},"branchMap":{"0":{"loc":{"start":{"line":18,"column":46},"end":{"line":18,"column":92}},"type":"cond-expr","locations":[{"start":{"line":18,"column":70},"end":{"line":18,"column":73}},{"start":{"line":18,"column":76},"end":{"line":18,"column":92}}],"line":18},"1":{"loc":{"start":{"line":18,"column":46},"end":{"line":18,"column":67}},"type":"binary-expr","locations":[{"start":{"line":18,"column":46},"end":{"line":18,"column":49}},{"start":{"line":18,"column":53},"end":{"line":18,"column":67}}],"line":18},"2":{"loc":{"start":{"line":20,"column":0},"end":{"line":22,"column":3}},"type":"if","locations":[{"start":{"line":20,"column":0},"end":{"line":22,"column":3}},{"start":{"line":20,"column":0},"end":{"line":22,"column":3}}],"line":20}},"s":{"0":1,"1":1,"2":1,"3":1,"4":1,"5":1,"6":1,"7":3,"8":1,"9":0,"10":1,"11":1,"12":1,"13":1,"14":1},"f":{"0":3,"1":1},"b":{"0":[1,2],"1":[3,3],"2":[0,1]},"inputSourceMap":{"version":3,"sources":["setupApp.js"],"names":["fs","existsSync","uploadFolder","mkdirSync","recursive","setupApp","app","use","express","json","urlencoded","extended","static","routes","SampleController","notFound"],"mappings":";;;;;;;AAAA;;AACA;;AACA;;AACA;;AACA;;;;AACA,IAAI,CAACA,YAAGC,UAAH,CAAcC,oBAAd,CAAL,EACEF,YAAGG,SAAH,CAAaD,oBAAb,EAA2B;AAAEE,EAAAA,SAAS,EAAE;AAAb,CAA3B;;AACa,SAASC,QAAT,CAAkBC,GAAlB,EAAuB;AACpCA,EAAAA,GAAG,CAACC,GAAJ,CAAQC,iBAAQC,IAAR,EAAR;AACAH,EAAAA,GAAG,CAACC,GAAJ,CAAQC,iBAAQE,UAAR,CAAmB;AAAEC,IAAAA,QAAQ,EAAE;AAAZ,GAAnB,CAAR;AACAL,EAAAA,GAAG,CAACC,GAAJ,CAAQ,SAAR,EAAmBC,iBAAQI,MAAR,CAAeV,oBAAf,CAAnB;AACAI,EAAAA,GAAG,CAACC,GAAJ,CAAQ,MAAR,EAAgBM,eAAhB;AACAP,EAAAA,GAAG,CAACC,GAAJ,CAAQ,GAAR,EAAaO,8BAAiBC,QAA9B;AACD","sourceRoot":"/media/sostene/New Volume/Andela/mybrand-backend/src/","sourcesContent":["import routes from \"./routes\";\nimport express from \"express\";\nimport { SampleController } from \"./controllers\";\nimport fs from \"fs\";\nimport { uploadFolder } from \"./config\";\nif (!fs.existsSync(uploadFolder))\n  fs.mkdirSync(uploadFolder, { recursive: true });\nexport default function setupApp(app) {\n  app.use(express.json());\n  app.use(express.urlencoded({ extended: true }));\n  app.use(\"/public\", express.static(uploadFolder));\n  app.use(\"/api\", routes);\n  app.use(\"*\", SampleController.notFound);\n}\n"]},"_coverageSchema":"1a1c01bbd47fc00a2c39e90264f33305004495a9","hash":"f29a988516e0437c5a5aaa8185b09869290f684c","contentHash":"410e37513a499fcc0233d304b48716bb1e393361b8997fe1e7c64957f6825d7e"},"/media/sostene/New Volume/Andela/mybrand-backend/src/routes/index.js":{"path":"/media/sostene/New Volume/Andela/mybrand-backend/src/routes/index.js","statementMap":{"0":{"start":{"line":3,"column":0},"end":{"line":5,"column":3}},"1":{"start":{"line":6,"column":0},"end":{"line":6,"column":25}},"2":{"start":{"line":8,"column":15},"end":{"line":8,"column":57}},"3":{"start":{"line":10,"column":19},"end":{"line":10,"column":45}},"4":{"start":{"line":12,"column":15},"end":{"line":12,"column":59}},"5":{"start":{"line":14,"column":16},"end":{"line":14,"column":61}},"6":{"start":{"line":16,"column":12},"end":{"line":16,"column":53}},"7":{"start":{"line":18,"column":12},"end":{"line":18,"column":53}},"8":{"start":{"line":20,"column":13},"end":{"line":20,"column":43}},"9":{"start":{"line":22,"column":15},"end":{"line":22,"column":45}},"10":{"start":{"line":24,"column":39},"end":{"line":24,"column":93}},"11":{"start":{"line":26,"column":15},"end":{"line":26,"column":40}},"12":{"start":{"line":28,"column":0},"end":{"line":32,"column":3}},"13":{"start":{"line":29,"column":2},"end":{"line":31,"column":5}},"14":{"start":{"line":33,"column":0},"end":{"line":33,"column":42}},"15":{"start":{"line":34,"column":0},"end":{"line":34,"column":62}},"16":{"start":{"line":35,"column":0},"end":{"line":35,"column":54}},"17":{"start":{"line":36,"column":0},"end":{"line":36,"column":35}},"18":{"start":{"line":37,"column":0},"end":{"line":37,"column":56}},"19":{"start":{"line":38,"column":15},"end":{"line":38,"column":21}},"20":{"start":{"line":39,"column":0},"end":{"line":39,"column":27}}},"fnMap":{"0":{"name":"_interopRequireDefault","decl":{"start":{"line":24,"column":9},"end":{"line":24,"column":31}},"loc":{"start":{"line":24,"column":37},"end":{"line":24,"column":95}},"line":24},"1":{"name":"(anonymous_1)","decl":{"start":{"line":28,"column":16},"end":{"line":28,"column":17}},"loc":{"start":{"line":28,"column":39},"end":{"line":32,"column":1}},"line":28}},"branchMap":{"0":{"loc":{"start":{"line":24,"column":46},"end":{"line":24,"column":92}},"type":"cond-expr","locations":[{"start":{"line":24,"column":70},"end":{"line":24,"column":73}},{"start":{"line":24,"column":76},"end":{"line":24,"column":92}}],"line":24},"1":{"loc":{"start":{"line":24,"column":46},"end":{"line":24,"column":67}},"type":"binary-expr","locations":[{"start":{"line":24,"column":46},"end":{"line":24,"column":49}},{"start":{"line":24,"column":53},"end":{"line":24,"column":67}}],"line":24}},"s":{"0":1,"1":1,"2":1,"3":1,"4":1,"5":1,"6":1,"7":1,"8":1,"9":1,"10":5,"11":1,"12":1,"13":1,"14":1,"15":1,"16":1,"17":1,"18":1,"19":1,"20":1},"f":{"0":5,"1":1},"b":{"0":[4,1],"1":[5,5]},"inputSourceMap":{"version":3,"sources":["index.js"],"names":["router","express","Router","get","request","response","status","json","message","use","messageRoutes","isLoggedIn","articlesRoutes","userRoutes","authRoutes","SampleController","notFound"],"mappings":";;;;;;;AAAA;;AACA;;AACA;;AACA;;AACA;;AACA;;AACA;;AACA;;;;AACA,MAAMA,MAAM,GAAGC,iBAAQC,MAAR,EAAf;;AACAF,MAAM,CAACG,GAAP,CAAW,GAAX,EAAgB,CAACC,OAAD,EAAUC,QAAV,KAAuB;AACrCA,EAAAA,QAAQ,CAACC,MAAT,CAAgB,GAAhB,EAAqBC,IAArB,CAA0B;AAAEC,IAAAA,OAAO,EAAE;AAAX,GAA1B;AACD,CAFD;AAGAR,MAAM,CAACS,GAAP,CAAW,WAAX,EAAwBC,gBAAxB;AACAV,MAAM,CAACS,GAAP,CAAW,WAAX,EAAwBE,iBAAxB,EAAoCC,iBAApC;AACAZ,MAAM,CAACS,GAAP,CAAW,OAAX,EAAoBE,iBAApB,EAAgCE,aAAhC;AACAb,MAAM,CAACS,GAAP,CAAW,OAAX,EAAoBK,aAApB;AACAd,MAAM,CAACS,GAAP,CAAW,GAAX,EAAgBM,8BAAiBC,QAAjC;eACehB,M","sourceRoot":"/media/sostene/New Volume/Andela/mybrand-backend/src/routes/","sourcesContent":["import express from \"express\";\nimport { SampleController } from \"../controllers/\";\nimport messageRoutes from \"./message\";\nimport articlesRoutes from \"./articles\";\nimport userRoutes from \"./user\";\nimport authRoutes from \"./auth\";\nimport { isLoggedIn } from \"../middlewares/auth\";\nimport { is } from \"express/lib/request\";\nconst router = express.Router();\nrouter.get(\"/\", (request, response) => {\n  response.status(200).json({ message: \"Welcome\" });\n});\nrouter.use(\"/messages\", messageRoutes);\nrouter.use(\"/articles\", isLoggedIn, articlesRoutes);\nrouter.use(\"/user\", isLoggedIn, userRoutes);\nrouter.use(\"/auth\", authRoutes);\nrouter.use(\"*\", SampleController.notFound);\nexport default router;\n"]},"_coverageSchema":"1a1c01bbd47fc00a2c39e90264f33305004495a9","hash":"2b400af355ff20ee79760f88f44c73b6c9540de9","contentHash":"f2431ae4500f32b1e3ddc44fc8b6897180308d2886acc85afe8f022bc387126c"},"/media/sostene/New Volume/Andela/mybrand-backend/src/controllers/index.js":{"path":"/media/sostene/New Volume/Andela/mybrand-backend/src/controllers/index.js","statementMap":{"0":{"start":{"line":3,"column":0},"end":{"line":5,"column":3}},"1":{"start":{"line":6,"column":0},"end":{"line":11,"column":3}},"2":{"start":{"line":9,"column":4},"end":{"line":9,"column":36}},"3":{"start":{"line":12,"column":0},"end":{"line":17,"column":3}},"4":{"start":{"line":15,"column":4},"end":{"line":15,"column":28}},"5":{"start":{"line":18,"column":0},"end":{"line":23,"column":3}},"6":{"start":{"line":21,"column":4},"end":{"line":21,"column":35}},"7":{"start":{"line":24,"column":0},"end":{"line":29,"column":3}},"8":{"start":{"line":27,"column":4},"end":{"line":27,"column":28}},"9":{"start":{"line":30,"column":0},"end":{"line":35,"column":3}},"10":{"start":{"line":33,"column":4},"end":{"line":33,"column":28}},"11":{"start":{"line":36,"column":0},"end":{"line":41,"column":3}},"12":{"start":{"line":39,"column":4},"end":{"line":39,"column":27}},"13":{"start":{"line":42,"column":0},"end":{"line":47,"column":3}},"14":{"start":{"line":45,"column":4},"end":{"line":45,"column":25}},"15":{"start":{"line":49,"column":14},"end":{"line":49,"column":68}},"16":{"start":{"line":51,"column":15},"end":{"line":51,"column":70}},"17":{"start":{"line":53,"column":15},"end":{"line":53,"column":70}},"18":{"start":{"line":55,"column":15},"end":{"line":55,"column":70}},"19":{"start":{"line":57,"column":23},"end":{"line":57,"column":86}},"20":{"start":{"line":59,"column":12},"end":{"line":59,"column":64}},"21":{"start":{"line":61,"column":22},"end":{"line":61,"column":84}},"22":{"start":{"line":63,"column":39},"end":{"line":63,"column":93}}},"fnMap":{"0":{"name":"(anonymous_0)","decl":{"start":{"line":8,"column":7},"end":{"line":8,"column":8}},"loc":{"start":{"line":8,"column":19},"end":{"line":10,"column":3}},"line":8},"1":{"name":"(anonymous_1)","decl":{"start":{"line":14,"column":7},"end":{"line":14,"column":8}},"loc":{"start":{"line":14,"column":19},"end":{"line":16,"column":3}},"line":14},"2":{"name":"(anonymous_2)","decl":{"start":{"line":20,"column":7},"end":{"line":20,"column":8}},"loc":{"start":{"line":20,"column":19},"end":{"line":22,"column":3}},"line":20},"3":{"name":"(anonymous_3)","decl":{"start":{"line":26,"column":7},"end":{"line":26,"column":8}},"loc":{"start":{"line":26,"column":19},"end":{"line":28,"column":3}},"line":26},"4":{"name":"(anonymous_4)","decl":{"start":{"line":32,"column":7},"end":{"line":32,"column":8}},"loc":{"start":{"line":32,"column":19},"end":{"line":34,"column":3}},"line":32},"5":{"name":"(anonymous_5)","decl":{"start":{"line":38,"column":7},"end":{"line":38,"column":8}},"loc":{"start":{"line":38,"column":19},"end":{"line":40,"column":3}},"line":38},"6":{"name":"(anonymous_6)","decl":{"start":{"line":44,"column":7},"end":{"line":44,"column":8}},"loc":{"start":{"line":44,"column":19},"end":{"line":46,"column":3}},"line":44},"7":{"name":"_interopRequireDefault","decl":{"start":{"line":63,"column":9},"end":{"line":63,"column":31}},"loc":{"start":{"line":63,"column":37},"end":{"line":63,"column":95}},"line":63}},"branchMap":{"0":{"loc":{"start":{"line":63,"column":46},"end":{"line":63,"column":92}},"type":"cond-expr","locations":[{"start":{"line":63,"column":70},"end":{"line":63,"column":73}},{"start":{"line":63,"column":76},"end":{"line":63,"column":92}}],"line":63},"1":{"loc":{"start":{"line":63,"column":46},"end":{"line":63,"column":67}},"type":"binary-expr","locations":[{"start":{"line":63,"column":46},"end":{"line":63,"column":49}},{"start":{"line":63,"column":53},"end":{"line":63,"column":67}}],"line":63}},"s":{"0":1,"1":1,"2":3,"3":1,"4":5,"5":1,"6":2,"7":1,"8":6,"9":1,"10":5,"11":1,"12":2,"13":1,"14":4,"15":1,"16":1,"17":1,"18":1,"19":1,"20":1,"21":1,"22":7},"f":{"0":3,"1":5,"2":2,"3":6,"4":5,"5":2,"6":4,"7":7},"b":{"0":[7,0],"1":[7,7]},"inputSourceMap":{"version":3,"sources":["index.js"],"names":[],"mappings":";;;;;;;;;;;;;;;;;;;;;;;;;;;;;;;;;;;;;;;;;;;;;;;;AAAA;;AACA;;AACA;;AACA;;AACA;;AACA;;AACA","sourceRoot":"/media/sostene/New Volume/Andela/mybrand-backend/src/controllers/","sourcesContent":["export { default as SampleController } from \"./Sample.controller\";\nexport { default as MessageController } from \"./Message.controller\";\nexport { default as ArticleController } from \"./Article.controller\";\nexport { default as CommentController } from \"./Comment.controller\";\nexport { default as ArticleCategoryController } from \"./ArticleCategory.controller\";\nexport { default as UserController } from \"./User.controller\";\nexport { default as AuthenticationController } from \"./Authentication.controller\";\n"]},"_coverageSchema":"1a1c01bbd47fc00a2c39e90264f33305004495a9","hash":"fe3c3043d8696b2db082f3e7b19fb2a742ef4b4d","contentHash":"6d8c8726905a38ffa6c61159224c6dbc493f3de9cab3b1541fb585c67c7861b0"},"/media/sostene/New Volume/Andela/mybrand-backend/src/controllers/Sample.controller.js":{"path":"/media/sostene/New Volume/Andela/mybrand-backend/src/controllers/Sample.controller.js","statementMap":{"0":{"start":{"line":3,"column":0},"end":{"line":5,"column":3}},"1":{"start":{"line":6,"column":0},"end":{"line":6,"column":25}},"2":{"start":{"line":10,"column":4},"end":{"line":13,"column":7}},"3":{"start":{"line":18,"column":0},"end":{"line":18,"column":25}}},"fnMap":{"0":{"name":"(anonymous_0)","decl":{"start":{"line":9,"column":2},"end":{"line":9,"column":3}},"loc":{"start":{"line":9,"column":43},"end":{"line":14,"column":3}},"line":9}},"branchMap":{},"s":{"0":1,"1":1,"2":1,"3":1},"f":{"0":1},"b":{},"inputSourceMap":{"version":3,"sources":["Sample.controller.js"],"names":["Sample","notFound","request","response","status","json","messages"],"mappings":";;;;;;;AAAe,MAAMA,MAAN,CAAa;AACL,eAARC,QAAQ,CAACC,OAAD,EAAUC,QAAV,EAAoB;AACvCA,IAAAA,QAAQ,CAACC,MAAT,CAAgB,GAAhB,EAAqBC,IAArB,CAA0B;AAAED,MAAAA,MAAM,EAAE,GAAV;AAAeE,MAAAA,QAAQ,EAAE;AAAzB,KAA1B;AACD;;AAHyB","sourceRoot":"/media/sostene/New Volume/Andela/mybrand-backend/src/controllers/","sourcesContent":["export default class Sample {\n  static async notFound(request, response) {\n    response.status(404).json({ status: 404, messages: \"Page not found\" });\n  }\n}\n"]},"_coverageSchema":"1a1c01bbd47fc00a2c39e90264f33305004495a9","hash":"5e0d4faa8af905692edcfeeb62f754d2ba9b8b2d","contentHash":"91ab97c4c6f9312a7f7b1f69d50973c10c81910252c74d0927c3a0a2d23b01e6"},"/media/sostene/New Volume/Andela/mybrand-backend/src/controllers/Message.controller.js":{"path":"/media/sostene/New Volume/Andela/mybrand-backend/src/controllers/Message.controller.js","statementMap":{"0":{"start":{"line":3,"column":0},"end":{"line":5,"column":3}},"1":{"start":{"line":6,"column":0},"end":{"line":6,"column":25}},"2":{"start":{"line":8,"column":16},"end":{"line":8,"column":38}},"3":{"start":{"line":12,"column":4},"end":{"line":39,"column":5}},"4":{"start":{"line":18,"column":10},"end":{"line":18,"column":22}},"5":{"start":{"line":19,"column":21},"end":{"line":24,"column":8}},"6":{"start":{"line":25,"column":6},"end":{"line":28,"column":9}},"7":{"start":{"line":25,"column":27},"end":{"line":28,"column":9}},"8":{"start":{"line":29,"column":6},"end":{"line":33,"column":9}},"9":{"start":{"line":35,"column":6},"end":{"line":38,"column":9}},"10":{"start":{"line":43,"column":4},"end":{"line":68,"column":5}},"11":{"start":{"line":48,"column":10},"end":{"line":48,"column":23}},"12":{"start":{"line":49,"column":21},"end":{"line":53,"column":8}},"13":{"start":{"line":54,"column":6},"end":{"line":57,"column":9}},"14":{"start":{"line":54,"column":27},"end":{"line":57,"column":9}},"15":{"start":{"line":58,"column":6},"end":{"line":62,"column":9}},"16":{"start":{"line":64,"column":6},"end":{"line":67,"column":9}},"17":{"start":{"line":72,"column":4},"end":{"line":91,"column":5}},"18":{"start":{"line":75,"column":10},"end":{"line":75,"column":24}},"19":{"start":{"line":76,"column":21},"end":{"line":76,"column":67}},"20":{"start":{"line":77,"column":6},"end":{"line":80,"column":9}},"21":{"start":{"line":77,"column":27},"end":{"line":80,"column":9}},"22":{"start":{"line":81,"column":6},"end":{"line":85,"column":9}},"23":{"start":{"line":87,"column":6},"end":{"line":90,"column":9}},"24":{"start":{"line":95,"column":4},"end":{"line":114,"column":5}},"25":{"start":{"line":98,"column":10},"end":{"line":98,"column":24}},"26":{"start":{"line":99,"column":21},"end":{"line":99,"column":69}},"27":{"start":{"line":100,"column":6},"end":{"line":103,"column":9}},"28":{"start":{"line":100,"column":27},"end":{"line":103,"column":9}},"29":{"start":{"line":104,"column":6},"end":{"line":108,"column":9}},"30":{"start":{"line":110,"column":6},"end":{"line":113,"column":9}},"31":{"start":{"line":118,"column":4},"end":{"line":144,"column":5}},"32":{"start":{"line":121,"column":10},"end":{"line":121,"column":24}},"33":{"start":{"line":125,"column":10},"end":{"line":125,"column":22}},"34":{"start":{"line":126,"column":21},"end":{"line":129,"column":8}},"35":{"start":{"line":130,"column":6},"end":{"line":133,"column":9}},"36":{"start":{"line":130,"column":27},"end":{"line":133,"column":9}},"37":{"start":{"line":134,"column":6},"end":{"line":138,"column":9}},"38":{"start":{"line":140,"column":6},"end":{"line":143,"column":9}},"39":{"start":{"line":149,"column":0},"end":{"line":149,"column":26}}},"fnMap":{"0":{"name":"(anonymous_0)","decl":{"start":{"line":11,"column":2},"end":{"line":11,"column":3}},"loc":{"start":{"line":11,"column":45},"end":{"line":40,"column":3}},"line":11},"1":{"name":"(anonymous_1)","decl":{"start":{"line":42,"column":2},"end":{"line":42,"column":3}},"loc":{"start":{"line":42,"column":48},"end":{"line":69,"column":3}},"line":42},"2":{"name":"(anonymous_2)","decl":{"start":{"line":71,"column":2},"end":{"line":71,"column":3}},"loc":{"start":{"line":71,"column":47},"end":{"line":92,"column":3}},"line":71},"3":{"name":"(anonymous_3)","decl":{"start":{"line":94,"column":2},"end":{"line":94,"column":3}},"loc":{"start":{"line":94,"column":48},"end":{"line":115,"column":3}},"line":94},"4":{"name":"(anonymous_4)","decl":{"start":{"line":117,"column":2},"end":{"line":117,"column":3}},"loc":{"start":{"line":117,"column":48},"end":{"line":145,"column":3}},"line":117}},"branchMap":{"0":{"loc":{"start":{"line":25,"column":6},"end":{"line":28,"column":9}},"type":"if","locations":[{"start":{"line":25,"column":6},"end":{"line":28,"column":9}},{"start":{"line":25,"column":6},"end":{"line":28,"column":9}}],"line":25},"1":{"loc":{"start":{"line":45,"column":8},"end":{"line":45,"column":19}},"type":"default-arg","locations":[{"start":{"line":45,"column":16},"end":{"line":45,"column":19}}],"line":45},"2":{"loc":{"start":{"line":46,"column":8},"end":{"line":46,"column":16}},"type":"default-arg","locations":[{"start":{"line":46,"column":15},"end":{"line":46,"column":16}}],"line":46},"3":{"loc":{"start":{"line":47,"column":8},"end":{"line":47,"column":19}},"type":"default-arg","locations":[{"start":{"line":47,"column":17},"end":{"line":47,"column":19}}],"line":47},"4":{"loc":{"start":{"line":54,"column":6},"end":{"line":57,"column":9}},"type":"if","locations":[{"start":{"line":54,"column":6},"end":{"line":57,"column":9}},{"start":{"line":54,"column":6},"end":{"line":57,"column":9}}],"line":54},"5":{"loc":{"start":{"line":77,"column":6},"end":{"line":80,"column":9}},"type":"if","locations":[{"start":{"line":77,"column":6},"end":{"line":80,"column":9}},{"start":{"line":77,"column":6},"end":{"line":80,"column":9}}],"line":77},"6":{"loc":{"start":{"line":100,"column":6},"end":{"line":103,"column":9}},"type":"if","locations":[{"start":{"line":100,"column":6},"end":{"line":103,"column":9}},{"start":{"line":100,"column":6},"end":{"line":103,"column":9}}],"line":100},"7":{"loc":{"start":{"line":130,"column":6},"end":{"line":133,"column":9}},"type":"if","locations":[{"start":{"line":130,"column":6},"end":{"line":133,"column":9}},{"start":{"line":130,"column":6},"end":{"line":133,"column":9}}],"line":130}},"s":{"0":1,"1":1,"2":1,"3":2,"4":2,"5":2,"6":2,"7":0,"8":2,"9":0,"10":1,"11":1,"12":1,"13":1,"14":0,"15":1,"16":0,"17":2,"18":2,"19":2,"20":2,"21":1,"22":1,"23":0,"24":2,"25":2,"26":2,"27":2,"28":1,"29":1,"30":0,"31":1,"32":1,"33":1,"34":1,"35":1,"36":0,"37":1,"38":0,"39":1},"f":{"0":2,"1":1,"2":2,"3":2,"4":1},"b":{"0":[0,2],"1":[1],"2":[1],"3":[1],"4":[0,1],"5":[1,1],"6":[1,1],"7":[0,1]},"inputSourceMap":{"version":3,"sources":["Message.controller.js"],"names":["Message","addMessage","request","response","name","subject","email","message","body","result","MessageServive","success","status","json","error","fetchMessages","count","skip","filter","query","getMessages","messages","fetchMessage","id","params","getAMessage","deleteMessage","updateMessage","read","reply"],"mappings":";;;;;;;AAAA;;AACe,MAAMA,OAAN,CAAc;AACJ,eAAVC,UAAU,CAACC,OAAD,EAAUC,QAAV,EAAoB;AACzC,QAAI;AACF,YAAM;AAAEC,QAAAA,IAAF;AAAQC,QAAAA,OAAR;AAAiBC,QAAAA,KAAjB;AAAwBC,QAAAA;AAAxB,UAAoCL,OAAO,CAACM,IAAlD;AACA,YAAMC,MAAM,GAAG,MAAMC,yBAAeT,UAAf,CAA0B;AAC7CG,QAAAA,IAD6C;AAE7CC,QAAAA,OAF6C;AAG7CC,QAAAA,KAH6C;AAI7CC,QAAAA;AAJ6C,OAA1B,CAArB;AAMA,UAAI,CAACE,MAAM,CAACE,OAAZ,EACE,OAAOR,QAAQ,CAACS,MAAT,CAAgB,GAAhB,EAAqBC,IAArB,CAA0B;AAAED,QAAAA,MAAM,EAAE,GAAV;AAAeE,QAAAA,KAAK,EAAEL,MAAM,CAACK;AAA7B,OAA1B,CAAP;AACF,aAAOX,QAAQ,CACZS,MADI,CACG,GADH,EAEJC,IAFI,CAEC;AAAED,QAAAA,MAAM,EAAE,GAAV;AAAeD,QAAAA,OAAO,EAAE,IAAxB;AAA8BJ,QAAAA,OAAO,EAAEE,MAAM,CAACF;AAA9C,OAFD,CAAP;AAGD,KAbD,CAaE,OAAOO,KAAP,EAAc;AACdX,MAAAA,QAAQ,CAACS,MAAT,CAAgB,GAAhB,EAAqBC,IAArB,CAA0B;AAAED,QAAAA,MAAM,EAAE,GAAV;AAAeE,QAAAA,KAAK,EAAEA,KAAK,CAACP;AAA5B,OAA1B;AACD;AACF;;AACyB,eAAbQ,aAAa,CAACb,OAAD,EAAUC,QAAV,EAAoB;AAC5C,QAAI;AACF,YAAM;AAAEa,QAAAA,KAAK,GAAG,GAAV;AAAeC,QAAAA,IAAI,GAAG,CAAtB;AAAyBC,QAAAA,MAAM,GAAG;AAAlC,UAAyChB,OAAO,CAACiB,KAAvD;AACA,YAAMV,MAAM,GAAG,MAAMC,yBAAeU,WAAf,CAA2B;AAC9CJ,QAAAA,KAD8C;AAE9CC,QAAAA,IAF8C;AAG9CC,QAAAA;AAH8C,OAA3B,CAArB;AAKA,UAAI,CAACT,MAAM,CAACE,OAAZ,EACE,OAAOR,QAAQ,CAACS,MAAT,CAAgB,GAAhB,EAAqBC,IAArB,CAA0B;AAAED,QAAAA,MAAM,EAAE,GAAV;AAAeE,QAAAA,KAAK,EAAEL,MAAM,CAACK;AAA7B,OAA1B,CAAP;AACF,aAAOX,QAAQ,CACZS,MADI,CACG,GADH,EAEJC,IAFI,CAEC;AAAED,QAAAA,MAAM,EAAE,GAAV;AAAeD,QAAAA,OAAO,EAAE,IAAxB;AAA8BU,QAAAA,QAAQ,EAAEZ,MAAM,CAACY;AAA/C,OAFD,CAAP;AAGD,KAZD,CAYE,OAAOP,KAAP,EAAc;AACdX,MAAAA,QAAQ,CAACS,MAAT,CAAgB,GAAhB,EAAqBC,IAArB,CAA0B;AAAED,QAAAA,MAAM,EAAE,GAAV;AAAeE,QAAAA,KAAK,EAAEA,KAAK,CAACP;AAA5B,OAA1B;AACD;AACF;;AACwB,eAAZe,YAAY,CAACpB,OAAD,EAAUC,QAAV,EAAoB;AAC3C,QAAI;AACF,YAAM;AAAEoB,QAAAA;AAAF,UAASrB,OAAO,CAACsB,MAAvB;AACA,YAAMf,MAAM,GAAG,MAAMC,yBAAee,WAAf,CAA2BF,EAA3B,CAArB;AACA,UAAI,CAACd,MAAM,CAACE,OAAZ,EACE,OAAOR,QAAQ,CAACS,MAAT,CAAgB,GAAhB,EAAqBC,IAArB,CAA0B;AAAED,QAAAA,MAAM,EAAE,GAAV;AAAeE,QAAAA,KAAK,EAAEL,MAAM,CAACK;AAA7B,OAA1B,CAAP;AACF,aAAOX,QAAQ,CACZS,MADI,CACG,GADH,EAEJC,IAFI,CAEC;AAAED,QAAAA,MAAM,EAAE,GAAV;AAAeD,QAAAA,OAAO,EAAE,IAAxB;AAA8BJ,QAAAA,OAAO,EAAEE,MAAM,CAACF;AAA9C,OAFD,CAAP;AAGD,KARD,CAQE,OAAOO,KAAP,EAAc;AACdX,MAAAA,QAAQ,CAACS,MAAT,CAAgB,GAAhB,EAAqBC,IAArB,CAA0B;AAAED,QAAAA,MAAM,EAAE,GAAV;AAAeE,QAAAA,KAAK,EAAEA,KAAK,CAACP;AAA5B,OAA1B;AACD;AACF;;AACyB,eAAbmB,aAAa,CAACxB,OAAD,EAAUC,QAAV,EAAoB;AAC5C,QAAI;AACF,YAAM;AAAEoB,QAAAA;AAAF,UAASrB,OAAO,CAACsB,MAAvB;AACA,YAAMf,MAAM,GAAG,MAAMC,yBAAegB,aAAf,CAA6BH,EAA7B,CAArB;AACA,UAAI,CAACd,MAAM,CAACE,OAAZ,EACE,OAAOR,QAAQ,CAACS,MAAT,CAAgB,GAAhB,EAAqBC,IAArB,CAA0B;AAAED,QAAAA,MAAM,EAAE,GAAV;AAAeE,QAAAA,KAAK,EAAEL,MAAM,CAACK;AAA7B,OAA1B,CAAP;AACF,aAAOX,QAAQ,CACZS,MADI,CACG,GADH,EAEJC,IAFI,CAEC;AAAED,QAAAA,MAAM,EAAE,GAAV;AAAeD,QAAAA,OAAO,EAAE,IAAxB;AAA8BJ,QAAAA,OAAO,EAAEE,MAAM,CAACF;AAA9C,OAFD,CAAP;AAGD,KARD,CAQE,OAAOO,KAAP,EAAc;AACdX,MAAAA,QAAQ,CAACS,MAAT,CAAgB,GAAhB,EAAqBC,IAArB,CAA0B;AAAED,QAAAA,MAAM,EAAE,GAAV;AAAeE,QAAAA,KAAK,EAAEA,KAAK,CAACP;AAA5B,OAA1B;AACD;AACF;;AACyB,eAAboB,aAAa,CAACzB,OAAD,EAAUC,QAAV,EAAoB;AAC5C,QAAI;AACF,YAAM;AAAEoB,QAAAA;AAAF,UAASrB,OAAO,CAACsB,MAAvB;AACA,YAAM;AAAEI,QAAAA,IAAF;AAAQC,QAAAA;AAAR,UAAkB3B,OAAO,CAACM,IAAhC;AACA,YAAMC,MAAM,GAAG,MAAMC,yBAAeiB,aAAf,CAA6BJ,EAA7B,EAAiC;AAAEK,QAAAA,IAAF;AAAQC,QAAAA;AAAR,OAAjC,CAArB;AACA,UAAI,CAACpB,MAAM,CAACE,OAAZ,EACE,OAAOR,QAAQ,CAACS,MAAT,CAAgB,GAAhB,EAAqBC,IAArB,CAA0B;AAAED,QAAAA,MAAM,EAAE,GAAV;AAAeE,QAAAA,KAAK,EAAEL,MAAM,CAACK;AAA7B,OAA1B,CAAP;AACF,aAAOX,QAAQ,CACZS,MADI,CACG,GADH,EAEJC,IAFI,CAEC;AAAED,QAAAA,MAAM,EAAE,GAAV;AAAeD,QAAAA,OAAO,EAAE,IAAxB;AAA8BJ,QAAAA,OAAO,EAAEE,MAAM,CAACF;AAA9C,OAFD,CAAP;AAGD,KATD,CASE,OAAOO,KAAP,EAAc;AACdX,MAAAA,QAAQ,CAACS,MAAT,CAAgB,GAAhB,EAAqBC,IAArB,CAA0B;AAAED,QAAAA,MAAM,EAAE,GAAV;AAAeE,QAAAA,KAAK,EAAEA,KAAK,CAACP;AAA5B,OAA1B;AACD;AACF;;AA3E0B","sourceRoot":"/media/sostene/New Volume/Andela/mybrand-backend/src/controllers/","sourcesContent":["import { MessageServive } from \"../services\";\nexport default class Message {\n  static async addMessage(request, response) {\n    try {\n      const { name, subject, email, message } = request.body;\n      const result = await MessageServive.addMessage({\n        name,\n        subject,\n        email,\n        message,\n      });\n      if (!result.success)\n        return response.status(400).json({ status: 400, error: result.error });\n      return response\n        .status(201)\n        .json({ status: 201, success: true, message: result.message });\n    } catch (error) {\n      response.status(500).json({ status: 500, error: error.message });\n    }\n  }\n  static async fetchMessages(request, response) {\n    try {\n      const { count = 100, skip = 0, filter = {} } = request.query;\n      const result = await MessageServive.getMessages({\n        count,\n        skip,\n        filter,\n      });\n      if (!result.success)\n        return response.status(404).json({ status: 404, error: result.error });\n      return response\n        .status(200)\n        .json({ status: 200, success: true, messages: result.messages });\n    } catch (error) {\n      response.status(500).json({ status: 500, error: error.message });\n    }\n  }\n  static async fetchMessage(request, response) {\n    try {\n      const { id } = request.params;\n      const result = await MessageServive.getAMessage(id);\n      if (!result.success)\n        return response.status(404).json({ status: 404, error: result.error });\n      return response\n        .status(200)\n        .json({ status: 200, success: true, message: result.message });\n    } catch (error) {\n      response.status(500).json({ status: 500, error: error.message });\n    }\n  }\n  static async deleteMessage(request, response) {\n    try {\n      const { id } = request.params;\n      const result = await MessageServive.deleteMessage(id);\n      if (!result.success)\n        return response.status(404).json({ status: 404, error: result.error });\n      return response\n        .status(200)\n        .json({ status: 200, success: true, message: result.message });\n    } catch (error) {\n      response.status(500).json({ status: 500, error: error.message });\n    }\n  }\n  static async updateMessage(request, response) {\n    try {\n      const { id } = request.params;\n      const { read, reply } = request.body;\n      const result = await MessageServive.updateMessage(id, { read, reply });\n      if (!result.success)\n        return response.status(400).json({ status: 400, error: result.error });\n      return response\n        .status(200)\n        .json({ status: 200, success: true, message: result.message });\n    } catch (error) {\n      response.status(500).json({ status: 500, error: error.message });\n    }\n  }\n}\n"]},"_coverageSchema":"1a1c01bbd47fc00a2c39e90264f33305004495a9","hash":"550250dc9e46bbd6d8839ee15ec2b8e8ea81ff82","contentHash":"e40bdd2cbb7e132deb86a87259649ce86148bcfc6e88ccc482d0e13e2ba51332"},"/media/sostene/New Volume/Andela/mybrand-backend/src/services/index.js":{"path":"/media/sostene/New Volume/Andela/mybrand-backend/src/services/index.js","statementMap":{"0":{"start":{"line":3,"column":0},"end":{"line":5,"column":3}},"1":{"start":{"line":6,"column":0},"end":{"line":11,"column":3}},"2":{"start":{"line":9,"column":4},"end":{"line":9,"column":28}},"3":{"start":{"line":12,"column":0},"end":{"line":17,"column":3}},"4":{"start":{"line":15,"column":4},"end":{"line":15,"column":28}},"5":{"start":{"line":18,"column":0},"end":{"line":23,"column":3}},"6":{"start":{"line":21,"column":4},"end":{"line":21,"column":25}},"7":{"start":{"line":25,"column":15},"end":{"line":25,"column":67}},"8":{"start":{"line":27,"column":15},"end":{"line":27,"column":67}},"9":{"start":{"line":29,"column":12},"end":{"line":29,"column":61}},"10":{"start":{"line":31,"column":39},"end":{"line":31,"column":93}}},"fnMap":{"0":{"name":"(anonymous_0)","decl":{"start":{"line":8,"column":7},"end":{"line":8,"column":8}},"loc":{"start":{"line":8,"column":19},"end":{"line":10,"column":3}},"line":8},"1":{"name":"(anonymous_1)","decl":{"start":{"line":14,"column":7},"end":{"line":14,"column":8}},"loc":{"start":{"line":14,"column":19},"end":{"line":16,"column":3}},"line":14},"2":{"name":"(anonymous_2)","decl":{"start":{"line":20,"column":7},"end":{"line":20,"column":8}},"loc":{"start":{"line":20,"column":19},"end":{"line":22,"column":3}},"line":20},"3":{"name":"_interopRequireDefault","decl":{"start":{"line":31,"column":9},"end":{"line":31,"column":31}},"loc":{"start":{"line":31,"column":37},"end":{"line":31,"column":95}},"line":31}},"branchMap":{"0":{"loc":{"start":{"line":31,"column":46},"end":{"line":31,"column":92}},"type":"cond-expr","locations":[{"start":{"line":31,"column":70},"end":{"line":31,"column":73}},{"start":{"line":31,"column":76},"end":{"line":31,"column":92}}],"line":31},"1":{"loc":{"start":{"line":31,"column":46},"end":{"line":31,"column":67}},"type":"binary-expr","locations":[{"start":{"line":31,"column":46},"end":{"line":31,"column":49}},{"start":{"line":31,"column":53},"end":{"line":31,"column":67}}],"line":31}},"s":{"0":1,"1":1,"2":0,"3":1,"4":8,"5":1,"6":6,"7":1,"8":1,"9":1,"10":3},"f":{"0":0,"1":8,"2":6,"3":3},"b":{"0":[3,0],"1":[3,3]},"inputSourceMap":{"version":3,"sources":["index.js"],"names":[],"mappings":";;;;;;;;;;;;;;;;;;;;;;;;AAAA;;AACA;;AACA","sourceRoot":"/media/sostene/New Volume/Andela/mybrand-backend/src/services/","sourcesContent":["export { default as MessageServive } from \"./Message.service\";\nexport { default as ArticleServive } from \"./Article.service\";\nexport { default as UserServive } from \"./User.service\";\n"]},"_coverageSchema":"1a1c01bbd47fc00a2c39e90264f33305004495a9","hash":"aeb6705e833c22724688711c229bf3c2e17cae20","contentHash":"5054901091ab40675a944e3f56c3edb1dc392e1048016c99b358fa04027a03f5"},"/media/sostene/New Volume/Andela/mybrand-backend/src/services/Message.service.js":{"path":"/media/sostene/New Volume/Andela/mybrand-backend/src/services/Message.service.js","statementMap":{"0":{"start":{"line":3,"column":0},"end":{"line":5,"column":3}},"1":{"start":{"line":6,"column":0},"end":{"line":6,"column":25}},"2":{"start":{"line":8,"column":15},"end":{"line":8,"column":67}},"3":{"start":{"line":10,"column":39},"end":{"line":10,"column":93}},"4":{"start":{"line":19,"column":4},"end":{"line":35,"column":5}},"5":{"start":{"line":20,"column":22},"end":{"line":25,"column":8}},"6":{"start":{"line":26,"column":6},"end":{"line":26,"column":27}},"7":{"start":{"line":27,"column":6},"end":{"line":30,"column":8}},"8":{"start":{"line":32,"column":6},"end":{"line":34,"column":8}},"9":{"start":{"line":43,"column":4},"end":{"line":58,"column":5}},"10":{"start":{"line":44,"column":23},"end":{"line":44,"column":90}},"11":{"start":{"line":45,"column":6},"end":{"line":48,"column":8}},"12":{"start":{"line":45,"column":21},"end":{"line":48,"column":8}},"13":{"start":{"line":49,"column":6},"end":{"line":52,"column":8}},"14":{"start":{"line":54,"column":6},"end":{"line":57,"column":8}},"15":{"start":{"line":62,"column":4},"end":{"line":79,"column":5}},"16":{"start":{"line":63,"column":22},"end":{"line":65,"column":8}},"17":{"start":{"line":66,"column":6},"end":{"line":69,"column":8}},"18":{"start":{"line":66,"column":20},"end":{"line":69,"column":8}},"19":{"start":{"line":70,"column":6},"end":{"line":73,"column":8}},"20":{"start":{"line":75,"column":6},"end":{"line":78,"column":8}},"21":{"start":{"line":86,"column":4},"end":{"line":106,"column":5}},"22":{"start":{"line":87,"column":22},"end":{"line":89,"column":8}},"23":{"start":{"line":90,"column":6},"end":{"line":93,"column":8}},"24":{"start":{"line":90,"column":20},"end":{"line":93,"column":8}},"25":{"start":{"line":94,"column":6},"end":{"line":94,"column":43}},"26":{"start":{"line":94,"column":17},"end":{"line":94,"column":43}},"27":{"start":{"line":95,"column":6},"end":{"line":95,"column":36}},"28":{"start":{"line":95,"column":16},"end":{"line":95,"column":36}},"29":{"start":{"line":96,"column":6},"end":{"line":96,"column":27}},"30":{"start":{"line":97,"column":6},"end":{"line":100,"column":8}},"31":{"start":{"line":102,"column":6},"end":{"line":105,"column":8}},"32":{"start":{"line":110,"column":4},"end":{"line":127,"column":5}},"33":{"start":{"line":111,"column":22},"end":{"line":113,"column":8}},"34":{"start":{"line":114,"column":6},"end":{"line":117,"column":8}},"35":{"start":{"line":114,"column":20},"end":{"line":117,"column":8}},"36":{"start":{"line":118,"column":6},"end":{"line":121,"column":8}},"37":{"start":{"line":123,"column":6},"end":{"line":126,"column":8}},"38":{"start":{"line":132,"column":0},"end":{"line":132,"column":33}}},"fnMap":{"0":{"name":"_interopRequireDefault","decl":{"start":{"line":10,"column":9},"end":{"line":10,"column":31}},"loc":{"start":{"line":10,"column":37},"end":{"line":10,"column":95}},"line":10},"1":{"name":"(anonymous_1)","decl":{"start":{"line":13,"column":2},"end":{"line":13,"column":3}},"loc":{"start":{"line":18,"column":5},"end":{"line":36,"column":3}},"line":18},"2":{"name":"(anonymous_2)","decl":{"start":{"line":38,"column":2},"end":{"line":38,"column":3}},"loc":{"start":{"line":42,"column":5},"end":{"line":59,"column":3}},"line":42},"3":{"name":"(anonymous_3)","decl":{"start":{"line":61,"column":2},"end":{"line":61,"column":3}},"loc":{"start":{"line":61,"column":31},"end":{"line":80,"column":3}},"line":61},"4":{"name":"(anonymous_4)","decl":{"start":{"line":82,"column":2},"end":{"line":82,"column":3}},"loc":{"start":{"line":85,"column":5},"end":{"line":107,"column":3}},"line":85},"5":{"name":"(anonymous_5)","decl":{"start":{"line":109,"column":2},"end":{"line":109,"column":3}},"loc":{"start":{"line":109,"column":33},"end":{"line":128,"column":3}},"line":109}},"branchMap":{"0":{"loc":{"start":{"line":10,"column":46},"end":{"line":10,"column":92}},"type":"cond-expr","locations":[{"start":{"line":10,"column":70},"end":{"line":10,"column":73}},{"start":{"line":10,"column":76},"end":{"line":10,"column":92}}],"line":10},"1":{"loc":{"start":{"line":10,"column":46},"end":{"line":10,"column":67}},"type":"binary-expr","locations":[{"start":{"line":10,"column":46},"end":{"line":10,"column":49}},{"start":{"line":10,"column":53},"end":{"line":10,"column":67}}],"line":10},"2":{"loc":{"start":{"line":39,"column":4},"end":{"line":39,"column":15}},"type":"default-arg","locations":[{"start":{"line":39,"column":12},"end":{"line":39,"column":15}}],"line":39},"3":{"loc":{"start":{"line":40,"column":4},"end":{"line":40,"column":12}},"type":"default-arg","locations":[{"start":{"line":40,"column":11},"end":{"line":40,"column":12}}],"line":40},"4":{"loc":{"start":{"line":41,"column":4},"end":{"line":41,"column":15}},"type":"default-arg","locations":[{"start":{"line":41,"column":13},"end":{"line":41,"column":15}}],"line":41},"5":{"loc":{"start":{"line":45,"column":6},"end":{"line":48,"column":8}},"type":"if","locations":[{"start":{"line":45,"column":6},"end":{"line":48,"column":8}},{"start":{"line":45,"column":6},"end":{"line":48,"column":8}}],"line":45},"6":{"loc":{"start":{"line":66,"column":6},"end":{"line":69,"column":8}},"type":"if","locations":[{"start":{"line":66,"column":6},"end":{"line":69,"column":8}},{"start":{"line":66,"column":6},"end":{"line":69,"column":8}}],"line":66},"7":{"loc":{"start":{"line":90,"column":6},"end":{"line":93,"column":8}},"type":"if","locations":[{"start":{"line":90,"column":6},"end":{"line":93,"column":8}},{"start":{"line":90,"column":6},"end":{"line":93,"column":8}}],"line":90},"8":{"loc":{"start":{"line":94,"column":6},"end":{"line":94,"column":43}},"type":"if","locations":[{"start":{"line":94,"column":6},"end":{"line":94,"column":43}},{"start":{"line":94,"column":6},"end":{"line":94,"column":43}}],"line":94},"9":{"loc":{"start":{"line":95,"column":6},"end":{"line":95,"column":36}},"type":"if","locations":[{"start":{"line":95,"column":6},"end":{"line":95,"column":36}},{"start":{"line":95,"column":6},"end":{"line":95,"column":36}}],"line":95},"10":{"loc":{"start":{"line":114,"column":6},"end":{"line":117,"column":8}},"type":"if","locations":[{"start":{"line":114,"column":6},"end":{"line":117,"column":8}},{"start":{"line":114,"column":6},"end":{"line":117,"column":8}}],"line":114}},"s":{"0":1,"1":1,"2":1,"3":1,"4":2,"5":2,"6":2,"7":2,"8":0,"9":1,"10":1,"11":1,"12":0,"13":1,"14":0,"15":2,"16":2,"17":2,"18":1,"19":1,"20":0,"21":1,"22":1,"23":1,"24":0,"25":1,"26":1,"27":1,"28":1,"29":1,"30":1,"31":0,"32":2,"33":2,"34":2,"35":1,"36":1,"37":0,"38":1},"f":{"0":1,"1":2,"2":1,"3":2,"4":1,"5":2},"b":{"0":[1,0],"1":[1,1],"2":[0],"3":[0],"4":[0],"5":[0,1],"6":[1,1],"7":[0,1],"8":[1,0],"9":[1,0],"10":[1,1]},"inputSourceMap":{"version":3,"sources":["Message.service.js"],"names":["MessageServive","addMessage","name","subject","email","message","userMessage","Message","save","success","error","getMessages","count","skip","filter","messages","find","limit","getAMessage","id","findOne","_id","updateMessage","reply","read","push","deleteMessage","findOneAndDelete"],"mappings":";;;;;;;AAAA;;;;AACe,MAAMA,cAAN,CAAqB;AACX,eAAVC,UAAU,CAAC;AAAEC,IAAAA,IAAF;AAAQC,IAAAA,OAAR;AAAiBC,IAAAA,KAAjB;AAAwBC,IAAAA,OAAO,EAAEC;AAAjC,GAAD,EAAiD;AACtE,QAAI;AACF,YAAMD,OAAO,GAAG,IAAIE,gBAAJ,CAAY;AAC1BL,QAAAA,IAD0B;AAE1BC,QAAAA,OAF0B;AAG1BC,QAAAA,KAH0B;AAI1BC,QAAAA,OAAO,EAAEC;AAJiB,OAAZ,CAAhB;AAMA,YAAMD,OAAO,CAACG,IAAR,EAAN;AACA,aAAO;AAAEC,QAAAA,OAAO,EAAE,IAAX;AAAiBJ,QAAAA;AAAjB,OAAP;AACD,KATD,CASE,OAAOK,KAAP,EAAc;AACd,aAAO;AAAEA,QAAAA,KAAK,EAAEA,KAAK,CAACL;AAAf,OAAP;AACD;AACF;;AAEuB,eAAXM,WAAW,CAAC;AAAEC,IAAAA,KAAK,GAAG,GAAV;AAAeC,IAAAA,IAAI,GAAG,CAAtB;AAAyBC,IAAAA,MAAM,GAAG;AAAlC,GAAD,EAAyC;AAC/D,QAAI;AACF,YAAMC,QAAQ,GAAG,MAAMR,iBAAQS,IAAR,CAAaF,MAAb,EACpBG,KADoB,CACdL,KADc,EAEpBC,IAFoB,CAEfD,KAAK,GAAGC,IAFO,CAAvB;AAGA,UAAI,CAACE,QAAL,EAAe,OAAO;AAAEN,QAAAA,OAAO,EAAE,KAAX;AAAkBC,QAAAA,KAAK,EAAE;AAAzB,OAAP;AACf,aAAO;AAAED,QAAAA,OAAO,EAAE,IAAX;AAAiBM,QAAAA;AAAjB,OAAP;AACD,KAND,CAME,OAAOL,KAAP,EAAc;AACd,aAAO;AAAED,QAAAA,OAAO,EAAE,KAAX;AAAkBC,QAAAA,KAAK,EAAEA,KAAK,CAACL;AAA/B,OAAP;AACD;AACF;;AACuB,eAAXa,WAAW,CAACC,EAAD,EAAK;AAC3B,QAAI;AACF,YAAMd,OAAO,GAAG,MAAME,iBAAQa,OAAR,CAAgB;AAAEC,QAAAA,GAAG,EAAEF;AAAP,OAAhB,CAAtB;AACA,UAAI,CAACd,OAAL,EAAc,OAAO;AAAEI,QAAAA,OAAO,EAAE,KAAX;AAAkBC,QAAAA,KAAK,EAAE;AAAzB,OAAP;AACd,aAAO;AAAED,QAAAA,OAAO,EAAE,IAAX;AAAiBJ,QAAAA;AAAjB,OAAP;AACD,KAJD,CAIE,OAAOK,KAAP,EAAc;AACd,aAAO;AAAED,QAAAA,OAAO,EAAE,KAAX;AAAkBC,QAAAA,KAAK,EAAEA,KAAK,CAACL;AAA/B,OAAP;AACD;AACF;;AACyB,eAAbiB,aAAa,CAACH,EAAD,EAAK;AAAEI,IAAAA,KAAF;AAASC,IAAAA;AAAT,GAAL,EAAsB;AAC9C,QAAI;AACF,YAAMnB,OAAO,GAAG,MAAME,iBAAQa,OAAR,CAAgB;AAAEC,QAAAA,GAAG,EAAEF;AAAP,OAAhB,CAAtB;AACA,UAAI,CAACd,OAAL,EAAc,OAAO;AAAEI,QAAAA,OAAO,EAAE,KAAX;AAAkBC,QAAAA,KAAK,EAAE;AAAzB,OAAP;AACd,UAAIa,KAAJ,EAAWlB,OAAO,CAACkB,KAAR,CAAcE,IAAd,CAAmBF,KAAnB;AACX,UAAIC,IAAJ,EAAUnB,OAAO,CAACmB,IAAR,GAAeA,IAAf;AACV,YAAMnB,OAAO,CAACG,IAAR,EAAN;AACA,aAAO;AAAEC,QAAAA,OAAO,EAAE,IAAX;AAAiBJ,QAAAA;AAAjB,OAAP;AACD,KAPD,CAOE,OAAOK,KAAP,EAAc;AACd,aAAO;AAAED,QAAAA,OAAO,EAAE,KAAX;AAAkBC,QAAAA,KAAK,EAAEA,KAAK,CAACL;AAA/B,OAAP;AACD;AACF;;AACyB,eAAbqB,aAAa,CAACP,EAAD,EAAK;AAC7B,QAAI;AACF,YAAMd,OAAO,GAAG,MAAME,iBAAQoB,gBAAR,CAAyB;AAAEN,QAAAA,GAAG,EAAEF;AAAP,OAAzB,CAAtB;AACA,UAAI,CAACd,OAAL,EAAc,OAAO;AAAEI,QAAAA,OAAO,EAAE,KAAX;AAAkBC,QAAAA,KAAK,EAAE;AAAzB,OAAP;AACd,aAAO;AAAED,QAAAA,OAAO,EAAE,IAAX;AAAiBJ,QAAAA;AAAjB,OAAP;AACD,KAJD,CAIE,OAAOK,KAAP,EAAc;AACd,aAAO;AAAED,QAAAA,OAAO,EAAE,KAAX;AAAkBC,QAAAA,KAAK,EAAEA,KAAK,CAACL;AAA/B,OAAP;AACD;AACF;;AAxDiC","sourceRoot":"/media/sostene/New Volume/Andela/mybrand-backend/src/services/","sourcesContent":["import Message from \"../models/Message\";\nexport default class MessageServive {\n  static async addMessage({ name, subject, email, message: userMessage }) {\n    try {\n      const message = new Message({\n        name,\n        subject,\n        email,\n        message: userMessage,\n      });\n      await message.save();\n      return { success: true, message };\n    } catch (error) {\n      return { error: error.message };\n    }\n  }\n\n  static async getMessages({ count = 100, skip = 0, filter = {} }) {\n    try {\n      const messages = await Message.find(filter)\n        .limit(count)\n        .skip(count * skip);\n      if (!messages) return { success: false, error: \"Messages not found\" };\n      return { success: true, messages };\n    } catch (error) {\n      return { success: false, error: error.message };\n    }\n  }\n  static async getAMessage(id) {\n    try {\n      const message = await Message.findOne({ _id: id });\n      if (!message) return { success: false, error: \"Message not found\" };\n      return { success: true, message };\n    } catch (error) {\n      return { success: false, error: error.message };\n    }\n  }\n  static async updateMessage(id, { reply, read }) {\n    try {\n      const message = await Message.findOne({ _id: id });\n      if (!message) return { success: false, error: \"Message not found\" };\n      if (reply) message.reply.push(reply);\n      if (read) message.read = read;\n      await message.save();\n      return { success: true, message };\n    } catch (error) {\n      return { success: false, error: error.message };\n    }\n  }\n  static async deleteMessage(id) {\n    try {\n      const message = await Message.findOneAndDelete({ _id: id });\n      if (!message) return { success: false, error: \"Message not found\" };\n      return { success: true, message };\n    } catch (error) {\n      return { success: false, error: error.message };\n    }\n  }\n}\n"]},"_coverageSchema":"1a1c01bbd47fc00a2c39e90264f33305004495a9","hash":"6d89feb506c601aebbd0c006cb8aef56f5f99536","contentHash":"0c952c6a903521f66caf0b5291bf84acd1d40608a887629b528277a768f63cc7"},"/media/sostene/New Volume/Andela/mybrand-backend/src/models/Message.js":{"path":"/media/sostene/New Volume/Andela/mybrand-backend/src/models/Message.js","statementMap":{"0":{"start":{"line":3,"column":0},"end":{"line":5,"column":3}},"1":{"start":{"line":6,"column":0},"end":{"line":6,"column":25}},"2":{"start":{"line":8,"column":16},"end":{"line":8,"column":59}},"3":{"start":{"line":10,"column":39},"end":{"line":10,"column":93}},"4":{"start":{"line":12,"column":22},"end":{"line":40,"column":2}},"5":{"start":{"line":42,"column":15},"end":{"line":42,"column":64}},"6":{"start":{"line":44,"column":0},"end":{"line":44,"column":27}}},"fnMap":{"0":{"name":"_interopRequireDefault","decl":{"start":{"line":10,"column":9},"end":{"line":10,"column":31}},"loc":{"start":{"line":10,"column":37},"end":{"line":10,"column":95}},"line":10}},"branchMap":{"0":{"loc":{"start":{"line":10,"column":46},"end":{"line":10,"column":92}},"type":"cond-expr","locations":[{"start":{"line":10,"column":70},"end":{"line":10,"column":73}},{"start":{"line":10,"column":76},"end":{"line":10,"column":92}}],"line":10},"1":{"loc":{"start":{"line":10,"column":46},"end":{"line":10,"column":67}},"type":"binary-expr","locations":[{"start":{"line":10,"column":46},"end":{"line":10,"column":49}},{"start":{"line":10,"column":53},"end":{"line":10,"column":67}}],"line":10}},"s":{"0":1,"1":1,"2":1,"3":1,"4":1,"5":1,"6":1},"f":{"0":1},"b":{"0":[0,1],"1":[1,1]},"inputSourceMap":{"version":3,"sources":["Message.js"],"names":["messageSchema","mongoose","Schema","name","type","String","required","email","subject","default","message","read","Boolean","reply","timestamps","model"],"mappings":";;;;;;;AAAA;;;;AACA,MAAMA,aAAa,GAAG,IAAIC,kBAASC,MAAb,CACpB;AACEC,EAAAA,IAAI,EAAE;AAAEC,IAAAA,IAAI,EAAEC,MAAR;AAAgBC,IAAAA,QAAQ,EAAE;AAA1B,GADR;AAEEC,EAAAA,KAAK,EAAE;AAAEH,IAAAA,IAAI,EAAEC,MAAR;AAAgBC,IAAAA,QAAQ,EAAE;AAA1B,GAFT;AAGEE,EAAAA,OAAO,EAAE;AAAEJ,IAAAA,IAAI,EAAEC,MAAR;AAAgBC,IAAAA,QAAQ,EAAE,IAA1B;AAAgCG,IAAAA,OAAO,EAAE;AAAzC,GAHX;AAIEC,EAAAA,OAAO,EAAE;AAAEN,IAAAA,IAAI,EAAEC,MAAR;AAAgBC,IAAAA,QAAQ,EAAE;AAA1B,GAJX;AAKEK,EAAAA,IAAI,EAAE;AAAEP,IAAAA,IAAI,EAAEQ,OAAR;AAAiBN,IAAAA,QAAQ,EAAE,IAA3B;AAAiCG,IAAAA,OAAO,EAAE;AAA1C,GALR;AAMEI,EAAAA,KAAK,EAAE,CAAC;AAAET,IAAAA,IAAI,EAAEC;AAAR,GAAD;AANT,CADoB,EASpB;AAAES,EAAAA,UAAU,EAAE;AAAd,CAToB,CAAtB;;eAWeb,kBAASc,KAAT,CAAe,SAAf,EAA0Bf,aAA1B,C","sourceRoot":"/media/sostene/New Volume/Andela/mybrand-backend/src/models/","sourcesContent":["import mongoose from \"mongoose\";\nconst messageSchema = new mongoose.Schema(\n  {\n    name: { type: String, required: true },\n    email: { type: String, required: true },\n    subject: { type: String, required: true, default: \"A message\" },\n    message: { type: String, required: true },\n    read: { type: Boolean, required: true, default: false },\n    reply: [{ type: String }],\n  },\n  { timestamps: true }\n);\nexport default mongoose.model(\"Message\", messageSchema);\n"]},"_coverageSchema":"1a1c01bbd47fc00a2c39e90264f33305004495a9","hash":"08f006cd6c87e71f93f2e1d2d0013243481f62be","contentHash":"ea30bcaa48f62b3097fb0b94a58112d04634dda156bb69f27e4ea8c60d6d9108"},"/media/sostene/New Volume/Andela/mybrand-backend/src/services/Article.service.js":{"path":"/media/sostene/New Volume/Andela/mybrand-backend/src/services/Article.service.js","statementMap":{"0":{"start":{"line":3,"column":0},"end":{"line":5,"column":3}},"1":{"start":{"line":6,"column":0},"end":{"line":6,"column":25}},"2":{"start":{"line":8,"column":14},"end":{"line":8,"column":34}},"3":{"start":{"line":10,"column":16},"end":{"line":10,"column":46}},"4":{"start":{"line":12,"column":14},"end":{"line":12,"column":34}},"5":{"start":{"line":24,"column":4},"end":{"line":72,"column":5}},"6":{"start":{"line":25,"column":27},"end":{"line":25,"column":109}},"7":{"start":{"line":26,"column":6},"end":{"line":29,"column":8}},"8":{"start":{"line":26,"column":25},"end":{"line":29,"column":8}},"9":{"start":{"line":30,"column":22},"end":{"line":40,"column":8}},"10":{"start":{"line":41,"column":6},"end":{"line":41,"column":27}},"11":{"start":{"line":43,"column":6},"end":{"line":61,"column":7}},"12":{"start":{"line":44,"column":8},"end":{"line":44,"column":66}},"13":{"start":{"line":44,"column":54},"end":{"line":44,"column":64}},"14":{"start":{"line":46,"column":8},"end":{"line":58,"column":9}},"15":{"start":{"line":47,"column":10},"end":{"line":47,"column":66}},"16":{"start":{"line":48,"column":25},"end":{"line":50,"column":12}},"17":{"start":{"line":51,"column":10},"end":{"line":54,"column":13}},"18":{"start":{"line":51,"column":25},"end":{"line":54,"column":13}},"19":{"start":{"line":55,"column":10},"end":{"line":55,"column":46}},"20":{"start":{"line":56,"column":10},"end":{"line":56,"column":32}},"21":{"start":{"line":57,"column":10},"end":{"line":57,"column":48}},"22":{"start":{"line":60,"column":8},"end":{"line":60,"column":29}},"23":{"start":{"line":63,"column":6},"end":{"line":66,"column":8}},"24":{"start":{"line":68,"column":6},"end":{"line":71,"column":8}},"25":{"start":{"line":84,"column":4},"end":{"line":138,"column":5}},"26":{"start":{"line":85,"column":22},"end":{"line":87,"column":8}},"27":{"start":{"line":88,"column":6},"end":{"line":91,"column":8}},"28":{"start":{"line":88,"column":20},"end":{"line":91,"column":8}},"29":{"start":{"line":92,"column":6},"end":{"line":92,"column":39}},"30":{"start":{"line":92,"column":17},"end":{"line":92,"column":39}},"31":{"start":{"line":93,"column":6},"end":{"line":93,"column":45}},"32":{"start":{"line":93,"column":19},"end":{"line":93,"column":45}},"33":{"start":{"line":94,"column":6},"end":{"line":94,"column":45}},"34":{"start":{"line":94,"column":19},"end":{"line":94,"column":45}},"35":{"start":{"line":95,"column":6},"end":{"line":95,"column":53}},"36":{"start":{"line":95,"column":21},"end":{"line":95,"column":53}},"37":{"start":{"line":96,"column":6},"end":{"line":96,"column":50}},"38":{"start":{"line":96,"column":20},"end":{"line":96,"column":50}},"39":{"start":{"line":98,"column":6},"end":{"line":126,"column":7}},"40":{"start":{"line":99,"column":8},"end":{"line":106,"column":11}},"41":{"start":{"line":100,"column":25},"end":{"line":102,"column":12}},"42":{"start":{"line":103,"column":10},"end":{"line":103,"column":32}},"43":{"start":{"line":103,"column":25},"end":{"line":103,"column":32}},"44":{"start":{"line":104,"column":10},"end":{"line":104,"column":37}},"45":{"start":{"line":105,"column":10},"end":{"line":105,"column":32}},"46":{"start":{"line":107,"column":8},"end":{"line":107,"column":32}},"47":{"start":{"line":108,"column":8},"end":{"line":108,"column":29}},"48":{"start":{"line":109,"column":8},"end":{"line":109,"column":66}},"49":{"start":{"line":109,"column":54},"end":{"line":109,"column":64}},"50":{"start":{"line":111,"column":8},"end":{"line":123,"column":9}},"51":{"start":{"line":112,"column":10},"end":{"line":112,"column":66}},"52":{"start":{"line":113,"column":25},"end":{"line":115,"column":12}},"53":{"start":{"line":116,"column":10},"end":{"line":119,"column":13}},"54":{"start":{"line":116,"column":25},"end":{"line":119,"column":13}},"55":{"start":{"line":120,"column":10},"end":{"line":120,"column":92}},"56":{"start":{"line":120,"column":56},"end":{"line":120,"column":92}},"57":{"start":{"line":121,"column":10},"end":{"line":121,"column":32}},"58":{"start":{"line":122,"column":10},"end":{"line":122,"column":48}},"59":{"start":{"line":125,"column":8},"end":{"line":125,"column":29}},"60":{"start":{"line":128,"column":6},"end":{"line":128,"column":27}},"61":{"start":{"line":129,"column":6},"end":{"line":132,"column":8}},"62":{"start":{"line":134,"column":6},"end":{"line":137,"column":8}},"63":{"start":{"line":147,"column":4},"end":{"line":165,"column":5}},"64":{"start":{"line":149,"column":6},"end":{"line":151,"column":62}},"65":{"start":{"line":149,"column":23},"end":{"line":149,"column":101}},"66":{"start":{"line":149,"column":106},"end":{"line":151,"column":62}},"67":{"start":{"line":152,"column":6},"end":{"line":155,"column":8}},"68":{"start":{"line":152,"column":21},"end":{"line":155,"column":8}},"69":{"start":{"line":156,"column":6},"end":{"line":159,"column":8}},"70":{"start":{"line":161,"column":6},"end":{"line":164,"column":8}},"71":{"start":{"line":169,"column":4},"end":{"line":191,"column":5}},"72":{"start":{"line":170,"column":22},"end":{"line":177,"column":8}},"73":{"start":{"line":178,"column":6},"end":{"line":181,"column":8}},"74":{"start":{"line":178,"column":20},"end":{"line":181,"column":8}},"75":{"start":{"line":182,"column":6},"end":{"line":185,"column":8}},"76":{"start":{"line":187,"column":6},"end":{"line":190,"column":8}},"77":{"start":{"line":195,"column":4},"end":{"line":227,"column":5}},"78":{"start":{"line":196,"column":22},"end":{"line":198,"column":8}},"79":{"start":{"line":199,"column":6},"end":{"line":202,"column":8}},"80":{"start":{"line":199,"column":20},"end":{"line":202,"column":8}},"81":{"start":{"line":203,"column":6},"end":{"line":209,"column":9}},"82":{"start":{"line":203,"column":28},"end":{"line":209,"column":9}},"83":{"start":{"line":204,"column":22},"end":{"line":204,"column":71}},"84":{"start":{"line":206,"column":8},"end":{"line":208,"column":9}},"85":{"start":{"line":207,"column":10},"end":{"line":207,"column":66}},"86":{"start":{"line":210,"column":6},"end":{"line":217,"column":9}},"87":{"start":{"line":210,"column":30},"end":{"line":217,"column":9}},"88":{"start":{"line":211,"column":23},"end":{"line":213,"column":10}},"89":{"start":{"line":214,"column":8},"end":{"line":214,"column":30}},"90":{"start":{"line":214,"column":23},"end":{"line":214,"column":30}},"91":{"start":{"line":215,"column":8},"end":{"line":215,"column":35}},"92":{"start":{"line":216,"column":8},"end":{"line":216,"column":30}},"93":{"start":{"line":218,"column":6},"end":{"line":221,"column":8}},"94":{"start":{"line":223,"column":6},"end":{"line":226,"column":8}},"95":{"start":{"line":235,"column":4},"end":{"line":260,"column":5}},"96":{"start":{"line":236,"column":22},"end":{"line":238,"column":8}},"97":{"start":{"line":239,"column":6},"end":{"line":242,"column":8}},"98":{"start":{"line":239,"column":20},"end":{"line":242,"column":8}},"99":{"start":{"line":243,"column":30},"end":{"line":245,"column":8}},"100":{"start":{"line":246,"column":6},"end":{"line":246,"column":50}},"101":{"start":{"line":246,"column":18},"end":{"line":246,"column":50}},"102":{"start":{"line":247,"column":6},"end":{"line":247,"column":33}},"103":{"start":{"line":248,"column":6},"end":{"line":248,"column":35}},"104":{"start":{"line":249,"column":6},"end":{"line":249,"column":124}},"105":{"start":{"line":249,"column":35},"end":{"line":249,"column":78}},"106":{"start":{"line":249,"column":83},"end":{"line":249,"column":124}},"107":{"start":{"line":250,"column":6},"end":{"line":250,"column":27}},"108":{"start":{"line":251,"column":6},"end":{"line":254,"column":8}},"109":{"start":{"line":256,"column":6},"end":{"line":259,"column":8}},"110":{"start":{"line":264,"column":4},"end":{"line":283,"column":5}},"111":{"start":{"line":265,"column":22},"end":{"line":267,"column":8}},"112":{"start":{"line":268,"column":6},"end":{"line":271,"column":8}},"113":{"start":{"line":268,"column":20},"end":{"line":271,"column":8}},"114":{"start":{"line":272,"column":6},"end":{"line":272,"column":34}},"115":{"start":{"line":273,"column":6},"end":{"line":273,"column":27}},"116":{"start":{"line":274,"column":6},"end":{"line":277,"column":8}},"117":{"start":{"line":279,"column":6},"end":{"line":282,"column":8}},"118":{"start":{"line":291,"column":4},"end":{"line":317,"column":5}},"119":{"start":{"line":292,"column":22},"end":{"line":294,"column":8}},"120":{"start":{"line":295,"column":6},"end":{"line":298,"column":8}},"121":{"start":{"line":295,"column":20},"end":{"line":298,"column":8}},"122":{"start":{"line":300,"column":6},"end":{"line":303,"column":7}},"123":{"start":{"line":301,"column":8},"end":{"line":301,"column":43}},"124":{"start":{"line":302,"column":8},"end":{"line":302,"column":30}},"125":{"start":{"line":305,"column":6},"end":{"line":305,"column":59}},"126":{"start":{"line":305,"column":26},"end":{"line":305,"column":59}},"127":{"start":{"line":306,"column":6},"end":{"line":306,"column":36}},"128":{"start":{"line":306,"column":16},"end":{"line":306,"column":36}},"129":{"start":{"line":307,"column":6},"end":{"line":307,"column":27}},"130":{"start":{"line":308,"column":6},"end":{"line":311,"column":8}},"131":{"start":{"line":313,"column":6},"end":{"line":316,"column":8}},"132":{"start":{"line":324,"column":4},"end":{"line":348,"column":5}},"133":{"start":{"line":325,"column":26},"end":{"line":327,"column":8}},"134":{"start":{"line":328,"column":6},"end":{"line":331,"column":8}},"135":{"start":{"line":328,"column":24},"end":{"line":331,"column":8}},"136":{"start":{"line":332,"column":30},"end":{"line":335,"column":8}},"137":{"start":{"line":336,"column":6},"end":{"line":336,"column":35}},"138":{"start":{"line":337,"column":6},"end":{"line":337,"column":50}},"139":{"start":{"line":338,"column":6},"end":{"line":338,"column":31}},"140":{"start":{"line":339,"column":6},"end":{"line":342,"column":8}},"141":{"start":{"line":344,"column":6},"end":{"line":347,"column":8}},"142":{"start":{"line":352,"column":4},"end":{"line":369,"column":5}},"143":{"start":{"line":353,"column":22},"end":{"line":355,"column":26}},"144":{"start":{"line":356,"column":6},"end":{"line":359,"column":8}},"145":{"start":{"line":356,"column":28},"end":{"line":359,"column":8}},"146":{"start":{"line":360,"column":6},"end":{"line":363,"column":8}},"147":{"start":{"line":365,"column":6},"end":{"line":368,"column":8}},"148":{"start":{"line":377,"column":4},"end":{"line":392,"column":5}},"149":{"start":{"line":378,"column":23},"end":{"line":378,"column":105}},"150":{"start":{"line":379,"column":6},"end":{"line":382,"column":8}},"151":{"start":{"line":379,"column":21},"end":{"line":382,"column":8}},"152":{"start":{"line":383,"column":6},"end":{"line":386,"column":8}},"153":{"start":{"line":388,"column":6},"end":{"line":391,"column":8}},"154":{"start":{"line":398,"column":4},"end":{"line":412,"column":5}},"155":{"start":{"line":399,"column":22},"end":{"line":401,"column":8}},"156":{"start":{"line":403,"column":6},"end":{"line":406,"column":8}},"157":{"start":{"line":408,"column":6},"end":{"line":411,"column":8}},"158":{"start":{"line":420,"column":4},"end":{"line":435,"column":5}},"159":{"start":{"line":421,"column":25},"end":{"line":421,"column":88}},"160":{"start":{"line":422,"column":6},"end":{"line":425,"column":8}},"161":{"start":{"line":422,"column":23},"end":{"line":425,"column":8}},"162":{"start":{"line":426,"column":6},"end":{"line":429,"column":8}},"163":{"start":{"line":431,"column":6},"end":{"line":434,"column":8}},"164":{"start":{"line":443,"column":4},"end":{"line":469,"column":5}},"165":{"start":{"line":445,"column":6},"end":{"line":455,"column":9}},"166":{"start":{"line":445,"column":21},"end":{"line":447,"column":9}},"167":{"start":{"line":447,"column":14},"end":{"line":455,"column":9}},"168":{"start":{"line":456,"column":6},"end":{"line":459,"column":8}},"169":{"start":{"line":456,"column":21},"end":{"line":459,"column":8}},"170":{"start":{"line":460,"column":6},"end":{"line":463,"column":8}},"171":{"start":{"line":465,"column":6},"end":{"line":468,"column":8}},"172":{"start":{"line":476,"column":4},"end":{"line":496,"column":5}},"173":{"start":{"line":477,"column":23},"end":{"line":479,"column":8}},"174":{"start":{"line":480,"column":6},"end":{"line":483,"column":8}},"175":{"start":{"line":480,"column":21},"end":{"line":483,"column":8}},"176":{"start":{"line":484,"column":6},"end":{"line":484,"column":88}},"177":{"start":{"line":484,"column":17},"end":{"line":484,"column":88}},"178":{"start":{"line":485,"column":6},"end":{"line":485,"column":58}},"179":{"start":{"line":485,"column":23},"end":{"line":485,"column":58}},"180":{"start":{"line":486,"column":6},"end":{"line":486,"column":28}},"181":{"start":{"line":487,"column":6},"end":{"line":490,"column":8}},"182":{"start":{"line":492,"column":6},"end":{"line":495,"column":8}},"183":{"start":{"line":501,"column":0},"end":{"line":501,"column":33}}},"fnMap":{"0":{"name":"(anonymous_0)","decl":{"start":{"line":16,"column":2},"end":{"line":16,"column":3}},"loc":{"start":{"line":23,"column":5},"end":{"line":73,"column":3}},"line":23},"1":{"name":"(anonymous_1)","decl":{"start":{"line":44,"column":47},"end":{"line":44,"column":48}},"loc":{"start":{"line":44,"column":54},"end":{"line":44,"column":64}},"line":44},"2":{"name":"(anonymous_2)","decl":{"start":{"line":75,"column":2},"end":{"line":75,"column":3}},"loc":{"start":{"line":83,"column":5},"end":{"line":139,"column":3}},"line":83},"3":{"name":"(anonymous_3)","decl":{"start":{"line":99,"column":35},"end":{"line":99,"column":36}},"loc":{"start":{"line":99,"column":55},"end":{"line":106,"column":9}},"line":99},"4":{"name":"(anonymous_4)","decl":{"start":{"line":109,"column":47},"end":{"line":109,"column":48}},"loc":{"start":{"line":109,"column":54},"end":{"line":109,"column":64}},"line":109},"5":{"name":"(anonymous_5)","decl":{"start":{"line":141,"column":2},"end":{"line":141,"column":3}},"loc":{"start":{"line":146,"column":5},"end":{"line":166,"column":3}},"line":146},"6":{"name":"(anonymous_6)","decl":{"start":{"line":168,"column":2},"end":{"line":168,"column":3}},"loc":{"start":{"line":168,"column":30},"end":{"line":192,"column":3}},"line":168},"7":{"name":"(anonymous_7)","decl":{"start":{"line":194,"column":2},"end":{"line":194,"column":3}},"loc":{"start":{"line":194,"column":33},"end":{"line":228,"column":3}},"line":194},"8":{"name":"(anonymous_8)","decl":{"start":{"line":203,"column":53},"end":{"line":203,"column":54}},"loc":{"start":{"line":203,"column":72},"end":{"line":209,"column":7}},"line":203},"9":{"name":"(anonymous_9)","decl":{"start":{"line":210,"column":57},"end":{"line":210,"column":58}},"loc":{"start":{"line":210,"column":77},"end":{"line":217,"column":7}},"line":210},"10":{"name":"(anonymous_10)","decl":{"start":{"line":231,"column":2},"end":{"line":231,"column":3}},"loc":{"start":{"line":234,"column":5},"end":{"line":261,"column":3}},"line":234},"11":{"name":"(anonymous_11)","decl":{"start":{"line":263,"column":2},"end":{"line":263,"column":3}},"loc":{"start":{"line":263,"column":33},"end":{"line":284,"column":3}},"line":263},"12":{"name":"(anonymous_12)","decl":{"start":{"line":286,"column":2},"end":{"line":286,"column":3}},"loc":{"start":{"line":290,"column":5},"end":{"line":318,"column":3}},"line":290},"13":{"name":"(anonymous_13)","decl":{"start":{"line":320,"column":2},"end":{"line":320,"column":3}},"loc":{"start":{"line":323,"column":5},"end":{"line":349,"column":3}},"line":323},"14":{"name":"(anonymous_14)","decl":{"start":{"line":351,"column":2},"end":{"line":351,"column":3}},"loc":{"start":{"line":351,"column":30},"end":{"line":370,"column":3}},"line":351},"15":{"name":"(anonymous_15)","decl":{"start":{"line":372,"column":2},"end":{"line":372,"column":3}},"loc":{"start":{"line":376,"column":5},"end":{"line":393,"column":3}},"line":376},"16":{"name":"(anonymous_16)","decl":{"start":{"line":395,"column":2},"end":{"line":395,"column":3}},"loc":{"start":{"line":397,"column":5},"end":{"line":413,"column":3}},"line":397},"17":{"name":"(anonymous_17)","decl":{"start":{"line":416,"column":2},"end":{"line":416,"column":3}},"loc":{"start":{"line":419,"column":5},"end":{"line":436,"column":3}},"line":419},"18":{"name":"(anonymous_18)","decl":{"start":{"line":438,"column":2},"end":{"line":438,"column":3}},"loc":{"start":{"line":442,"column":5},"end":{"line":470,"column":3}},"line":442},"19":{"name":"(anonymous_19)","decl":{"start":{"line":472,"column":2},"end":{"line":472,"column":3}},"loc":{"start":{"line":475,"column":5},"end":{"line":497,"column":3}},"line":475}},"branchMap":{"0":{"loc":{"start":{"line":26,"column":6},"end":{"line":29,"column":8}},"type":"if","locations":[{"start":{"line":26,"column":6},"end":{"line":29,"column":8}},{"start":{"line":26,"column":6},"end":{"line":29,"column":8}}],"line":26},"1":{"loc":{"start":{"line":36,"column":16},"end":{"line":36,"column":59}},"type":"binary-expr","locations":[{"start":{"line":36,"column":16},"end":{"line":36,"column":39}},{"start":{"line":36,"column":43},"end":{"line":36,"column":59}}],"line":36},"2":{"loc":{"start":{"line":43,"column":6},"end":{"line":61,"column":7}},"type":"if","locations":[{"start":{"line":43,"column":6},"end":{"line":61,"column":7}},{"start":{"line":43,"column":6},"end":{"line":61,"column":7}}],"line":43},"3":{"loc":{"start":{"line":51,"column":10},"end":{"line":54,"column":13}},"type":"if","locations":[{"start":{"line":51,"column":10},"end":{"line":54,"column":13}},{"start":{"line":51,"column":10},"end":{"line":54,"column":13}}],"line":51},"4":{"loc":{"start":{"line":88,"column":6},"end":{"line":91,"column":8}},"type":"if","locations":[{"start":{"line":88,"column":6},"end":{"line":91,"column":8}},{"start":{"line":88,"column":6},"end":{"line":91,"column":8}}],"line":88},"5":{"loc":{"start":{"line":92,"column":6},"end":{"line":92,"column":39}},"type":"if","locations":[{"start":{"line":92,"column":6},"end":{"line":92,"column":39}},{"start":{"line":92,"column":6},"end":{"line":92,"column":39}}],"line":92},"6":{"loc":{"start":{"line":93,"column":6},"end":{"line":93,"column":45}},"type":"if","locations":[{"start":{"line":93,"column":6},"end":{"line":93,"column":45}},{"start":{"line":93,"column":6},"end":{"line":93,"column":45}}],"line":93},"7":{"loc":{"start":{"line":94,"column":6},"end":{"line":94,"column":45}},"type":"if","locations":[{"start":{"line":94,"column":6},"end":{"line":94,"column":45}},{"start":{"line":94,"column":6},"end":{"line":94,"column":45}}],"line":94},"8":{"loc":{"start":{"line":95,"column":6},"end":{"line":95,"column":53}},"type":"if","locations":[{"start":{"line":95,"column":6},"end":{"line":95,"column":53}},{"start":{"line":95,"column":6},"end":{"line":95,"column":53}}],"line":95},"9":{"loc":{"start":{"line":96,"column":6},"end":{"line":96,"column":50}},"type":"if","locations":[{"start":{"line":96,"column":6},"end":{"line":96,"column":50}},{"start":{"line":96,"column":6},"end":{"line":96,"column":50}}],"line":96},"10":{"loc":{"start":{"line":98,"column":6},"end":{"line":126,"column":7}},"type":"if","locations":[{"start":{"line":98,"column":6},"end":{"line":126,"column":7}},{"start":{"line":98,"column":6},"end":{"line":126,"column":7}}],"line":98},"11":{"loc":{"start":{"line":103,"column":10},"end":{"line":103,"column":32}},"type":"if","locations":[{"start":{"line":103,"column":10},"end":{"line":103,"column":32}},{"start":{"line":103,"column":10},"end":{"line":103,"column":32}}],"line":103},"12":{"loc":{"start":{"line":116,"column":10},"end":{"line":119,"column":13}},"type":"if","locations":[{"start":{"line":116,"column":10},"end":{"line":119,"column":13}},{"start":{"line":116,"column":10},"end":{"line":119,"column":13}}],"line":116},"13":{"loc":{"start":{"line":120,"column":10},"end":{"line":120,"column":92}},"type":"if","locations":[{"start":{"line":120,"column":10},"end":{"line":120,"column":92}},{"start":{"line":120,"column":10},"end":{"line":120,"column":92}}],"line":120},"14":{"loc":{"start":{"line":143,"column":4},"end":{"line":143,"column":15}},"type":"default-arg","locations":[{"start":{"line":143,"column":12},"end":{"line":143,"column":15}}],"line":143},"15":{"loc":{"start":{"line":144,"column":4},"end":{"line":144,"column":12}},"type":"default-arg","locations":[{"start":{"line":144,"column":11},"end":{"line":144,"column":12}}],"line":144},"16":{"loc":{"start":{"line":145,"column":4},"end":{"line":145,"column":15}},"type":"default-arg","locations":[{"start":{"line":145,"column":13},"end":{"line":145,"column":15}}],"line":145},"17":{"loc":{"start":{"line":149,"column":6},"end":{"line":151,"column":62}},"type":"if","locations":[{"start":{"line":149,"column":6},"end":{"line":151,"column":62}},{"start":{"line":149,"column":6},"end":{"line":151,"column":62}}],"line":149},"18":{"loc":{"start":{"line":152,"column":6},"end":{"line":155,"column":8}},"type":"if","locations":[{"start":{"line":152,"column":6},"end":{"line":155,"column":8}},{"start":{"line":152,"column":6},"end":{"line":155,"column":8}}],"line":152},"19":{"loc":{"start":{"line":178,"column":6},"end":{"line":181,"column":8}},"type":"if","locations":[{"start":{"line":178,"column":6},"end":{"line":181,"column":8}},{"start":{"line":178,"column":6},"end":{"line":181,"column":8}}],"line":178},"20":{"loc":{"start":{"line":199,"column":6},"end":{"line":202,"column":8}},"type":"if","locations":[{"start":{"line":199,"column":6},"end":{"line":202,"column":8}},{"start":{"line":199,"column":6},"end":{"line":202,"column":8}}],"line":199},"21":{"loc":{"start":{"line":203,"column":6},"end":{"line":209,"column":9}},"type":"if","locations":[{"start":{"line":203,"column":6},"end":{"line":209,"column":9}},{"start":{"line":203,"column":6},"end":{"line":209,"column":9}}],"line":203},"22":{"loc":{"start":{"line":210,"column":6},"end":{"line":217,"column":9}},"type":"if","locations":[{"start":{"line":210,"column":6},"end":{"line":217,"column":9}},{"start":{"line":210,"column":6},"end":{"line":217,"column":9}}],"line":210},"23":{"loc":{"start":{"line":214,"column":8},"end":{"line":214,"column":30}},"type":"if","locations":[{"start":{"line":214,"column":8},"end":{"line":214,"column":30}},{"start":{"line":214,"column":8},"end":{"line":214,"column":30}}],"line":214},"24":{"loc":{"start":{"line":239,"column":6},"end":{"line":242,"column":8}},"type":"if","locations":[{"start":{"line":239,"column":6},"end":{"line":242,"column":8}},{"start":{"line":239,"column":6},"end":{"line":242,"column":8}}],"line":239},"25":{"loc":{"start":{"line":246,"column":6},"end":{"line":246,"column":50}},"type":"if","locations":[{"start":{"line":246,"column":6},"end":{"line":246,"column":50}},{"start":{"line":246,"column":6},"end":{"line":246,"column":50}}],"line":246},"26":{"loc":{"start":{"line":249,"column":6},"end":{"line":249,"column":124}},"type":"if","locations":[{"start":{"line":249,"column":6},"end":{"line":249,"column":124}},{"start":{"line":249,"column":6},"end":{"line"
[...]
"addArticle","use","categoryRoutes","commentsRoutes","getArticle","delete","deleteArticle","patch","updateArticle","CommentController","addComment"],"mappings":";;;;;;;AAAA;;AACA;;AACA;;AACA;;AACA;;;;AACA,MAAMA,MAAM,GAAGC,iBAAQC,MAAR,EAAf;;AACAF,MAAM,CAACG,GAAP,CAAW,GAAX,EAAgBC,+BAAkBC,WAAlC;AACAL,MAAM,CAACM,IAAP,CAAY,GAAZ,EAAiBC,yBAAeC,MAAf,CAAsB,OAAtB,CAAjB,EAAiDJ,+BAAkBK,UAAnE;AACAT,MAAM,CAACU,GAAP,CAAW,aAAX,EAA0BC,iBAA1B;AACAX,MAAM,CAACU,GAAP,CAAW,WAAX,EAAwBE,iBAAxB;AACAZ,MAAM,CAACG,GAAP,CAAW,MAAX,EAAmBC,+BAAkBS,UAArC;AACAb,MAAM,CAACc,MAAP,CAAc,MAAd,EAAsBV,+BAAkBW,aAAxC;AACAf,MAAM,CAACgB,KAAP,CAAa,MAAb,EAAqBZ,+BAAkBa,aAAvC;AACAjB,MAAM,CAACM,IAAP,CAAY,qBAAZ,EAAmCY,+BAAkBC,UAArD;eACenB,M","sourceRoot":"/media/sostene/New Volume/Andela/mybrand-backend/src/routes/articles/","sourcesContent":["import express from \"express\";\nimport { ArticleController, CommentController } from \"../../controllers\";\nimport { multerUploader } from \"../../helpers/uploader\";\nimport categoryRoutes from \"./category\";\nimport commentsRoutes from \"./comments\";\nconst router = express.Router();\nrouter.get(\"/\", ArticleController.getArticles);\nrouter.post(\"/\", multerUploader.single(\"image\"), ArticleController.addArticle);\nrouter.use(\"/categories\", categoryRoutes);\nrouter.use(\"/comments\", commentsRoutes);\nrouter.get(\"/:id\", ArticleController.getArticle);\nrouter.delete(\"/:id\", ArticleController.deleteArticle);\nrouter.patch(\"/:id\", ArticleController.updateArticle);\nrouter.post(\"/:articleId/comment\", CommentController.addComment);\nexport default router;\n"]},"_coverageSchema":"1a1c01bbd47fc00a2c39e90264f33305004495a9","hash":"622ed2dd733a9e37c563ab5b43004c3a79f6fb3e","contentHash":"661842d5f73103759009122dbc869defb492d9b143cc9ae5d9e11da52874e776"},"/media/sostene/New Volume/Andela/mybrand-backend/src/routes/articles/category.js":{"path":"/media/sostene/New Volume/Andela/mybrand-backend/src/routes/articles/category.js","statementMap":{"0":{"start":{"line":3,"column":0},"end":{"line":5,"column":3}},"1":{"start":{"line":6,"column":0},"end":{"line":6,"column":25}},"2":{"start":{"line":8,"column":15},"end":{"line":8,"column":57}},"3":{"start":{"line":10,"column":19},"end":{"line":10,"column":47}},"4":{"start":{"line":12,"column":39},"end":{"line":12,"column":93}},"5":{"start":{"line":14,"column":15},"end":{"line":14,"column":40}},"6":{"start":{"line":16,"column":0},"end":{"line":16,"column":70}},"7":{"start":{"line":17,"column":0},"end":{"line":17,"column":71}},"8":{"start":{"line":18,"column":0},"end":{"line":18,"column":76}},"9":{"start":{"line":19,"column":15},"end":{"line":19,"column":21}},"10":{"start":{"line":20,"column":0},"end":{"line":20,"column":27}}},"fnMap":{"0":{"name":"_interopRequireDefault","decl":{"start":{"line":12,"column":9},"end":{"line":12,"column":31}},"loc":{"start":{"line":12,"column":37},"end":{"line":12,"column":95}},"line":12}},"branchMap":{"0":{"loc":{"start":{"line":12,"column":46},"end":{"line":12,"column":92}},"type":"cond-expr","locations":[{"start":{"line":12,"column":70},"end":{"line":12,"column":73}},{"start":{"line":12,"column":76},"end":{"line":12,"column":92}}],"line":12},"1":{"loc":{"start":{"line":12,"column":46},"end":{"line":12,"column":67}},"type":"binary-expr","locations":[{"start":{"line":12,"column":46},"end":{"line":12,"column":49}},{"start":{"line":12,"column":53},"end":{"line":12,"column":67}}],"line":12}},"s":{"0":1,"1":1,"2":1,"3":1,"4":1,"5":1,"6":1,"7":1,"8":1,"9":1,"10":1},"f":{"0":1},"b":{"0":[0,1],"1":[1,1]},"inputSourceMap":{"version":3,"sources":["category.js"],"names":["router","express","Router","get","ArticleCategoryController","getCategories","getCategory","patch","updateCategory"],"mappings":";;;;;;;AAAA;;AACA;;;;AACA,MAAMA,MAAM,GAAGC,iBAAQC,MAAR,EAAf;;AACAF,MAAM,CAACG,GAAP,CAAW,GAAX,EAAgBC,uCAA0BC,aAA1C;AACAL,MAAM,CAACG,GAAP,CAAW,MAAX,EAAmBC,uCAA0BE,WAA7C;AACAN,MAAM,CAACO,KAAP,CAAa,MAAb,EAAqBH,uCAA0BI,cAA/C;eACeR,M","sourceRoot":"/media/sostene/New Volume/Andela/mybrand-backend/src/routes/articles/","sourcesContent":["import express from \"express\";\nimport { ArticleCategoryController } from \"../../controllers\";\nconst router = express.Router();\nrouter.get(\"/\", ArticleCategoryController.getCategories);\nrouter.get(\"/:id\", ArticleCategoryController.getCategory);\nrouter.patch(\"/:id\", ArticleCategoryController.updateCategory);\nexport default router;\n"]},"_coverageSchema":"1a1c01bbd47fc00a2c39e90264f33305004495a9","hash":"35405e1e24ddb5e6f11c76a9f03ebbac4570ce09","contentHash":"e32f4b0255e51af675cd51163986125d11d591c29ba47ddae9b6a9bef805e642"},"/media/sostene/New Volume/Andela/mybrand-backend/src/routes/articles/comments.js":{"path":"/media/sostene/New Volume/Andela/mybrand-backend/src/routes/articles/comments.js","statementMap":{"0":{"start":{"line":3,"column":0},"end":{"line":5,"column":3}},"1":{"start":{"line":6,"column":0},"end":{"line":6,"column":25}},"2":{"start":{"line":8,"column":15},"end":{"line":8,"column":57}},"3":{"start":{"line":10,"column":19},"end":{"line":10,"column":47}},"4":{"start":{"line":12,"column":39},"end":{"line":12,"column":93}},"5":{"start":{"line":14,"column":15},"end":{"line":14,"column":40}},"6":{"start":{"line":16,"column":0},"end":{"line":16,"column":60}},"7":{"start":{"line":17,"column":0},"end":{"line":17,"column":62}},"8":{"start":{"line":18,"column":0},"end":{"line":18,"column":67}},"9":{"start":{"line":19,"column":0},"end":{"line":19,"column":71}},"10":{"start":{"line":20,"column":0},"end":{"line":20,"column":68}},"11":{"start":{"line":21,"column":15},"end":{"line":21,"column":21}},"12":{"start":{"line":22,"column":0},"end":{"line":22,"column":27}}},"fnMap":{"0":{"name":"_interopRequireDefault","decl":{"start":{"line":12,"column":9},"end":{"line":12,"column":31}},"loc":{"start":{"line":12,"column":37},"end":{"line":12,"column":95}},"line":12}},"branchMap":{"0":{"loc":{"start":{"line":12,"column":46},"end":{"line":12,"column":92}},"type":"cond-expr","locations":[{"start":{"line":12,"column":70},"end":{"line":12,"column":73}},{"start":{"line":12,"column":76},"end":{"line":12,"column":92}}],"line":12},"1":{"loc":{"start":{"line":12,"column":46},"end":{"line":12,"column":67}},"type":"binary-expr","locations":[{"start":{"line":12,"column":46},"end":{"line":12,"column":49}},{"start":{"line":12,"column":53},"end":{"line":12,"column":67}}],"line":12}},"s":{"0":1,"1":1,"2":1,"3":1,"4":1,"5":1,"6":1,"7":1,"8":1,"9":1,"10":1,"11":1,"12":1},"f":{"0":1},"b":{"0":[0,1],"1":[1,1]},"inputSourceMap":{"version":3,"sources":["comments.js"],"names":["router","express","Router","get","CommentController","getComments","getComment","patch","updateComment","post","replyComment","delete","deleteComment"],"mappings":";;;;;;;AAAA;;AACA;;;;AACA,MAAMA,MAAM,GAAGC,iBAAQC,MAAR,EAAf;;AACAF,MAAM,CAACG,GAAP,CAAW,GAAX,EAAgBC,+BAAkBC,WAAlC;AACAL,MAAM,CAACG,GAAP,CAAW,MAAX,EAAmBC,+BAAkBE,UAArC;AACAN,MAAM,CAACO,KAAP,CAAa,MAAb,EAAqBH,+BAAkBI,aAAvC;AACAR,MAAM,CAACS,IAAP,CAAY,YAAZ,EAA0BL,+BAAkBM,YAA5C;AACAV,MAAM,CAACW,MAAP,CAAc,MAAd,EAAsBP,+BAAkBQ,aAAxC;eACeZ,M","sourceRoot":"/media/sostene/New Volume/Andela/mybrand-backend/src/routes/articles/","sourcesContent":["import express from \"express\";\nimport { CommentController } from \"../../controllers\";\nconst router = express.Router();\nrouter.get(\"/\", CommentController.getComments);\nrouter.get(\"/:id\", CommentController.getComment);\nrouter.patch(\"/:id\", CommentController.updateComment);\nrouter.post(\"/:id/reply\", CommentController.replyComment);\nrouter.delete(\"/:id\", CommentController.deleteComment);\nexport default router;\n"]},"_coverageSchema":"1a1c01bbd47fc00a2c39e90264f33305004495a9","hash":"2f5871d2ccdb059d913227318372d4c9246d2fa0","contentHash":"85d9b9f6c9ae7fd6b20a6160c2db94bc4631761ced2532f68687607b94fbcba7"},"/media/sostene/New Volume/Andela/mybrand-backend/src/routes/user.js":{"path":"/media/sostene/New Volume/Andela/mybrand-backend/src/routes/user.js","statementMap":{"0":{"start":{"line":3,"column":0},"end":{"line":5,"column":3}},"1":{"start":{"line":6,"column":0},"end":{"line":6,"column":25}},"2":{"start":{"line":8,"column":15},"end":{"line":8,"column":57}},"3":{"start":{"line":10,"column":19},"end":{"line":10,"column":44}},"4":{"start":{"line":12,"column":16},"end":{"line":12,"column":46}},"5":{"start":{"line":14,"column":12},"end":{"line":14,"column":42}},"6":{"start":{"line":16,"column":39},"end":{"line":16,"column":93}},"7":{"start":{"line":18,"column":15},"end":{"line":18,"column":40}},"8":{"start":{"line":20,"column":0},"end":{"line":20,"column":78}},"9":{"start":{"line":21,"column":0},"end":{"line":21,"column":65}},"10":{"start":{"line":22,"column":0},"end":{"line":22,"column":59}},"11":{"start":{"line":23,"column":15},"end":{"line":23,"column":21}},"12":{"start":{"line":24,"column":0},"end":{"line":24,"column":27}}},"fnMap":{"0":{"name":"_interopRequireDefault","decl":{"start":{"line":16,"column":9},"end":{"line":16,"column":31}},"loc":{"start":{"line":16,"column":37},"end":{"line":16,"column":95}},"line":16}},"branchMap":{"0":{"loc":{"start":{"line":16,"column":46},"end":{"line":16,"column":92}},"type":"cond-expr","locations":[{"start":{"line":16,"column":70},"end":{"line":16,"column":73}},{"start":{"line":16,"column":76},"end":{"line":16,"column":92}}],"line":16},"1":{"loc":{"start":{"line":16,"column":46},"end":{"line":16,"column":67}},"type":"binary-expr","locations":[{"start":{"line":16,"column":46},"end":{"line":16,"column":49}},{"start":{"line":16,"column":53},"end":{"line":16,"column":67}}],"line":16}},"s":{"0":1,"1":1,"2":1,"3":1,"4":1,"5":1,"6":1,"7":1,"8":1,"9":1,"10":1,"11":1,"12":1},"f":{"0":1},"b":{"0":[0,1],"1":[1,1]},"inputSourceMap":{"version":3,"sources":["user.js"],"names":["router","express","Router","get","isLoggedIn","UserController","getUser","patch","updateUser","delete","deleteUser"],"mappings":";;;;;;;AAAA;;AACA;;AACA;;AACA;;;;AACA,MAAMA,MAAM,GAAGC,iBAAQC,MAAR,EAAf;;AACAF,MAAM,CAACG,GAAP,CAAW,UAAX,EAAuBC,gBAAvB,EAAmCC,4BAAeC,OAAlD;AACAN,MAAM,CAACO,KAAP,CAAa,UAAb,EAAyBF,4BAAeG,UAAxC;AACAR,MAAM,CAACS,MAAP,CAAc,GAAd,EAAmBJ,4BAAeK,UAAlC;eACeV,M","sourceRoot":"/media/sostene/New Volume/Andela/mybrand-backend/src/routes/","sourcesContent":["import express from \"express\";\nimport { UserController } from \"../controllers\";\nimport { multerUploader } from \"../helpers/uploader\";\nimport { isLoggedIn } from \"../middlewares/auth\";\nconst router = express.Router();\nrouter.get(\"/profile\", isLoggedIn, UserController.getUser);\nrouter.patch(\"/profile\", UserController.updateUser);\nrouter.delete(\"/\", UserController.deleteUser);\nexport default router;\n"]},"_coverageSchema":"1a1c01bbd47fc00a2c39e90264f33305004495a9","hash":"9a68bb23f9f3f4682c07d05e272bc51edd351558","contentHash":"0bada1e580934c27c8834e4c9c4feb7040d99331bcadf73633386248f456086b"},"/media/sostene/New Volume/Andela/mybrand-backend/src/routes/auth.js":{"path":"/media/sostene/New Volume/Andela/mybrand-backend/src/routes/auth.js","statementMap":{"0":{"start":{"line":3,"column":0},"end":{"line":5,"column":3}},"1":{"start":{"line":6,"column":0},"end":{"line":6,"column":25}},"2":{"start":{"line":8,"column":15},"end":{"line":8,"column":57}},"3":{"start":{"line":10,"column":16},"end":{"line":10,"column":59}},"4":{"start":{"line":12,"column":19},"end":{"line":12,"column":44}},"5":{"start":{"line":14,"column":16},"end":{"line":14,"column":46}},"6":{"start":{"line":16,"column":12},"end":{"line":16,"column":42}},"7":{"start":{"line":18,"column":39},"end":{"line":18,"column":93}},"8":{"start":{"line":20,"column":15},"end":{"line":20,"column":40}},"9":{"start":{"line":22,"column":0},"end":{"line":24,"column":49}},"10":{"start":{"line":25,"column":0},"end":{"line":25,"column":86}},"11":{"start":{"line":26,"column":0},"end":{"line":26,"column":103}},"12":{"start":{"line":27,"column":15},"end":{"line":27,"column":21}},"13":{"start":{"line":28,"column":0},"end":{"line":28,"column":27}}},"fnMap":{"0":{"name":"_interopRequireDefault","decl":{"start":{"line":18,"column":9},"end":{"line":18,"column":31}},"loc":{"start":{"line":18,"column":37},"end":{"line":18,"column":95}},"line":18}},"branchMap":{"0":{"loc":{"start":{"line":18,"column":46},"end":{"line":18,"column":92}},"type":"cond-expr","locations":[{"start":{"line":18,"column":70},"end":{"line":18,"column":73}},{"start":{"line":18,"column":76},"end":{"line":18,"column":92}}],"line":18},"1":{"loc":{"start":{"line":18,"column":46},"end":{"line":18,"column":67}},"type":"binary-expr","locations":[{"start":{"line":18,"column":46},"end":{"line":18,"column":49}},{"start":{"line":18,"column":53},"end":{"line":18,"column":67}}],"line":18}},"s":{"0":1,"1":1,"2":1,"3":1,"4":1,"5":1,"6":1,"7":2,"8":1,"9":1,"10":1,"11":1,"12":1,"13":1},"f":{"0":2},"b":{"0":[0,2],"1":[2,2]},"inputSourceMap":{"version":3,"sources":["auth.js"],"names":["router","express","Router","post","passport","authenticate","session","AuthenticationController","login","get","isLoggedIn","logout","multerUploader","single","UserController","signup"],"mappings":";;;;;;;AAAA;;AACA;;AACA;;AACA;;AACA;;;;AACA,MAAMA,MAAM,GAAGC,iBAAQC,MAAR,EAAf;;AACAF,MAAM,CAACG,IAAP,CACE,QADF,EAEEC,kBAASC,YAAT,CAAsB,OAAtB,EAA+B;AAAEC,EAAAA,OAAO,EAAE;AAAX,CAA/B,CAFF,EAGEC,sCAAyBC,KAH3B;AAKAR,MAAM,CAACS,GAAP,CAAW,SAAX,EAAsBC,gBAAtB,EAAkCH,sCAAyBI,MAA3D;AACAX,MAAM,CAACG,IAAP,CAAY,SAAZ,EAAuBS,yBAAeC,MAAf,CAAsB,SAAtB,CAAvB,EAAyDC,4BAAeC,MAAxE;eACef,M","sourceRoot":"/media/sostene/New Volume/Andela/mybrand-backend/src/routes/","sourcesContent":["import express from \"express\";\nimport passport from \"passport\";\nimport { AuthenticationController, UserController } from \"../controllers\";\nimport { multerUploader } from \"../helpers/uploader\";\nimport { isLoggedIn } from \"../middlewares/auth\";\nconst router = express.Router();\nrouter.post(\n  \"/login\",\n  passport.authenticate(\"login\", { session: false }),\n  AuthenticationController.login\n);\nrouter.get(\"/logout\", isLoggedIn, AuthenticationController.logout);\nrouter.post(\"/signup\", multerUploader.single(\"profile\"), UserController.signup);\nexport default router;\n"]},"_coverageSchema":"1a1c01bbd47fc00a2c39e90264f33305004495a9","hash":"7cb1b7c6a4e086af933c5eedcfadec7af79d3adc","contentHash":"21a02ceed7d0ae9da8cbef524892a92174238f47089b7b1d31b3dc53ae4f4e2d"},"/media/sostene/New Volume/Andela/mybrand-backend/src/auth/index.js":{"path":"/media/sostene/New Volume/Andela/mybrand-backend/src/auth/index.js","statementMap":{"0":{"start":{"line":3,"column":16},"end":{"line":3,"column":59}},"1":{"start":{"line":5,"column":21},"end":{"line":5,"column":46}},"2":{"start":{"line":7,"column":19},"end":{"line":7,"column":42}},"3":{"start":{"line":9,"column":14},"end":{"line":9,"column":34}},"4":{"start":{"line":11,"column":14},"end":{"line":11,"column":34}},"5":{"start":{"line":13,"column":39},"end":{"line":13,"column":93}},"6":{"start":{"line":15,"column":0},"end":{"line":34,"column":4}},"7":{"start":{"line":19,"column":2},"end":{"line":33,"column":3}},"8":{"start":{"line":20,"column":17},"end":{"line":22,"column":6}},"9":{"start":{"line":23,"column":4},"end":{"line":25,"column":7}},"10":{"start":{"line":23,"column":15},"end":{"line":25,"column":7}},"11":{"start":{"line":26,"column":20},"end":{"line":26,"column":56}},"12":{"start":{"line":27,"column":4},"end":{"line":29,"column":7}},"13":{"start":{"line":27,"column":18},"end":{"line":29,"column":7}},"14":{"start":{"line":30,"column":4},"end":{"line":30,"column":28}},"15":{"start":{"line":32,"column":4},"end":{"line":32,"column":23}},"16":{"start":{"line":36,"column":0},"end":{"line":41,"column":4}},"17":{"start":{"line":40,"column":2},"end":{"line":40,"column":27}}},"fnMap":{"0":{"name":"_interopRequireDefault","decl":{"start":{"line":13,"column":9},"end":{"line":13,"column":31}},"loc":{"start":{"line":13,"column":37},"end":{"line":13,"column":95}},"line":13},"1":{"name":"(anonymous_1)","decl":{"start":{"line":18,"column":3},"end":{"line":18,"column":4}},"loc":{"start":{"line":18,"column":36},"end":{"line":34,"column":1}},"line":18},"2":{"name":"(anonymous_2)","decl":{"start":{"line":39,"column":3},"end":{"line":39,"column":4}},"loc":{"start":{"line":39,"column":28},"end":{"line":41,"column":1}},"line":39}},"branchMap":{"0":{"loc":{"start":{"line":13,"column":46},"end":{"line":13,"column":92}},"type":"cond-expr","locations":[{"start":{"line":13,"column":70},"end":{"line":13,"column":73}},{"start":{"line":13,"column":76},"end":{"line":13,"column":92}}],"line":13},"1":{"loc":{"start":{"line":13,"column":46},"end":{"line":13,"column":67}},"type":"binary-expr","locations":[{"start":{"line":13,"column":46},"end":{"line":13,"column":49}},{"start":{"line":13,"column":53},"end":{"line":13,"column":67}}],"line":13},"2":{"loc":{"start":{"line":23,"column":4},"end":{"line":25,"column":7}},"type":"if","locations":[{"start":{"line":23,"column":4},"end":{"line":25,"column":7}},{"start":{"line":23,"column":4},"end":{"line":25,"column":7}}],"line":23},"3":{"loc":{"start":{"line":27,"column":4},"end":{"line":29,"column":7}},"type":"if","locations":[{"start":{"line":27,"column":4},"end":{"line":29,"column":7}},{"start":{"line":27,"column":4},"end":{"line":29,"column":7}}],"line":27}},"s":{"0":1,"1":1,"2":1,"3":1,"4":1,"5":1,"6":1,"7":4,"8":4,"9":4,"10":1,"11":3,"12":3,"13":1,"14":2,"15":0,"16":1,"17":0},"f":{"0":1,"1":4,"2":0},"b":{"0":[0,1],"1":[1,1],"2":[1,3],"3":[1,2]},"inputSourceMap":{"version":3,"sources":["index.js"],"names":["passport","use","LocalStrategy","usernameField","passwordField","email","password","done","user","User","findOne","message","isMatch","comparePassword","error","JWTStrategy","secretOrKey","tokenSecret","jwtFromRequest","ExtractJwt","fromAuthHeaderAsBearerToken","payload"],"mappings":";;AAAA;;AACA;;AACA;;AACA;;AACA;;;;AACAA,kBAASC,GAAT,CACE,OADF,EAEE,IAAIC,uBAAJ,CACE;AACEC,EAAAA,aAAa,EAAE,OADjB;AAEEC,EAAAA,aAAa,EAAE;AAFjB,CADF,EAKE,OAAOC,KAAP,EAAcC,QAAd,EAAwBC,IAAxB,KAAiC;AAC/B,MAAI;AACF,UAAMC,IAAI,GAAG,MAAMC,aAAKC,OAAL,CAAa;AAAEL,MAAAA;AAAF,KAAb,CAAnB;AACA,QAAI,CAACG,IAAL,EACE,OAAOD,IAAI,CAAC,IAAD,EAAO,KAAP,EAAc;AAAEI,MAAAA,OAAO,EAAE;AAAX,KAAd,CAAX;AACF,UAAMC,OAAO,GAAG,MAAMJ,IAAI,CAACK,eAAL,CAAqBP,QAArB,CAAtB;AACA,QAAI,CAACM,OAAL,EACE,OAAOL,IAAI,CAAC,IAAD,EAAO,KAAP,EAAc;AAAEI,MAAAA,OAAO,EAAE;AAAX,KAAd,CAAX;AACF,WAAOJ,IAAI,CAAC,IAAD,EAAOC,IAAP,CAAX;AACD,GARD,CAQE,OAAOM,KAAP,EAAc;AACd,WAAOP,IAAI,CAACO,KAAD,CAAX;AACD;AACF,CAjBH,CAFF;;AAsBAd,kBAASC,GAAT,CACE,IAAIc,qBAAJ,CACE;AACEC,EAAAA,WAAW,EAAEC,mBADf;AAEEC,EAAAA,cAAc,EAAEC,wBAAWC,2BAAX;AAFlB,CADF,EAKE,OAAOC,OAAP,EAAgBd,IAAhB,KAAyB;AACvBA,EAAAA,IAAI,CAAC,IAAD,EAAOc,OAAO,CAACb,IAAf,CAAJ;AACD,CAPH,CADF","sourceRoot":"/media/sostene/New Volume/Andela/mybrand-backend/src/auth/","sourcesContent":["import passport from \"passport\";\nimport { Strategy as LocalStrategy } from \"passport-local\";\nimport { Strategy as JWTStrategy, ExtractJwt } from \"passport-jwt\";\nimport { User } from \"../models\";\nimport { tokenSecret } from \"../config\";\npassport.use(\n  \"login\",\n  new LocalStrategy(\n    {\n      usernameField: \"email\",\n      passwordField: \"password\",\n    },\n    async (email, password, done) => {\n      try {\n        const user = await User.findOne({ email });\n        if (!user)\n          return done(null, false, { message: \"Invalid credentials.\" });\n        const isMatch = await user.comparePassword(password);\n        if (!isMatch)\n          return done(null, false, { message: \"Invalid credentials\" });\n        return done(null, user);\n      } catch (error) {\n        return done(error);\n      }\n    }\n  )\n);\npassport.use(\n  new JWTStrategy(\n    {\n      secretOrKey: tokenSecret,\n      jwtFromRequest: ExtractJwt.fromAuthHeaderAsBearerToken(),\n    },\n    async (payload, done) => {\n      done(null, payload.user);\n    }\n  )\n);\n"]},"_coverageSchema":"1a1c01bbd47fc00a2c39e90264f33305004495a9","hash":"c8e2608119ddd5d31708d02fc6c6e0f777253085","contentHash":"10ae2494ff9e2145f76935b8cbe00ad6c733d353c8e76f6de2ac655cfbf3a0ad"}}