{"/media/sostene/New Volume/Andela/mybrand-backend/src/index.js": {"path":"/media/sostene/New Volume/Andela/mybrand-backend/src/index.js","statementMap":{"0":{"start":{"line":1,"column":0},"end":{"line":1,"column":null}},"1":{"start":{"line":2,"column":0},"end":{"line":2,"column":null}},"2":{"start":{"line":3,"column":0},"end":{"line":3,"column":null}},"3":{"start":{"line":4,"column":0},"end":{"line":4,"column":null}},"4":{"start":{"line":5,"column":0},"end":{"line":5,"column":null}},"5":{"start":{"line":6,"column":12},"end":{"line":6,"column":null}},"6":{"start":{"line":7,"column":0},"end":{"line":7,"column":9}},"7":{"start":{"line":8,"column":0},"end":{"line":8,"column":9}},"8":{"start":{"line":9,"column":2},"end":{"line":9,"column":9}},"9":{"start":{"line":11,"column":15},"end":{"line":11,"column":18}},"10":{"start":{"line":12,"column":2},"end":{"line":12,"column":9}}},"fnMap":{"0":{"name":"(anonymous_1)","decl":{"start":{"line":8,"column":32},"end":{"line":8,"column":38}},"loc":{"start":{"line":8,"column":38},"end":{"line":10,"column":null}}},"1":{"name":"(anonymous_2)","decl":{"start":{"line":11,"column":32},"end":{"line":11,"column":38}},"loc":{"start":{"line":11,"column":38},"end":{"line":13,"column":null}}}},"branchMap":{},"s":{"0":1,"1":1,"2":1,"3":1,"4":1,"5":1,"6":1,"7":1,"8":1,"9":1,"10":1},"f":{"0":1,"1":1},"b":{}}
,"/media/sostene/New Volume/Andela/mybrand-backend/src/setupApp.js": {"path":"/media/sostene/New Volume/Andela/mybrand-backend/src/setupApp.js","statementMap":{"0":{"start":{"line":1,"column":0},"end":{"line":1,"column":null}},"1":{"start":{"line":2,"column":0},"end":{"line":2,"column":null}},"2":{"start":{"line":3,"column":0},"end":{"line":3,"column":null}},"3":{"start":{"line":4,"column":0},"end":{"line":4,"column":null}},"4":{"start":{"line":5,"column":0},"end":{"line":5,"column":null}},"5":{"start":{"line":6,"column":0},"end":{"line":7,"column":5}},"6":{"start":{"line":7,"column":2},"end":{"line":7,"column":5}},"7":{"start":{"line":9,"column":2},"end":{"line":9,"column":5}},"8":{"start":{"line":10,"column":2},"end":{"line":10,"column":5}},"9":{"start":{"line":11,"column":2},"end":{"line":11,"column":5}},"10":{"start":{"line":12,"column":2},"end":{"line":12,"column":5}},"11":{"start":{"line":13,"column":2},"end":{"line":13,"column":5}}},"fnMap":{"0":{"name":"setupApp","decl":{"start":{"line":8,"column":24},"end":{"line":8,"column":33}},"loc":{"start":{"line":8,"column":38},"end":{"line":14,"column":null}}}},"branchMap":{"0":{"loc":{"start":{"line":6,"column":0},"end":{"line":7,"column":5}},"type":"if","locations":[{"start":{"line":6,"column":0},"end":{"line":7,"column":5}},{"start":{"line":6,"column":0},"end":{"line":7,"column":5}}]}},"s":{"0":1,"1":1,"2":1,"3":1,"4":1,"5":1,"6":0,"7":1,"8":1,"9":1,"10":1,"11":1},"f":{"0":1},"b":{"0":[0,1]}}
,"/media/sostene/New Volume/Andela/mybrand-backend/src/auth/index.js": {"path":"/media/sostene/New Volume/Andela/mybrand-backend/src/auth/index.js","statementMap":{"0":{"start":{"line":1,"column":0},"end":{"line":1,"column":null}},"1":{"start":{"line":2,"column":0},"end":{"line":2,"column":null}},"2":{"start":{"line":3,"column":0},"end":{"line":3,"column":null}},"3":{"start":{"line":4,"column":0},"end":{"line":4,"column":null}},"4":{"start":{"line":5,"column":0},"end":{"line":5,"column":null}},"5":{"start":{"line":6,"column":0},"end":{"line":6,"column":9}},"6":{"start":{"line":14,"column":6},"end":{"line":24,"column":null}},"7":{"start":{"line":15,"column":21},"end":{"line":15,"column":32}},"8":{"start":{"line":16,"column":8},"end":{"line":17,"column":17}},"9":{"start":{"line":17,"column":10},"end":{"line":17,"column":17}},"10":{"start":{"line":18,"column":24},"end":{"line":18,"column":34}},"11":{"start":{"line":19,"column":8},"end":{"line":20,"column":17}},"12":{"start":{"line":20,"column":10},"end":{"line":20,"column":17}},"13":{"start":{"line":21,"column":8},"end":{"line":21,"column":15}},"14":{"start":{"line":23,"column":8},"end":{"line":23,"column":15}},"15":{"start":{"line":28,"column":0},"end":{"line":28,"column":9}},"16":{"start":{"line":35,"column":6},"end":{"line":35,"column":10}}},"fnMap":{"0":{"name":"(anonymous_1)","decl":{"start":{"line":13,"column":4},"end":{"line":13,"column":11}},"loc":{"start":{"line":13,"column":37},"end":{"line":25,"column":null}}},"1":{"name":"(anonymous_2)","decl":{"start":{"line":34,"column":4},"end":{"line":34,"column":11}},"loc":{"start":{"line":34,"column":29},"end":{"line":36,"column":null}}}},"branchMap":{"0":{"loc":{"start":{"line":16,"column":8},"end":{"line":17,"column":17}},"type":"if","locations":[{"start":{"line":16,"column":8},"end":{"line":17,"column":17}},{"start":{"line":16,"column":8},"end":{"line":17,"column":17}}]},"1":{"loc":{"start":{"line":19,"column":8},"end":{"line":20,"column":17}},"type":"if","locations":[{"start":{"line":19,"column":8},"end":{"line":20,"column":17}},{"start":{"line":19,"column":8},"end":{"line":20,"column":17}}]}},"s":{"0":1,"1":1,"2":1,"3":1,"4":1,"5":1,"6":2,"7":2,"8":2,"9":0,"10":2,"11":2,"12":0,"13":2,"14":0,"15":1,"16":0},"f":{"0":2,"1":0},"b":{"0":[0,2],"1":[0,2]}}
,"/media/sostene/New Volume/Andela/mybrand-backend/src/config/index.js": {"path":"/media/sostene/New Volume/Andela/mybrand-backend/src/config/index.js","statementMap":{"0":{"start":{"line":1,"column":0},"end":{"line":1,"column":null}},"1":{"start":{"line":2,"column":0},"end":{"line":2,"column":null}},"2":{"start":{"line":3,"column":0},"end":{"line":3,"column":7}},"3":{"start":{"line":4,"column":20},"end":{"line":4,"column":null}},"4":{"start":{"line":6,"column":19},"end":{"line":6,"column":null}},"5":{"start":{"line":8,"column":21},"end":{"line":8,"column":null}},"6":{"start":{"line":15,"column":0},"end":{"line":15,"column":8}},"7":{"start":{"line":18,"column":4},"end":{"line":18,"column":10}},"8":{"start":{"line":19,"column":4},"end":{"line":19,"column":null}},"9":{"start":{"line":21,"column":4},"end":{"line":21,"column":10}},"10":{"start":{"line":22,"column":4},"end":{"line":22,"column":null}},"11":{"start":{"line":24,"column":4},"end":{"line":24,"column":10}},"12":{"start":{"line":25,"column":4},"end":{"line":25,"column":null}},"13":{"start":{"line":31,"column":0},"end":{"line":31,"column":12}},"14":{"start":{"line":32,"column":0},"end":{"line":34,"column":null}},"15":{"start":{"line":33,"column":2},"end":{"line":33,"column":14}},"16":{"start":{"line":35,"column":33},"end":{"line":35,"column":null}},"17":{"start":{"line":36,"column":28},"end":{"line":36,"column":33}},"18":{"start":{"line":44,"column":20},"end":{"line":44,"column":null}},"19":{"start":{"line":45,"column":32},"end":{"line":45,"column":null}},"20":{"start":{"line":46,"column":35},"end":{"line":46,"column":null}},"21":{"start":{"line":47,"column":25},"end":{"line":47,"column":null}},"22":{"start":{"line":48,"column":24},"end":{"line":48,"column":null}},"23":{"start":{"line":49,"column":27},"end":{"line":49,"column":null}}},"fnMap":{},"branchMap":{"0":{"loc":{"start":{"line":15,"column":0},"end":{"line":15,"column":8}},"type":"switch","locations":[{"start":{"line":17,"column":2},"end":{"line":19,"column":null}},{"start":{"line":20,"column":2},"end":{"line":22,"column":null}},{"start":{"line":23,"column":2},"end":{"line":25,"column":null}},{"start":{"line":26,"column":2},"end":{"line":26,"column":null}}]},"1":{"loc":{"start":{"line":15,"column":8},"end":{"line":15,"column":34}},"type":"binary-expr","locations":[{"start":{"line":15,"column":8},"end":{"line":15,"column":19}},{"start":{"line":15,"column":23},"end":{"line":15,"column":34}}]},"2":{"loc":{"start":{"line":44,"column":20},"end":{"line":44,"column":null}},"type":"binary-expr","locations":[{"start":{"line":44,"column":20},"end":{"line":44,"column":40}},{"start":{"line":44,"column":40},"end":{"line":44,"column":null}}]}},"s":{"0":1,"1":1,"2":1,"3":1,"4":1,"5":1,"6":1,"7":1,"8":1,"9":0,"10":0,"11":0,"12":0,"13":1,"14":1,"15":2,"16":1,"17":1,"18":1,"19":1,"20":1,"21":1,"22":1,"23":1},"f":{},"b":{"0":[1,0,0,0],"1":[1,1],"2":[1,0]}}
,"/media/sostene/New Volume/Andela/mybrand-backend/src/controllers/Article.controller.js": {"path":"/media/sostene/New Volume/Andela/mybrand-backend/src/controllers/Article.controller.js","statementMap":{"0":{"start":{"line":1,"column":0},"end":{"line":1,"column":null}},"1":{"start":{"line":2,"column":0},"end":{"line":2,"column":null}},"2":{"start":{"line":5,"column":4},"end":{"line":29,"column":null}},"3":{"start":{"line":6,"column":6},"end":{"line":7,"column":15}},"4":{"start":{"line":7,"column":8},"end":{"line":7,"column":15}},"5":{"start":{"line":10,"column":30},"end":{"line":10,"column":null}},"6":{"start":{"line":12,"column":62},"end":{"line":12,"column":null}},"7":{"start":{"line":13,"column":21},"end":{"line":13,"column":42}},"8":{"start":{"line":21,"column":6},"end":{"line":21,"column":17}},"9":{"start":{"line":22,"column":6},"end":{"line":23,"column":15}},"10":{"start":{"line":23,"column":8},"end":{"line":23,"column":15}},"11":{"start":{"line":24,"column":6},"end":{"line":24,"column":13}},"12":{"start":{"line":28,"column":6},"end":{"line":28,"column":14}},"13":{"start":{"line":32,"column":4},"end":{"line":42,"column":null}},"14":{"start":{"line":33,"column":40},"end":{"line":33,"column":null}},"15":{"start":{"line":34,"column":21},"end":{"line":34,"column":42}},"16":{"start":{"line":35,"column":6},"end":{"line":36,"column":15}},"17":{"start":{"line":36,"column":8},"end":{"line":36,"column":15}},"18":{"start":{"line":37,"column":6},"end":{"line":37,"column":13}},"19":{"start":{"line":41,"column":6},"end":{"line":41,"column":14}},"20":{"start":{"line":45,"column":4},"end":{"line":55,"column":null}},"21":{"start":{"line":46,"column":21},"end":{"line":46,"column":null}},"22":{"start":{"line":47,"column":21},"end":{"line":47,"column":42}},"23":{"start":{"line":48,"column":6},"end":{"line":49,"column":15}},"24":{"start":{"line":49,"column":8},"end":{"line":49,"column":15}},"25":{"start":{"line":50,"column":6},"end":{"line":50,"column":13}},"26":{"start":{"line":54,"column":6},"end":{"line":54,"column":14}},"27":{"start":{"line":58,"column":4},"end":{"line":69,"column":null}},"28":{"start":{"line":59,"column":28},"end":{"line":59,"column":null}},"29":{"start":{"line":60,"column":26},"end":{"line":60,"column":null}},"30":{"start":{"line":61,"column":21},"end":{"line":61,"column":42}},"31":{"start":{"line":62,"column":6},"end":{"line":63,"column":15}},"32":{"start":{"line":63,"column":8},"end":{"line":63,"column":15}},"33":{"start":{"line":64,"column":6},"end":{"line":64,"column":13}},"34":{"start":{"line":68,"column":6},"end":{"line":68,"column":14}},"35":{"start":{"line":72,"column":4},"end":{"line":82,"column":null}},"36":{"start":{"line":73,"column":21},"end":{"line":73,"column":null}},"37":{"start":{"line":74,"column":21},"end":{"line":74,"column":42}},"38":{"start":{"line":75,"column":6},"end":{"line":76,"column":15}},"39":{"start":{"line":76,"column":8},"end":{"line":76,"column":15}},"40":{"start":{"line":77,"column":6},"end":{"line":77,"column":13}},"41":{"start":{"line":81,"column":6},"end":{"line":81,"column":14}},"42":{"start":{"line":85,"column":4},"end":{"line":115,"column":null}},"43":{"start":{"line":87,"column":6},"end":{"line":87,"column":50}},"44":{"start":{"line":87,"column":45},"end":{"line":87,"column":50}},"45":{"start":{"line":88,"column":21},"end":{"line":88,"column":null}},"46":{"start":{"line":97,"column":10},"end":{"line":97,"column":null}},"47":{"start":{"line":98,"column":21},"end":{"line":98,"column":42}},"48":{"start":{"line":108,"column":6},"end":{"line":109,"column":15}},"49":{"start":{"line":109,"column":8},"end":{"line":109,"column":15}},"50":{"start":{"line":110,"column":6},"end":{"line":110,"column":13}},"51":{"start":{"line":114,"column":6},"end":{"line":114,"column":14}}},"fnMap":{"0":{"name":"(anonymous_0)","decl":{"start":{"line":4,"column":25},"end":{"line":4,"column":26}},"loc":{"start":{"line":4,"column":45},"end":{"line":30,"column":null}}},"1":{"name":"(anonymous_1)","decl":{"start":{"line":31,"column":26},"end":{"line":31,"column":27}},"loc":{"start":{"line":31,"column":46},"end":{"line":43,"column":null}}},"2":{"name":"(anonymous_2)","decl":{"start":{"line":44,"column":25},"end":{"line":44,"column":26}},"loc":{"start":{"line":44,"column":45},"end":{"line":56,"column":null}}},"3":{"name":"(anonymous_3)","decl":{"start":{"line":57,"column":25},"end":{"line":57,"column":26}},"loc":{"start":{"line":57,"column":45},"end":{"line":70,"column":null}}},"4":{"name":"(anonymous_4)","decl":{"start":{"line":71,"column":28},"end":{"line":71,"column":29}},"loc":{"start":{"line":71,"column":48},"end":{"line":83,"column":null}}},"5":{"name":"(anonymous_5)","decl":{"start":{"line":84,"column":28},"end":{"line":84,"column":29}},"loc":{"start":{"line":84,"column":48},"end":{"line":116,"column":null}}}},"branchMap":{"0":{"loc":{"start":{"line":6,"column":6},"end":{"line":7,"column":15}},"type":"if","locations":[{"start":{"line":6,"column":6},"end":{"line":7,"column":15}},{"start":{"line":6,"column":6},"end":{"line":7,"column":15}}]},"1":{"loc":{"start":{"line":22,"column":6},"end":{"line":23,"column":15}},"type":"if","locations":[{"start":{"line":22,"column":6},"end":{"line":23,"column":15}},{"start":{"line":22,"column":6},"end":{"line":23,"column":15}}]},"2":{"loc":{"start":{"line":33,"column":14},"end":{"line":33,"column":24}},"type":"default-arg","locations":[{"start":{"line":33,"column":21},"end":{"line":33,"column":24}}]},"3":{"loc":{"start":{"line":33,"column":24},"end":{"line":33,"column":40}},"type":"default-arg","locations":[{"start":{"line":33,"column":32},"end":{"line":33,"column":40}}]},"4":{"loc":{"start":{"line":35,"column":6},"end":{"line":36,"column":15}},"type":"if","locations":[{"start":{"line":35,"column":6},"end":{"line":36,"column":15}},{"start":{"line":35,"column":6},"end":{"line":36,"column":15}}]},"5":{"loc":{"start":{"line":48,"column":6},"end":{"line":49,"column":15}},"type":"if","locations":[{"start":{"line":48,"column":6},"end":{"line":49,"column":15}},{"start":{"line":48,"column":6},"end":{"line":49,"column":15}}]},"6":{"loc":{"start":{"line":62,"column":6},"end":{"line":63,"column":15}},"type":"if","locations":[{"start":{"line":62,"column":6},"end":{"line":63,"column":15}},{"start":{"line":62,"column":6},"end":{"line":63,"column":15}}]},"7":{"loc":{"start":{"line":75,"column":6},"end":{"line":76,"column":15}},"type":"if","locations":[{"start":{"line":75,"column":6},"end":{"line":76,"column":15}},{"start":{"line":75,"column":6},"end":{"line":76,"column":15}}]},"8":{"loc":{"start":{"line":87,"column":6},"end":{"line":87,"column":50}},"type":"if","locations":[{"start":{"line":87,"column":6},"end":{"line":87,"column":50}},{"start":{"line":87,"column":6},"end":{"line":87,"column":50}}]},"9":{"loc":{"start":{"line":87,"column":10},"end":{"line":87,"column":45}},"type":"binary-expr","locations":[{"start":{"line":87,"column":10},"end":{"line":87,"column":26}},{"start":{"line":87,"column":26},"end":{"line":87,"column":45}}]},"10":{"loc":{"start":{"line":108,"column":6},"end":{"line":109,"column":15}},"type":"if","locations":[{"start":{"line":108,"column":6},"end":{"line":109,"column":15}},{"start":{"line":108,"column":6},"end":{"line":109,"column":15}}]}},"s":{"0":1,"1":1,"2":0,"3":0,"4":0,"5":0,"6":0,"7":0,"8":0,"9":0,"10":0,"11":0,"12":0,"13":0,"14":0,"15":0,"16":0,"17":0,"18":0,"19":0,"20":0,"21":0,"22":0,"23":0,"24":0,"25":0,"26":0,"27":0,"28":0,"29":0,"30":0,"31":0,"32":0,"33":0,"34":0,"35":0,"36":0,"37":0,"38":0,"39":0,"40":0,"41":0,"42":0,"43":0,"44":0,"45":0,"46":0,"47":0,"48":0,"49":0,"50":0,"51":0},"f":{"0":0,"1":0,"2":0,"3":0,"4":0,"5":0},"b":{"0":[0,0],"1":[0,0],"2":[0],"3":[0],"4":[0,0],"5":[0,0],"6":[0,0],"7":[0,0],"8":[0,0],"9":[0,0],"10":[0,0]}}
,"/media/sostene/New Volume/Andela/mybrand-backend/src/controllers/ArticleCategory.controller.js": {"path":"/media/sostene/New Volume/Andela/mybrand-backend/src/controllers/ArticleCategory.controller.js","statementMap":{"0":{"start":{"line":1,"column":0},"end":{"line":1,"column":null}},"1":{"start":{"line":4,"column":4},"end":{"line":18,"column":null}},"2":{"start":{"line":5,"column":53},"end":{"line":5,"column":null}},"3":{"start":{"line":6,"column":21},"end":{"line":6,"column":42}},"4":{"start":{"line":11,"column":6},"end":{"line":12,"column":15}},"5":{"start":{"line":12,"column":8},"end":{"line":12,"column":15}},"6":{"start":{"line":13,"column":6},"end":{"line":13,"column":13}},"7":{"start":{"line":17,"column":6},"end":{"line":17,"column":14}},"8":{"start":{"line":21,"column":4},"end":{"line":36,"column":null}},"9":{"start":{"line":22,"column":21},"end":{"line":22,"column":null}},"10":{"start":{"line":23,"column":40},"end":{"line":23,"column":null}},"11":{"start":{"line":24,"column":21},"end":{"line":24,"column":42}},"12":{"start":{"line":29,"column":6},"end":{"line":30,"column":15}},"13":{"start":{"line":30,"column":8},"end":{"line":30,"column":15}},"14":{"start":{"line":31,"column":6},"end":{"line":31,"column":13}},"15":{"start":{"line":35,"column":6},"end":{"line":35,"column":14}},"16":{"start":{"line":39,"column":4},"end":{"line":53,"column":null}},"17":{"start":{"line":40,"column":21},"end":{"line":40,"column":null}},"18":{"start":{"line":41,"column":37},"end":{"line":41,"column":null}},"19":{"start":{"line":42,"column":21},"end":{"line":42,"column":42}},"20":{"start":{"line":46,"column":6},"end":{"line":47,"column":15}},"21":{"start":{"line":47,"column":8},"end":{"line":47,"column":15}},"22":{"start":{"line":48,"column":6},"end":{"line":48,"column":13}},"23":{"start":{"line":52,"column":6},"end":{"line":52,"column":14}}},"fnMap":{"0":{"name":"(anonymous_0)","decl":{"start":{"line":3,"column":28},"end":{"line":3,"column":29}},"loc":{"start":{"line":3,"column":48},"end":{"line":19,"column":null}}},"1":{"name":"(anonymous_1)","decl":{"start":{"line":20,"column":26},"end":{"line":20,"column":27}},"loc":{"start":{"line":20,"column":46},"end":{"line":37,"column":null}}},"2":{"name":"(anonymous_2)","decl":{"start":{"line":38,"column":29},"end":{"line":38,"column":30}},"loc":{"start":{"line":38,"column":49},"end":{"line":54,"column":null}}}},"branchMap":{"0":{"loc":{"start":{"line":5,"column":14},"end":{"line":5,"column":24}},"type":"default-arg","locations":[{"start":{"line":5,"column":21},"end":{"line":5,"column":24}}]},"1":{"loc":{"start":{"line":5,"column":24},"end":{"line":5,"column":37}},"type":"default-arg","locations":[{"start":{"line":5,"column":32},"end":{"line":5,"column":37}}]},"2":{"loc":{"start":{"line":5,"column":37},"end":{"line":5,"column":53}},"type":"default-arg","locations":[{"start":{"line":5,"column":46},"end":{"line":5,"column":53}}]},"3":{"loc":{"start":{"line":11,"column":6},"end":{"line":12,"column":15}},"type":"if","locations":[{"start":{"line":11,"column":6},"end":{"line":12,"column":15}},{"start":{"line":11,"column":6},"end":{"line":12,"column":15}}]},"4":{"loc":{"start":{"line":29,"column":6},"end":{"line":30,"column":15}},"type":"if","locations":[{"start":{"line":29,"column":6},"end":{"line":30,"column":15}},{"start":{"line":29,"column":6},"end":{"line":30,"column":15}}]},"5":{"loc":{"start":{"line":46,"column":6},"end":{"line":47,"column":15}},"type":"if","locations":[{"start":{"line":46,"column":6},"end":{"line":47,"column":15}},{"start":{"line":46,"column":6},"end":{"line":47,"column":15}}]}},"s":{"0":1,"1":0,"2":0,"3":0,"4":0,"5":0,"6":0,"7":0,"8":0,"9":0,"10":0,"11":0,"12":0,"13":0,"14":0,"15":0,"16":0,"17":0,"18":0,"19":0,"20":0,"21":0,"22":0,"23":0},"f":{"0":0,"1":0,"2":0},"b":{"0":[0],"1":[0],"2":[0],"3":[0,0],"4":[0,0],"5":[0,0]}}
,"/media/sostene/New Volume/Andela/mybrand-backend/src/controllers/Authentication.controller.js": {"path":"/media/sostene/New Volume/Andela/mybrand-backend/src/controllers/Authentication.controller.js","statementMap":{"0":{"start":{"line":1,"column":0},"end":{"line":1,"column":null}},"1":{"start":{"line":2,"column":0},"end":{"line":2,"column":null}},"2":{"start":{"line":5,"column":4},"end":{"line":28,"column":null}},"3":{"start":{"line":6,"column":23},"end":{"line":6,"column":null}},"4":{"start":{"line":7,"column":6},"end":{"line":8,"column":15}},"5":{"start":{"line":8,"column":8},"end":{"line":8,"column":15}},"6":{"start":{"line":12,"column":20},"end":{"line":12,"column":null}},"7":{"start":{"line":16,"column":21},"end":{"line":16,"column":39}},"8":{"start":{"line":19,"column":6},"end":{"line":20,"column":15}},"9":{"start":{"line":20,"column":8},"end":{"line":20,"column":15}},"10":{"start":{"line":23,"column":6},"end":{"line":23,"column":13}},"11":{"start":{"line":27,"column":6},"end":{"line":27,"column":14}},"12":{"start":{"line":31,"column":4},"end":{"line":51,"column":null}},"13":{"start":{"line":32,"column":23},"end":{"line":32,"column":null}},"14":{"start":{"line":33,"column":24},"end":{"line":33,"column":null}},"15":{"start":{"line":34,"column":6},"end":{"line":35,"column":15}},"16":{"start":{"line":35,"column":8},"end":{"line":35,"column":15}},"17":{"start":{"line":39,"column":21},"end":{"line":39,"column":39}},"18":{"start":{"line":42,"column":6},"end":{"line":43,"column":15}},"19":{"start":{"line":43,"column":8},"end":{"line":43,"column":15}},"20":{"start":{"line":46,"column":6},"end":{"line":46,"column":13}},"21":{"start":{"line":50,"column":6},"end":{"line":50,"column":14}}},"fnMap":{"0":{"name":"(anonymous_0)","decl":{"start":{"line":4,"column":20},"end":{"line":4,"column":21}},"loc":{"start":{"line":4,"column":40},"end":{"line":29,"column":null}}},"1":{"name":"(anonymous_1)","decl":{"start":{"line":30,"column":21},"end":{"line":30,"column":22}},"loc":{"start":{"line":30,"column":41},"end":{"line":52,"column":null}}}},"branchMap":{"0":{"loc":{"start":{"line":7,"column":6},"end":{"line":8,"column":15}},"type":"if","locations":[{"start":{"line":7,"column":6},"end":{"line":8,"column":15}},{"start":{"line":7,"column":6},"end":{"line":8,"column":15}}]},"1":{"loc":{"start":{"line":19,"column":6},"end":{"line":20,"column":15}},"type":"if","locations":[{"start":{"line":19,"column":6},"end":{"line":20,"column":15}},{"start":{"line":19,"column":6},"end":{"line":20,"column":15}}]},"2":{"loc":{"start":{"line":34,"column":6},"end":{"line":35,"column":15}},"type":"if","locations":[{"start":{"line":34,"column":6},"end":{"line":35,"column":15}},{"start":{"line":34,"column":6},"end":{"line":35,"column":15}}]},"3":{"loc":{"start":{"line":42,"column":6},"end":{"line":43,"column":15}},"type":"if","locations":[{"start":{"line":42,"column":6},"end":{"line":43,"column":15}},{"start":{"line":42,"column":6},"end":{"line":43,"column":15}}]}},"s":{"0":1,"1":1,"2":2,"3":2,"4":2,"5":0,"6":2,"7":2,"8":2,"9":0,"10":2,"11":0,"12":0,"13":0,"14":0,"15":0,"16":0,"17":0,"18":0,"19":0,"20":0,"21":0},"f":{"0":2,"1":0},"b":{"0":[0,2],"1":[0,2],"2":[0,0],"3":[0,0]}}
,"/media/sostene/New Volume/Andela/mybrand-backend/src/controllers/Comment.controller.js": {"path":"/media/sostene/New Volume/Andela/mybrand-backend/src/controllers/Comment.controller.js","statementMap":{"0":{"start":{"line":1,"column":0},"end":{"line":1,"column":null}},"1":{"start":{"line":4,"column":4},"end":{"line":15,"column":null}},"2":{"start":{"line":5,"column":28},"end":{"line":5,"column":null}},"3":{"start":{"line":6,"column":26},"end":{"line":6,"column":null}},"4":{"start":{"line":7,"column":21},"end":{"line":7,"column":42}},"5":{"start":{"line":8,"column":6},"end":{"line":9,"column":15}},"6":{"start":{"line":9,"column":8},"end":{"line":9,"column":15}},"7":{"start":{"line":10,"column":6},"end":{"line":10,"column":13}},"8":{"start":{"line":14,"column":6},"end":{"line":14,"column":14}},"9":{"start":{"line":18,"column":4},"end":{"line":28,"column":null}},"10":{"start":{"line":19,"column":21},"end":{"line":19,"column":null}},"11":{"start":{"line":20,"column":21},"end":{"line":20,"column":42}},"12":{"start":{"line":21,"column":6},"end":{"line":22,"column":15}},"13":{"start":{"line":22,"column":8},"end":{"line":22,"column":15}},"14":{"start":{"line":23,"column":6},"end":{"line":23,"column":13}},"15":{"start":{"line":27,"column":6},"end":{"line":27,"column":14}},"16":{"start":{"line":31,"column":4},"end":{"line":41,"column":null}},"17":{"start":{"line":32,"column":51},"end":{"line":32,"column":null}},"18":{"start":{"line":33,"column":21},"end":{"line":33,"column":42}},"19":{"start":{"line":34,"column":6},"end":{"line":35,"column":15}},"20":{"start":{"line":35,"column":8},"end":{"line":35,"column":15}},"21":{"start":{"line":36,"column":6},"end":{"line":36,"column":13}},"22":{"start":{"line":40,"column":6},"end":{"line":40,"column":14}},"23":{"start":{"line":44,"column":4},"end":{"line":59,"column":null}},"24":{"start":{"line":45,"column":38},"end":{"line":45,"column":null}},"25":{"start":{"line":46,"column":21},"end":{"line":46,"column":null}},"26":{"start":{"line":47,"column":21},"end":{"line":47,"column":42}},"27":{"start":{"line":52,"column":6},"end":{"line":53,"column":15}},"28":{"start":{"line":53,"column":8},"end":{"line":53,"column":15}},"29":{"start":{"line":54,"column":6},"end":{"line":54,"column":13}},"30":{"start":{"line":58,"column":6},"end":{"line":58,"column":14}},"31":{"start":{"line":62,"column":4},"end":{"line":72,"column":null}},"32":{"start":{"line":63,"column":21},"end":{"line":63,"column":null}},"33":{"start":{"line":64,"column":21},"end":{"line":64,"column":42}},"34":{"start":{"line":65,"column":6},"end":{"line":66,"column":15}},"35":{"start":{"line":66,"column":8},"end":{"line":66,"column":15}},"36":{"start":{"line":67,"column":6},"end":{"line":67,"column":13}},"37":{"start":{"line":71,"column":6},"end":{"line":71,"column":14}},"38":{"start":{"line":75,"column":4},"end":{"line":86,"column":null}},"39":{"start":{"line":76,"column":26},"end":{"line":76,"column":null}},"40":{"start":{"line":77,"column":21},"end":{"line":77,"column":null}},"41":{"start":{"line":78,"column":21},"end":{"line":78,"column":42}},"42":{"start":{"line":79,"column":6},"end":{"line":80,"column":15}},"43":{"start":{"line":80,"column":8},"end":{"line":80,"column":15}},"44":{"start":{"line":81,"column":6},"end":{"line":81,"column":13}},"45":{"start":{"line":85,"column":6},"end":{"line":85,"column":14}}},"fnMap":{"0":{"name":"(anonymous_0)","decl":{"start":{"line":3,"column":25},"end":{"line":3,"column":26}},"loc":{"start":{"line":3,"column":45},"end":{"line":16,"column":null}}},"1":{"name":"(anonymous_1)","decl":{"start":{"line":17,"column":25},"end":{"line":17,"column":26}},"loc":{"start":{"line":17,"column":45},"end":{"line":29,"column":null}}},"2":{"name":"(anonymous_2)","decl":{"start":{"line":30,"column":26},"end":{"line":30,"column":27}},"loc":{"start":{"line":30,"column":46},"end":{"line":42,"column":null}}},"3":{"name":"(anonymous_3)","decl":{"start":{"line":43,"column":28},"end":{"line":43,"column":29}},"loc":{"start":{"line":43,"column":48},"end":{"line":60,"column":null}}},"4":{"name":"(anonymous_4)","decl":{"start":{"line":61,"column":28},"end":{"line":61,"column":29}},"loc":{"start":{"line":61,"column":48},"end":{"line":73,"column":null}}},"5":{"name":"(anonymous_5)","decl":{"start":{"line":74,"column":27},"end":{"line":74,"column":28}},"loc":{"start":{"line":74,"column":47},"end":{"line":87,"column":null}}}},"branchMap":{"0":{"loc":{"start":{"line":8,"column":6},"end":{"line":9,"column":15}},"type":"if","locations":[{"start":{"line":8,"column":6},"end":{"line":9,"column":15}},{"start":{"line":8,"column":6},"end":{"line":9,"column":15}}]},"1":{"loc":{"start":{"line":21,"column":6},"end":{"line":22,"column":15}},"type":"if","locations":[{"start":{"line":21,"column":6},"end":{"line":22,"column":15}},{"start":{"line":21,"column":6},"end":{"line":22,"column":15}}]},"2":{"loc":{"start":{"line":32,"column":14},"end":{"line":32,"column":27}},"type":"default-arg","locations":[{"start":{"line":32,"column":22},"end":{"line":32,"column":27}}]},"3":{"loc":{"start":{"line":32,"column":27},"end":{"line":32,"column":37}},"type":"default-arg","locations":[{"start":{"line":32,"column":34},"end":{"line":32,"column":37}}]},"4":{"loc":{"start":{"line":34,"column":6},"end":{"line":35,"column":15}},"type":"if","locations":[{"start":{"line":34,"column":6},"end":{"line":35,"column":15}},{"start":{"line":34,"column":6},"end":{"line":35,"column":15}}]},"5":{"loc":{"start":{"line":52,"column":6},"end":{"line":53,"column":15}},"type":"if","locations":[{"start":{"line":52,"column":6},"end":{"line":53,"column":15}},{"start":{"line":52,"column":6},"end":{"line":53,"column":15}}]},"6":{"loc":{"start":{"line":65,"column":6},"end":{"line":66,"column":15}},"type":"if","locations":[{"start":{"line":65,"column":6},"end":{"line":66,"column":15}},{"start":{"line":65,"column":6},"end":{"line":66,"column":15}}]},"7":{"loc":{"start":{"line":79,"column":6},"end":{"line":80,"column":15}},"type":"if","locations":[{"start":{"line":79,"column":6},"end":{"line":80,"column":15}},{"start":{"line":79,"column":6},"end":{"line":80,"column":15}}]}},"s":{"0":1,"1":0,"2":0,"3":0,"4":0,"5":0,"6":0,"7":0,"8":0,"9":0,"10":0,"11":0,"12":0,"13":0,"14":0,"15":0,"16":0,"17":0,"18":0,"19":0,"20":0,"21":0,"22":0,"23":0,"24":0,"25":0,"26":0,"27":0,"28":0,"29":0,"30":0,"31":0,"32":0,"33":0,"34":0,"35":0,"36":0,"37":0,"38":0,"39":0,"40":0,"41":0,"42":0,"43":0,"44":0,"45":0},"f":{"0":0,"1":0,"2":0,"3":0,"4":0,"5":0},"b":{"0":[0,0],"1":[0,0],"2":[0],"3":[0],"4":[0,0],"5":[0,0],"6":[0,0],"7":[0,0]}}
,"/media/sostene/New Volume/Andela/mybrand-backend/src/controllers/Message.controller.js": {"path":"/media/sostene/New Volume/Andela/mybrand-backend/src/controllers/Message.controller.js","statementMap":{"0":{"start":{"line":1,"column":0},"end":{"line":1,"column":null}},"1":{"start":{"line":4,"column":4},"end":{"line":19,"column":null}},"2":{"start":{"line":5,"column":48},"end":{"line":5,"column":null}},"3":{"start":{"line":6,"column":21},"end":{"line":6,"column":42}},"4":{"start":{"line":12,"column":6},"end":{"line":13,"column":15}},"5":{"start":{"line":13,"column":8},"end":{"line":13,"column":15}},"6":{"start":{"line":14,"column":6},"end":{"line":14,"column":13}},"7":{"start":{"line":18,"column":6},"end":{"line":18,"column":14}},"8":{"start":{"line":22,"column":4},"end":{"line":36,"column":null}},"9":{"start":{"line":23,"column":53},"end":{"line":23,"column":null}},"10":{"start":{"line":24,"column":21},"end":{"line":24,"column":42}},"11":{"start":{"line":29,"column":6},"end":{"line":30,"column":15}},"12":{"start":{"line":30,"column":8},"end":{"line":30,"column":15}},"13":{"start":{"line":31,"column":6},"end":{"line":31,"column":13}},"14":{"start":{"line":35,"column":6},"end":{"line":35,"column":14}},"15":{"start":{"line":39,"column":4},"end":{"line":49,"column":null}},"16":{"start":{"line":40,"column":21},"end":{"line":40,"column":null}},"17":{"start":{"line":41,"column":21},"end":{"line":41,"column":42}},"18":{"start":{"line":42,"column":6},"end":{"line":43,"column":15}},"19":{"start":{"line":43,"column":8},"end":{"line":43,"column":15}},"20":{"start":{"line":44,"column":6},"end":{"line":44,"column":13}},"21":{"start":{"line":48,"column":6},"end":{"line":48,"column":14}},"22":{"start":{"line":52,"column":4},"end":{"line":62,"column":null}},"23":{"start":{"line":53,"column":21},"end":{"line":53,"column":null}},"24":{"start":{"line":54,"column":21},"end":{"line":54,"column":42}},"25":{"start":{"line":55,"column":6},"end":{"line":56,"column":15}},"26":{"start":{"line":56,"column":8},"end":{"line":56,"column":15}},"27":{"start":{"line":57,"column":6},"end":{"line":57,"column":13}},"28":{"start":{"line":61,"column":6},"end":{"line":61,"column":14}},"29":{"start":{"line":65,"column":4},"end":{"line":76,"column":null}},"30":{"start":{"line":66,"column":21},"end":{"line":66,"column":null}},"31":{"start":{"line":67,"column":30},"end":{"line":67,"column":null}},"32":{"start":{"line":68,"column":21},"end":{"line":68,"column":42}},"33":{"start":{"line":69,"column":6},"end":{"line":70,"column":15}},"34":{"start":{"line":70,"column":8},"end":{"line":70,"column":15}},"35":{"start":{"line":71,"column":6},"end":{"line":71,"column":13}},"36":{"start":{"line":75,"column":6},"end":{"line":75,"column":14}}},"fnMap":{"0":{"name":"(anonymous_0)","decl":{"start":{"line":3,"column":25},"end":{"line":3,"column":26}},"loc":{"start":{"line":3,"column":45},"end":{"line":20,"column":null}}},"1":{"name":"(anonymous_1)","decl":{"start":{"line":21,"column":28},"end":{"line":21,"column":29}},"loc":{"start":{"line":21,"column":48},"end":{"line":37,"column":null}}},"2":{"name":"(anonymous_2)","decl":{"start":{"line":38,"column":27},"end":{"line":38,"column":28}},"loc":{"start":{"line":38,"column":47},"end":{"line":50,"column":null}}},"3":{"name":"(anonymous_3)","decl":{"start":{"line":51,"column":28},"end":{"line":51,"column":29}},"loc":{"start":{"line":51,"column":48},"end":{"line":63,"column":null}}},"4":{"name":"(anonymous_4)","decl":{"start":{"line":64,"column":28},"end":{"line":64,"column":29}},"loc":{"start":{"line":64,"column":48},"end":{"line":77,"column":null}}}},"branchMap":{"0":{"loc":{"start":{"line":12,"column":6},"end":{"line":13,"column":15}},"type":"if","locations":[{"start":{"line":12,"column":6},"end":{"line":13,"column":15}},{"start":{"line":12,"column":6},"end":{"line":13,"column":15}}]},"1":{"loc":{"start":{"line":23,"column":14},"end":{"line":23,"column":27}},"type":"default-arg","locations":[{"start":{"line":23,"column":22},"end":{"line":23,"column":27}}]},"2":{"loc":{"start":{"line":23,"column":27},"end":{"line":23,"column":37}},"type":"default-arg","locations":[{"start":{"line":23,"column":34},"end":{"line":23,"column":37}}]},"3":{"loc":{"start":{"line":23,"column":37},"end":{"line":23,"column":53}},"type":"default-arg","locations":[{"start":{"line":23,"column":46},"end":{"line":23,"column":53}}]},"4":{"loc":{"start":{"line":29,"column":6},"end":{"line":30,"column":15}},"type":"if","locations":[{"start":{"line":29,"column":6},"end":{"line":30,"column":15}},{"start":{"line":29,"column":6},"end":{"line":30,"column":15}}]},"5":{"loc":{"start":{"line":42,"column":6},"end":{"line":43,"column":15}},"type":"if","locations":[{"start":{"line":42,"column":6},"end":{"line":43,"column":15}},{"start":{"line":42,"column":6},"end":{"line":43,"column":15}}]},"6":{"loc":{"start":{"line":55,"column":6},"end":{"line":56,"column":15}},"type":"if","locations":[{"start":{"line":55,"column":6},"end":{"line":56,"column":15}},{"start":{"line":55,"column":6},"end":{"line":56,"column":15}}]},"7":{"loc":{"start":{"line":69,"column":6},"end":{"line":70,"column":15}},"type":"if","locations":[{"start":{"line":69,"column":6},"end":{"line":70,"column":15}},{"start":{"line":69,"column":6},"end":{"line":70,"column":15}}]}},"s":{"0":1,"1":2,"2":2,"3":2,"4":2,"5":0,"6":2,"7":0,"8":1,"9":1,"10":1,"11":1,"12":0,"13":1,"14":0,"15":0,"16":0,"17":0,"18":0,"19":0,"20":0,"21":0,"22":0,"23":0,"24":0,"25":0,"26":0,"27":0,"28":0,"29":2,"30":2,"31":2,"32":2,"33":2,"34":0,"35":2,"36":0},"f":{"0":2,"1":1,"2":0,"3":0,"4":2},"b":{"0":[0,2],"1":[1],"2":[1],"3":[1],"4":[0,1],"5":[0,0],"6":[0,0],"7":[0,2]}}
,"/media/sostene/New Volume/Andela/mybrand-backend/src/controllers/Sample.controller.js": {"path":"/media/sostene/New Volume/Andela/mybrand-backend/src/controllers/Sample.controller.js","statementMap":{"0":{"start":{"line":3,"column":4},"end":{"line":3,"column":12}}},"fnMap":{"0":{"name":"(anonymous_0)","decl":{"start":{"line":2,"column":23},"end":{"line":2,"column":24}},"loc":{"start":{"line":2,"column":43},"end":{"line":4,"column":null}}}},"branchMap":{},"s":{"0":0},"f":{"0":0},"b":{}}
,"/media/sostene/New Volume/Andela/mybrand-backend/src/controllers/User.controller.js": {"path":"/media/sostene/New Volume/Andela/mybrand-backend/src/controllers/User.controller.js","statementMap":{"0":{"start":{"line":1,"column":0},"end":{"line":1,"column":null}},"1":{"start":{"line":2,"column":0},"end":{"line":2,"column":null}},"2":{"start":{"line":5,"column":4},"end":{"line":31,"column":null}},"3":{"start":{"line":7,"column":6},"end":{"line":7,"column":55}},"4":{"start":{"line":7,"column":45},"end":{"line":7,"column":55}},"5":{"start":{"line":9,"column":67},"end":{"line":9,"column":null}},"6":{"start":{"line":10,"column":6},"end":{"line":15,"column":null}},"7":{"start":{"line":11,"column":8},"end":{"line":11,"column":18}},"8":{"start":{"line":12,"column":8},"end":{"line":12,"column":15}},"9":{"start":{"line":16,"column":21},"end":{"line":16,"column":39}},"10":{"start":{"line":23,"column":6},"end":{"line":23,"column":16}},"11":{"start":{"line":24,"column":6},"end":{"line":25,"column":15}},"12":{"start":{"line":25,"column":8},"end":{"line":25,"column":15}},"13":{"start":{"line":26,"column":6},"end":{"line":26,"column":13}},"14":{"start":{"line":30,"column":6},"end":{"line":30,"column":14}},"15":{"start":{"line":34,"column":4},"end":{"line":58,"column":null}},"16":{"start":{"line":36,"column":6},"end":{"line":36,"column":34}},"17":{"start":{"line":36,"column":24},"end":{"line":36,"column":34}},"18":{"start":{"line":39,"column":8},"end":{"line":39,"column":null}},"19":{"start":{"line":40,"column":26},"end":{"line":40,"column":null}},"20":{"start":{"line":41,"column":21},"end":{"line":41,"column":39}},"21":{"start":{"line":50,"column":6},"end":{"line":50,"column":33}},"22":{"start":{"line":50,"column":22},"end":{"line":50,"column":33}},"23":{"start":{"line":51,"column":6},"end":{"line":52,"column":15}},"24":{"start":{"line":52,"column":8},"end":{"line":52,"column":15}},"25":{"start":{"line":53,"column":6},"end":{"line":53,"column":13}},"26":{"start":{"line":57,"column":6},"end":{"line":57,"column":14}},"27":{"start":{"line":61,"column":4},"end":{"line":71,"column":null}},"28":{"start":{"line":62,"column":26},"end":{"line":62,"column":null}},"29":{"start":{"line":63,"column":21},"end":{"line":63,"column":39}},"30":{"start":{"line":64,"column":6},"end":{"line":65,"column":15}},"31":{"start":{"line":65,"column":8},"end":{"line":65,"column":15}},"32":{"start":{"line":66,"column":6},"end":{"line":66,"column":13}},"33":{"start":{"line":70,"column":6},"end":{"line":70,"column":14}},"34":{"start":{"line":74,"column":4},"end":{"line":84,"column":null}},"35":{"start":{"line":75,"column":26},"end":{"line":75,"column":null}},"36":{"start":{"line":76,"column":21},"end":{"line":76,"column":39}},"37":{"start":{"line":77,"column":6},"end":{"line":78,"column":15}},"38":{"start":{"line":78,"column":8},"end":{"line":78,"column":15}},"39":{"start":{"line":79,"column":6},"end":{"line":79,"column":13}},"40":{"start":{"line":83,"column":6},"end":{"line":83,"column":14}},"41":{"start":{"line":87,"column":4},"end":{"line":100,"column":null}},"42":{"start":{"line":88,"column":6},"end":{"line":89,"column":15}},"43":{"start":{"line":89,"column":8},"end":{"line":89,"column":15}},"44":{"start":{"line":90,"column":30},"end":{"line":90,"column":null}},"45":{"start":{"line":92,"column":21},"end":{"line":92,"column":39}},"46":{"start":{"line":93,"column":6},"end":{"line":94,"column":15}},"47":{"start":{"line":94,"column":8},"end":{"line":94,"column":15}},"48":{"start":{"line":95,"column":6},"end":{"line":95,"column":13}},"49":{"start":{"line":99,"column":6},"end":{"line":99,"column":14}}},"fnMap":{"0":{"name":"(anonymous_0)","decl":{"start":{"line":4,"column":21},"end":{"line":4,"column":22}},"loc":{"start":{"line":4,"column":41},"end":{"line":32,"column":null}}},"1":{"name":"(anonymous_1)","decl":{"start":{"line":33,"column":25},"end":{"line":33,"column":26}},"loc":{"start":{"line":33,"column":45},"end":{"line":59,"column":null}}},"2":{"name":"(anonymous_2)","decl":{"start":{"line":60,"column":25},"end":{"line":60,"column":26}},"loc":{"start":{"line":60,"column":45},"end":{"line":72,"column":null}}},"3":{"name":"(anonymous_3)","decl":{"start":{"line":73,"column":22},"end":{"line":73,"column":23}},"loc":{"start":{"line":73,"column":42},"end":{"line":85,"column":null}}},"4":{"name":"(anonymous_4)","decl":{"start":{"line":86,"column":23},"end":{"line":86,"column":24}},"loc":{"start":{"line":86,"column":43},"end":{"line":101,"column":null}}}},"branchMap":{"0":{"loc":{"start":{"line":7,"column":6},"end":{"line":7,"column":55}},"type":"if","locations":[{"start":{"line":7,"column":6},"end":{"line":7,"column":55}},{"start":{"line":7,"column":6},"end":{"line":7,"column":55}}]},"1":{"loc":{"start":{"line":7,"column":10},"end":{"line":7,"column":45}},"type":"binary-expr","locations":[{"start":{"line":7,"column":10},"end":{"line":7,"column":26}},{"start":{"line":7,"column":26},"end":{"line":7,"column":45}}]},"2":{"loc":{"start":{"line":10,"column":6},"end":{"line":15,"column":null}},"type":"if","locations":[{"start":{"line":10,"column":6},"end":{"line":15,"column":null}},{"start":{"line":10,"column":6},"end":{"line":15,"column":null}}]},"3":{"loc":{"start":{"line":11,"column":8},"end":{"line":11,"column":33}},"type":"binary-expr","locations":[{"start":{"line":11,"column":8},"end":{"line":11,"column":18}},{"start":{"line":11,"column":22},"end":{"line":11,"column":33}}]},"4":{"loc":{"start":{"line":23,"column":6},"end":{"line":23,"column":31}},"type":"binary-expr","locations":[{"start":{"line":23,"column":6},"end":{"line":23,"column":16}},{"start":{"line":23,"column":20},"end":{"line":23,"column":31}}]},"5":{"loc":{"start":{"line":24,"column":6},"end":{"line":25,"column":15}},"type":"if","locations":[{"start":{"line":24,"column":6},"end":{"line":25,"column":15}},{"start":{"line":24,"column":6},"end":{"line":25,"column":15}}]},"6":{"loc":{"start":{"line":36,"column":6},"end":{"line":36,"column":34}},"type":"if","locations":[{"start":{"line":36,"column":6},"end":{"line":36,"column":34}},{"start":{"line":36,"column":6},"end":{"line":36,"column":34}}]},"7":{"loc":{"start":{"line":50,"column":6},"end":{"line":50,"column":33}},"type":"if","locations":[{"start":{"line":50,"column":6},"end":{"line":50,"column":33}},{"start":{"line":50,"column":6},"end":{"line":50,"column":33}}]},"8":{"loc":{"start":{"line":51,"column":6},"end":{"line":52,"column":15}},"type":"if","locations":[{"start":{"line":51,"column":6},"end":{"line":52,"column":15}},{"start":{"line":51,"column":6},"end":{"line":52,"column":15}}]},"9":{"loc":{"start":{"line":64,"column":6},"end":{"line":65,"column":15}},"type":"if","locations":[{"start":{"line":64,"column":6},"end":{"line":65,"column":15}},{"start":{"line":64,"column":6},"end":{"line":65,"column":15}}]},"10":{"loc":{"start":{"line":77,"column":6},"end":{"line":78,"column":15}},"type":"if","locations":[{"start":{"line":77,"column":6},"end":{"line":78,"column":15}},{"start":{"line":77,"column":6},"end":{"line":78,"column":15}}]},"11":{"loc":{"start":{"line":88,"column":6},"end":{"line":89,"column":15}},"type":"if","locations":[{"start":{"line":88,"column":6},"end":{"line":89,"column":15}},{"start":{"line":88,"column":6},"end":{"line":89,"column":15}}]},"12":{"loc":{"start":{"line":93,"column":6},"end":{"line":94,"column":15}},"type":"if","locations":[{"start":{"line":93,"column":6},"end":{"line":94,"column":15}},{"start":{"line":93,"column":6},"end":{"line":94,"column":15}}]}},"s":{"0":1,"1":1,"2":4,"3":4,"4":0,"5":4,"6":4,"7":0,"8":0,"9":4,"10":4,"11":4,"12":2,"13":2,"14":0,"15":0,"16":0,"17":0,"18":0,"19":0,"20":0,"21":0,"22":0,"23":0,"24":0,"25":0,"26":0,"27":0,"28":0,"29":0,"30":0,"31":0,"32":0,"33":0,"34":0,"35":0,"36":0,"37":0,"38":0,"39":0,"40":0,"41":0,"42":0,"43":0,"44":0,"45":0,"46":0,"47":0,"48":0,"49":0},"f":{"0":4,"1":0,"2":0,"3":0,"4":0},"b":{"0":[0,4],"1":[4,0],"2":[0,4],"3":[0,0],"4":[4,0],"5":[2,2],"6":[0,0],"7":[0,0],"8":[0,0],"9":[0,0],"10":[0,0],"11":[0,0],"12":[0,0]}}
,"/media/sostene/New Volume/Andela/mybrand-backend/src/controllers/index.js": {"path":"/media/sostene/New Volume/Andela/mybrand-backend/src/controllers/index.js","statementMap":{"0":{"start":{"line":1,"column":0},"end":{"line":1,"column":null}},"1":{"start":{"line":2,"column":0},"end":{"line":2,"column":null}},"2":{"start":{"line":3,"column":0},"end":{"line":3,"column":null}},"3":{"start":{"line":4,"column":0},"end":{"line":4,"column":null}},"4":{"start":{"line":5,"column":0},"end":{"line":5,"column":null}},"5":{"start":{"line":6,"column":0},"end":{"line":6,"column":null}},"6":{"start":{"line":7,"column":0},"end":{"line":7,"column":null}}},"fnMap":{},"branchMap":{},"s":{"0":1,"1":1,"2":1,"3":1,"4":1,"5":1,"6":1},"f":{},"b":{}}
,"/media/sostene/New Volume/Andela/mybrand-backend/src/helpers/jwt.js": {"path":"/media/sostene/New Volume/Andela/mybrand-backend/src/helpers/jwt.js","statementMap":{"0":{"start":{"line":1,"column":0},"end":{"line":1,"column":null}},"1":{"start":{"line":2,"column":0},"end":{"line":2,"column":null}},"2":{"start":{"line":3,"column":0},"end":{"line":3,"column":null}},"3":{"start":{"line":4,"column":25},"end":{"line":8,"column":null}},"4":{"start":{"line":5,"column":2},"end":{"line":7,"column":null}},"5":{"start":{"line":6,"column":4},"end":{"line":6,"column":11}},"6":{"start":{"line":9,"column":27},"end":{"line":18,"column":null}},"7":{"start":{"line":10,"column":2},"end":{"line":17,"column":null}},"8":{"start":{"line":11,"column":20},"end":{"line":11,"column":30}},"9":{"start":{"line":12,"column":4},"end":{"line":12,"column":11}},"10":{"start":{"line":14,"column":4},"end":{"line":14,"column":12}},"11":{"start":{"line":19,"column":31},"end":{"line":25,"column":null}},"12":{"start":{"line":20,"column":18},"end":{"line":20,"column":28}},"13":{"start":{"line":21,"column":19},"end":{"line":21,"column":null}},"14":{"start":{"line":22,"column":22},"end":{"line":22,"column":33}},"15":{"start":{"line":23,"column":2},"end":{"line":23,"column":26}},"16":{"start":{"line":23,"column":20},"end":{"line":23,"column":26}},"17":{"start":{"line":24,"column":2},"end":{"line":24,"column":9}}},"fnMap":{"0":{"name":"(anonymous_1)","decl":{"start":{"line":4,"column":25},"end":{"line":4,"column":41}},"loc":{"start":{"line":4,"column":59},"end":{"line":8,"column":null}}},"1":{"name":"(anonymous_2)","decl":{"start":{"line":9,"column":27},"end":{"line":9,"column":43}},"loc":{"start":{"line":9,"column":50},"end":{"line":18,"column":null}}},"2":{"name":"(anonymous_3)","decl":{"start":{"line":19,"column":31},"end":{"line":19,"column":47}},"loc":{"start":{"line":19,"column":54},"end":{"line":25,"column":null}}}},"branchMap":{"0":{"loc":{"start":{"line":23,"column":2},"end":{"line":23,"column":26}},"type":"if","locations":[{"start":{"line":23,"column":2},"end":{"line":23,"column":26}},{"start":{"line":23,"column":2},"end":{"line":23,"column":26}}]}},"s":{"0":1,"1":1,"2":1,"3":1,"4":2,"5":2,"6":1,"7":0,"8":0,"9":0,"10":0,"11":1,"12":5,"13":3,"14":3,"15":3,"16":0,"17":3},"f":{"0":2,"1":0,"2":5},"b":{"0":[0,3]}}
,"/media/sostene/New Volume/Andela/mybrand-backend/src/helpers/uploader.js": {"path":"/media/sostene/New Volume/Andela/mybrand-backend/src/helpers/uploader.js","statementMap":{"0":{"start":{"line":1,"column":0},"end":{"line":1,"column":null}},"1":{"start":{"line":2,"column":0},"end":{"line":2,"column":null}},"2":{"start":{"line":3,"column":0},"end":{"line":3,"column":null}},"3":{"start":{"line":10,"column":0},"end":{"line":10,"column":null}},"4":{"start":{"line":12,"column":0},"end":{"line":12,"column":11}},"5":{"start":{"line":19,"column":16},"end":{"line":19,"column":23}},"6":{"start":{"line":21,"column":4},"end":{"line":21,"column":6}},"7":{"start":{"line":24,"column":25},"end":{"line":24,"column":48}},"8":{"start":{"line":25,"column":4},"end":{"line":25,"column":6}},"9":{"start":{"line":32,"column":34},"end":{"line":39,"column":null}},"10":{"start":{"line":33,"column":2},"end":{"line":33,"column":9}},"11":{"start":{"line":34,"column":4},"end":{"line":34,"column":15}},"12":{"start":{"line":35,"column":6},"end":{"line":35,"column":24}},"13":{"start":{"line":35,"column":17},"end":{"line":35,"column":24}},"14":{"start":{"line":36,"column":6},"end":{"line":36,"column":13}},"15":{"start":{"line":40,"column":30},"end":{"line":40,"column":37}}},"fnMap":{"0":{"name":"(anonymous_4)","decl":{"start":{"line":20,"column":15},"end":{"line":20,"column":25}},"loc":{"start":{"line":20,"column":44},"end":{"line":22,"column":null}}},"1":{"name":"(anonymous_5)","decl":{"start":{"line":23,"column":12},"end":{"line":23,"column":22}},"loc":{"start":{"line":23,"column":41},"end":{"line":29,"column":null}}},"2":{"name":"(anonymous_6)","decl":{"start":{"line":32,"column":34},"end":{"line":32,"column":35}},"loc":{"start":{"line":32,"column":52},"end":{"line":39,"column":null}}},"3":{"name":"(anonymous_7)","decl":{"start":{"line":33,"column":22},"end":{"line":33,"column":34}},"loc":{"start":{"line":33,"column":34},"end":{"line":38,"column":null}}},"4":{"name":"(anonymous_8)","decl":{"start":{"line":34,"column":49},"end":{"line":34,"column":59}},"loc":{"start":{"line":34,"column":74},"end":{"line":37,"column":null}}}},"branchMap":{"0":{"loc":{"start":{"line":35,"column":6},"end":{"line":35,"column":24}},"type":"if","locations":[{"start":{"line":35,"column":6},"end":{"line":35,"column":24}},{"start":{"line":35,"column":6},"end":{"line":35,"column":24}}]}},"s":{"0":1,"1":1,"2":1,"3":1,"4":1,"5":1,"6":0,"7":0,"8":0,"9":1,"10":0,"11":0,"12":0,"13":0,"14":0,"15":1},"f":{"0":0,"1":0,"2":0,"3":0,"4":0},"b":{"0":[0,0]}}
,"/media/sostene/New Volume/Andela/mybrand-backend/src/middlewares/auth.js": {"path":"/media/sostene/New Volume/Andela/mybrand-backend/src/middlewares/auth.js","statementMap":{"0":{"start":{"line":1,"column":0},"end":{"line":1,"column":null}},"1":{"start":{"line":2,"column":26},"end":{"line":18,"column":null}},"2":{"start":{"line":3,"column":2},"end":{"line":17,"column":null}},"3":{"start":{"line":5,"column":6},"end":{"line":7,"column":13}},"4":{"start":{"line":9,"column":17},"end":{"line":9,"column":39}},"5":{"start":{"line":10,"column":4},"end":{"line":10,"column":11}},"6":{"start":{"line":11,"column":4},"end":{"line":11,"column":11}},"7":{"start":{"line":12,"column":4},"end":{"line":12,"column":null}},"8":{"start":{"line":14,"column":4},"end":{"line":14,"column":11}}},"fnMap":{"0":{"name":"(anonymous_0)","decl":{"start":{"line":2,"column":26},"end":{"line":2,"column":33}},"loc":{"start":{"line":2,"column":61},"end":{"line":18,"column":null}}}},"branchMap":{"0":{"loc":{"start":{"line":5,"column":6},"end":{"line":7,"column":13}},"type":"binary-expr","locations":[{"start":{"line":5,"column":6},"end":{"line":5,"column":null}},{"start":{"line":6,"column":6},"end":{"line":6,"column":null}},{"start":{"line":7,"column":6},"end":{"line":7,"column":13}}]}},"s":{"0":1,"1":1,"2":5,"3":5,"4":5,"5":3,"6":3,"7":3,"8":2},"f":{"0":5},"b":{"0":[5,5,3]}}
,"/media/sostene/New Volume/Andela/mybrand-backend/src/middlewares/index.js": {"path":"/media/sostene/New Volume/Andela/mybrand-backend/src/middlewares/index.js","statementMap":{"0":{"start":{"line":1,"column":0},"end":{"line":1,"column":null}}},"fnMap":{},"branchMap":{},"s":{"0":1},"f":{},"b":{}}
,"/media/sostene/New Volume/Andela/mybrand-backend/src/middlewares/joiValidator.js": {"path":"/media/sostene/New Volume/Andela/mybrand-backend/src/middlewares/joiValidator.js","statementMap":{"0":{"start":{"line":2,"column":2},"end":{"line":2,"column":9}},"1":{"start":{"line":3,"column":4},"end":{"line":18,"column":null}},"2":{"start":{"line":4,"column":31},"end":{"line":4,"column":43}},"3":{"start":{"line":7,"column":6},"end":{"line":8,"column":15}},"4":{"start":{"line":8,"column":8},"end":{"line":8,"column":15}},"5":{"start":{"line":11,"column":6},"end":{"line":11,"column":13}},"6":{"start":{"line":12,"column":6},"end":{"line":12,"column":null}},"7":{"start":{"line":14,"column":6},"end":{"line":14,"column":13}}},"fnMap":{"0":{"name":"joiValidator","decl":{"start":{"line":1,"column":24},"end":{"line":1,"column":37}},"loc":{"start":{"line":1,"column":45},"end":{"line":20,"column":null}}},"1":{"name":"(anonymous_1)","decl":{"start":{"line":2,"column":9},"end":{"line":2,"column":25}},"loc":{"start":{"line":2,"column":50},"end":{"line":19,"column":null}}}},"branchMap":{"0":{"loc":{"start":{"line":7,"column":6},"end":{"line":8,"column":15}},"type":"if","locations":[{"start":{"line":7,"column":6},"end":{"line":8,"column":15}},{"start":{"line":7,"column":6},"end":{"line":8,"column":15}}]}},"s":{"0":2,"1":7,"2":7,"3":7,"4":2,"5":5,"6":5,"7":0},"f":{"0":2,"1":7},"b":{"0":[2,5]}}
,"/media/sostene/New Volume/Andela/mybrand-backend/src/models/Article.js": {"path":"/media/sostene/New Volume/Andela/mybrand-backend/src/models/Article.js","statementMap":{"0":{"start":{"line":1,"column":0},"end":{"line":1,"column":null}},"1":{"start":{"line":2,"column":22},"end":{"line":2,"column":26}},"2":{"start":{"line":16,"column":15},"end":{"line":16,"column":24}}},"fnMap":{},"branchMap":{},"s":{"0":1,"1":1,"2":1},"f":{},"b":{}}
,"/media/sostene/New Volume/Andela/mybrand-backend/src/models/Category.js": {"path":"/media/sostene/New Volume/Andela/mybrand-backend/src/models/Category.js","statementMap":{"0":{"start":{"line":1,"column":0},"end":{"line":1,"column":null}},"1":{"start":{"line":2,"column":23},"end":{"line":2,"column":27}},"2":{"start":{"line":10,"column":0},"end":{"line":10,"column":14}},"3":{"start":{"line":11,"column":2},"end":{"line":11,"column":7}},"4":{"start":{"line":13,"column":15},"end":{"line":13,"column":21}}},"fnMap":{"0":{"name":"(anonymous_0)","decl":{"start":{"line":10,"column":31},"end":{"line":10,"column":43}},"loc":{"start":{"line":10,"column":43},"end":{"line":12,"column":null}}}},"branchMap":{},"s":{"0":1,"1":1,"2":1,"3":0,"4":1},"f":{"0":0},"b":{}}
,"/media/sostene/New Volume/Andela/mybrand-backend/src/models/Comment.js": {"path":"/media/sostene/New Volume/Andela/mybrand-backend/src/models/Comment.js","statementMap":{"0":{"start":{"line":1,"column":0},"end":{"line":1,"column":null}},"1":{"start":{"line":2,"column":22},"end":{"line":2,"column":26}},"2":{"start":{"line":12,"column":15},"end":{"line":12,"column":24}}},"fnMap":{},"branchMap":{},"s":{"0":1,"1":1,"2":1},"f":{},"b":{}}
,"/media/sostene/New Volume/Andela/mybrand-backend/src/models/Message.js": {"path":"/media/sostene/New Volume/Andela/mybrand-backend/src/models/Message.js","statementMap":{"0":{"start":{"line":1,"column":0},"end":{"line":1,"column":null}},"1":{"start":{"line":2,"column":22},"end":{"line":2,"column":26}},"2":{"start":{"line":13,"column":15},"end":{"line":13,"column":24}}},"fnMap":{},"branchMap":{},"s":{"0":1,"1":1,"2":1},"f":{},"b":{}}
,"/media/sostene/New Volume/Andela/mybrand-backend/src/models/User.js": {"path":"/media/sostene/New Volume/Andela/mybrand-backend/src/models/User.js","statementMap":{"0":{"start":{"line":1,"column":0},"end":{"line":1,"column":null}},"1":{"start":{"line":2,"column":0},"end":{"line":2,"column":null}},"2":{"start":{"line":3,"column":19},"end":{"line":3,"column":23}},"3":{"start":{"line":23,"column":0},"end":{"line":23,"column":10}},"4":{"start":{"line":24,"column":2},"end":{"line":24,"column":43}},"5":{"start":{"line":24,"column":36},"end":{"line":24,"column":43}},"6":{"start":{"line":25,"column":2},"end":{"line":25,"column":7}},"7":{"start":{"line":26,"column":2},"end":{"line":26,"column":null}},"8":{"start":{"line":29,"column":0},"end":{"line":29,"column":10}},"9":{"start":{"line":30,"column":2},"end":{"line":30,"column":9}},"10":{"start":{"line":32,"column":15},"end":{"line":32,"column":24}}},"fnMap":{"0":{"name":"(anonymous_1)","decl":{"start":{"line":23,"column":23},"end":{"line":23,"column":39}},"loc":{"start":{"line":23,"column":45},"end":{"line":27,"column":null}}},"1":{"name":"(anonymous_2)","decl":{"start":{"line":29,"column":37},"end":{"line":29,"column":53}},"loc":{"start":{"line":29,"column":63},"end":{"line":31,"column":null}}}},"branchMap":{"0":{"loc":{"start":{"line":24,"column":2},"end":{"line":24,"column":43}},"type":"if","locations":[{"start":{"line":24,"column":2},"end":{"line":24,"column":43}},{"start":{"line":24,"column":2},"end":{"line":24,"column":43}}]}},"s":{"0":1,"1":1,"2":1,"3":1,"4":4,"5":2,"6":2,"7":2,"8":1,"9":2,"10":1},"f":{"0":4,"1":2},"b":{"0":[2,2]}}
,"/media/sostene/New Volume/Andela/mybrand-backend/src/models/index.js": {"path":"/media/sostene/New Volume/Andela/mybrand-backend/src/models/index.js","statementMap":{"0":{"start":{"line":1,"column":0},"end":{"line":1,"column":null}},"1":{"start":{"line":2,"column":0},"end":{"line":2,"column":null}},"2":{"start":{"line":3,"column":0},"end":{"line":3,"column":null}},"3":{"start":{"line":4,"column":0},"end":{"line":4,"column":null}},"4":{"start":{"line":5,"column":0},"end":{"line":5,"column":null}}},"fnMap":{},"branchMap":{},"s":{"0":1,"1":1,"2":1,"3":1,"4":1},"f":{},"b":{}}
,"/media/sostene/New Volume/Andela/mybrand-backend/src/routes/auth.js": {"path":"/media/sostene/New Volume/Andela/mybrand-backend/src/routes/auth.js","statementMap":{"0":{"start":{"line":1,"column":0},"end":{"line":1,"column":null}},"1":{"start":{"line":2,"column":0},"end":{"line":2,"column":null}},"2":{"start":{"line":3,"column":0},"end":{"line":3,"column":null}},"3":{"start":{"line":4,"column":0},"end":{"line":4,"column":null}},"4":{"start":{"line":5,"column":0},"end":{"line":5,"column":null}},"5":{"start":{"line":6,"column":15},"end":{"line":6,"column":23}},"6":{"start":{"line":7,"column":0},"end":{"line":7,"column":6}},"7":{"start":{"line":12,"column":0},"end":{"line":12,"column":6}},"8":{"start":{"line":13,"column":0},"end":{"line":13,"column":6}},"9":{"start":{"line":14,"column":15},"end":{"line":14,"column":null}}},"fnMap":{},"branchMap":{},"s":{"0":1,"1":1,"2":1,"3":1,"4":1,"5":1,"6":1,"7":1,"8":1,"9":1},"f":{},"b":{}}
,"/media/sostene/New Volume/Andela/mybrand-backend/src/routes/index.js": {"path":"/media/sostene/New Volume/Andela/mybrand-backend/src/routes/index.js","statementMap":{"0":{"start":{"line":1,"column":0},"end":{"line":1,"column":null}},"1":{"start":{"line":2,"column":0},"end":{"line":2,"column":null}},"2":{"start":{"line":3,"column":0},"end":{"line":3,"column":null}},"3":{"start":{"line":4,"column":0},"end":{"line":4,"column":null}},"4":{"start":{"line":5,"column":0},"end":{"line":5,"column":null}},"5":{"start":{"line":6,"column":0},"end":{"line":6,"column":null}},"6":{"start":{"line":7,"column":0},"end":{"line":7,"column":null}},"7":{"start":{"line":8,"column":0},"end":{"line":8,"column":null}},"8":{"start":{"line":9,"column":15},"end":{"line":9,"column":23}},"9":{"start":{"line":10,"column":0},"end":{"line":10,"column":6}},"10":{"start":{"line":11,"column":2},"end":{"line":11,"column":10}},"11":{"start":{"line":13,"column":0},"end":{"line":13,"column":6}},"12":{"start":{"line":14,"column":0},"end":{"line":14,"column":6}},"13":{"start":{"line":15,"column":0},"end":{"line":15,"column":6}},"14":{"start":{"line":16,"column":0},"end":{"line":16,"column":6}},"15":{"start":{"line":17,"column":0},"end":{"line":17,"column":6}},"16":{"start":{"line":18,"column":15},"end":{"line":18,"column":null}}},"fnMap":{"0":{"name":"(anonymous_1)","decl":{"start":{"line":10,"column":16},"end":{"line":10,"column":17}},"loc":{"start":{"line":10,"column":39},"end":{"line":12,"column":null}}}},"branchMap":{},"s":{"0":1,"1":1,"2":1,"3":1,"4":1,"5":1,"6":1,"7":1,"8":1,"9":1,"10":1,"11":1,"12":1,"13":1,"14":1,"15":1,"16":1},"f":{"0":1},"b":{}}
,"/media/sostene/New Volume/Andela/mybrand-backend/src/routes/message.js": {"path":"/media/sostene/New Volume/Andela/mybrand-backend/src/routes/message.js","statementMap":{"0":{"start":{"line":1,"column":0},"end":{"line":1,"column":null}},"1":{"start":{"line":2,"column":0},"end":{"line":2,"column":null}},"2":{"start":{"line":3,"column":0},"end":{"line":3,"column":null}},"3":{"start":{"line":4,"column":0},"end":{"line":4,"column":null}},"4":{"start":{"line":5,"column":0},"end":{"line":5,"column":null}},"5":{"start":{"line":6,"column":15},"end":{"line":6,"column":23}},"6":{"start":{"line":7,"column":0},"end":{"line":7,"column":6}},"7":{"start":{"line":8,"column":0},"end":{"line":8,"column":6}},"8":{"start":{"line":13,"column":0},"end":{"line":13,"column":6}},"9":{"start":{"line":14,"column":0},"end":{"line":14,"column":6}},"10":{"start":{"line":20,"column":0},"end":{"line":20,"column":6}},"11":{"start":{"line":21,"column":15},"end":{"line":21,"column":null}}},"fnMap":{},"branchMap":{},"s":{"0":1,"1":1,"2":1,"3":1,"4":1,"5":1,"6":1,"7":1,"8":1,"9":1,"10":1,"11":1},"f":{},"b":{}}
,"/media/sostene/New Volume/Andela/mybrand-backend/src/routes/user.js": {"path":"/media/sostene/New Volume/Andela/mybrand-backend/src/routes/user.js","statementMap":{"0":{"start":{"line":1,"column":0},"end":{"line":1,"column":null}},"1":{"start":{"line":2,"column":0},"end":{"line":2,"column":null}},"2":{"start":{"line":3,"column":0},"end":{"line":3,"column":null}},"3":{"start":{"line":4,"column":0},"end":{"line":4,"column":null}},"4":{"start":{"line":5,"column":15},"end":{"line":5,"column":23}},"5":{"start":{"line":6,"column":0},"end":{"line":6,"column":6}},"6":{"start":{"line":7,"column":0},"end":{"line":7,"column":6}},"7":{"start":{"line":8,"column":0},"end":{"line":8,"column":6}},"8":{"start":{"line":9,"column":15},"end":{"line":9,"column":null}}},"fnMap":{},"branchMap":{},"s":{"0":1,"1":1,"2":1,"3":1,"4":1,"5":1,"6":1,"7":1,"8":1},"f":{},"b":{}}
,"/media/sostene/New Volume/Andela/mybrand-backend/src/routes/articles/category.js": {"path":"/media/sostene/New Volume/Andela/mybrand-backend/src/routes/articles/category.js","statementMap":{"0":{"start":{"line":1,"column":0},"end":{"line":1,"column":null}},"1":{"start":{"line":2,"column":0},"end":{"line":2,"column":null}},"2":{"start":{"line":3,"column":15},"end":{"line":3,"column":23}},"3":{"start":{"line":4,"column":0},"end":{"line":4,"column":6}},"4":{"start":{"line":5,"column":0},"end":{"line":5,"column":6}},"5":{"start":{"line":6,"column":0},"end":{"line":6,"column":6}},"6":{"start":{"line":7,"column":15},"end":{"line":7,"column":null}}},"fnMap":{},"branchMap":{},"s":{"0":1,"1":1,"2":1,"3":1,"4":1,"5":1,"6":1},"f":{},"b":{}}
,"/media/sostene/New Volume/Andela/mybrand-backend/src/routes/articles/comments.js": {"path":"/media/sostene/New Volume/Andela/mybrand-backend/src/routes/articles/comments.js","statementMap":{"0":{"start":{"line":1,"column":0},"end":{"line":1,"column":null}},"1":{"start":{"line":2,"column":0},"end":{"line":2,"column":null}},"2":{"start":{"line":3,"column":15},"end":{"line":3,"column":23}},"3":{"start":{"line":4,"column":0},"end":{"line":4,"column":6}},"4":{"start":{"line":5,"column":0},"end":{"line":5,"column":6}},"5":{"start":{"line":6,"column":0},"end":{"line":6,"column":6}},"6":{"start":{"line":7,"column":0},"end":{"line":7,"column":6}},"7":{"start":{"line":8,"column":0},"end":{"line":8,"column":6}},"8":{"start":{"line":9,"column":15},"end":{"line":9,"column":null}}},"fnMap":{},"branchMap":{},"s":{"0":1,"1":1,"2":1,"3":1,"4":1,"5":1,"6":1,"7":1,"8":1},"f":{},"b":{}}
,"/media/sostene/New Volume/Andela/mybrand-backend/src/routes/articles/index.js": {"path":"/media/sostene/New Volume/Andela/mybrand-backend/src/routes/articles/index.js","statementMap":{"0":{"start":{"line":1,"column":0},"end":{"line":1,"column":null}},"1":{"start":{"line":2,"column":0},"end":{"line":2,"column":null}},"2":{"start":{"line":3,"column":0},"end":{"line":3,"column":null}},"3":{"start":{"line":4,"column":0},"end":{"line":4,"column":null}},"4":{"start":{"line":5,"column":0},"end":{"line":5,"column":null}},"5":{"start":{"line":6,"column":15},"end":{"line":6,"column":23}},"6":{"start":{"line":7,"column":0},"end":{"line":7,"column":6}},"7":{"start":{"line":8,"column":0},"end":{"line":8,"column":6}},"8":{"start":{"line":9,"column":0},"end":{"line":9,"column":6}},"9":{"start":{"line":10,"column":0},"end":{"line":10,"column":6}},"10":{"start":{"line":11,"column":0},"end":{"line":11,"column":6}},"11":{"start":{"line":12,"column":0},"end":{"line":12,"column":6}},"12":{"start":{"line":13,"column":0},"end":{"line":13,"column":6}},"13":{"start":{"line":14,"column":0},"end":{"line":14,"column":6}},"14":{"start":{"line":15,"column":15},"end":{"line":15,"column":null}}},"fnMap":{},"branchMap":{},"s":{"0":1,"1":1,"2":1,"3":1,"4":1,"5":1,"6":1,"7":1,"8":1,"9":1,"10":1,"11":1,"12":1,"13":1,"14":1},"f":{},"b":{}}
,"/media/sostene/New Volume/Andela/mybrand-backend/src/services/Article.service.js": {"path":"/media/sostene/New Volume/Andela/mybrand-backend/src/services/Article.service.js","statementMap":{"0":{"start":{"line":1,"column":0},"end":{"line":1,"column":null}},"1":{"start":{"line":2,"column":0},"end":{"line":2,"column":null}},"2":{"start":{"line":3,"column":0},"end":{"line":3,"column":null}},"3":{"start":{"line":15,"column":4},"end":{"line":50,"column":null}},"4":{"start":{"line":16,"column":27},"end":{"line":16,"column":null}},"5":{"start":{"line":20,"column":6},"end":{"line":20,"column":32}},"6":{"start":{"line":20,"column":25},"end":{"line":20,"column":32}},"7":{"start":{"line":21,"column":22},"end":{"line":21,"column":26}},"8":{"start":{"line":34,"column":6},"end":{"line":34,"column":12}},"9":{"start":{"line":35,"column":6},"end":{"line":46,"column":null}},"10":{"start":{"line":36,"column":8},"end":{"line":36,"column":18}},"11":{"start":{"line":36,"column":56},"end":{"line":36,"column":59}},"12":{"start":{"line":37,"column":8},"end":{"line":44,"column":null}},"13":{"start":{"line":38,"column":10},"end":{"line":38,"column":13}},"14":{"start":{"line":39,"column":25},"end":{"line":39,"column":40}},"15":{"start":{"line":40,"column":10},"end":{"line":40,"column":33}},"16":{"start":{"line":40,"column":25},"end":{"line":40,"column":33}},"17":{"start":{"line":41,"column":10},"end":{"line":41,"column":18}},"18":{"start":{"line":42,"column":10},"end":{"line":42,"column":16}},"19":{"start":{"line":43,"column":10},"end":{"line":43,"column":17}},"20":{"start":{"line":45,"column":8},"end":{"line":45,"column":14}},"21":{"start":{"line":47,"column":6},"end":{"line":47,"column":13}},"22":{"start":{"line":49,"column":6},"end":{"line":49,"column":13}},"23":{"start":{"line":56,"column":4},"end":{"line":90,"column":null}},"24":{"start":{"line":57,"column":22},"end":{"line":57,"column":36}},"25":{"start":{"line":58,"column":6},"end":{"line":58,"column":27}},"26":{"start":{"line":58,"column":20},"end":{"line":58,"column":27}},"27":{"start":{"line":59,"column":6},"end":{"line":59,"column":24}},"28":{"start":{"line":59,"column":17},"end":{"line":59,"column":24}},"29":{"start":{"line":60,"column":6},"end":{"line":60,"column":26}},"30":{"start":{"line":60,"column":19},"end":{"line":60,"column":26}},"31":{"start":{"line":61,"column":6},"end":{"line":61,"column":26}},"32":{"start":{"line":61,"column":19},"end":{"line":61,"column":26}},"33":{"start":{"line":62,"column":6},"end":{"line":62,"column":28}},"34":{"start":{"line":62,"column":21},"end":{"line":62,"column":28}},"35":{"start":{"line":63,"column":6},"end":{"line":63,"column":27}},"36":{"start":{"line":63,"column":20},"end":{"line":63,"column":27}},"37":{"start":{"line":64,"column":6},"end":{"line":84,"column":null}},"38":{"start":{"line":65,"column":8},"end":{"line":65,"column":15}},"39":{"start":{"line":66,"column":25},"end":{"line":66,"column":40}},"40":{"start":{"line":67,"column":10},"end":{"line":67,"column":null}},"41":{"start":{"line":67,"column":25},"end":{"line":67,"column":null}},"42":{"start":{"line":68,"column":10},"end":{"line":68,"column":18}},"43":{"start":{"line":69,"column":10},"end":{"line":69,"column":16}},"44":{"start":{"line":71,"column":8},"end":{"line":71,"column":15}},"45":{"start":{"line":72,"column":8},"end":{"line":72,"column":14}},"46":{"start":{"line":73,"column":8},"end":{"line":73,"column":18}},"47":{"start":{"line":73,"column":56},"end":{"line":73,"column":59}},"48":{"start":{"line":74,"column":8},"end":{"line":82,"column":null}},"49":{"start":{"line":75,"column":10},"end":{"line":75,"column":13}},"50":{"start":{"line":76,"column":25},"end":{"line":76,"column":40}},"51":{"start":{"line":77,"column":10},"end":{"line":77,"column":33}},"52":{"start":{"line":77,"column":25},"end":{"line":77,"column":33}},"53":{"start":{"line":78,"column":10},"end":{"line":79,"column":20}},"54":{"start":{"line":79,"column":12},"end":{"line":79,"column":20}},"55":{"start":{"line":80,"column":10},"end":{"line":80,"column":16}},"56":{"start":{"line":81,"column":10},"end":{"line":81,"column":17}},"57":{"start":{"line":83,"column":8},"end":{"line":83,"column":14}},"58":{"start":{"line":86,"column":6},"end":{"line":86,"column":12}},"59":{"start":{"line":87,"column":6},"end":{"line":87,"column":13}},"60":{"start":{"line":89,"column":6},"end":{"line":89,"column":13}},"61":{"start":{"line":93,"column":4},"end":{"line":108,"column":null}},"62":{"start":{"line":95,"column":6},"end":{"line":100,"column":16}},"63":{"start":{"line":96,"column":8},"end":{"line":96,"column":16}},"64":{"start":{"line":100,"column":8},"end":{"line":100,"column":16}},"65":{"start":{"line":104,"column":6},"end":{"line":104,"column":28}},"66":{"start":{"line":104,"column":21},"end":{"line":104,"column":28}},"67":{"start":{"line":105,"column":6},"end":{"line":105,"column":13}},"68":{"start":{"line":107,"column":6},"end":{"line":107,"column":13}},"69":{"start":{"line":111,"column":4},"end":{"line":119,"column":null}},"70":{"start":{"line":112,"column":22},"end":{"line":112,"column":36}},"71":{"start":{"line":115,"column":6},"end":{"line":115,"column":27}},"72":{"start":{"line":115,"column":20},"end":{"line":115,"column":27}},"73":{"start":{"line":116,"column":6},"end":{"line":116,"column":13}},"74":{"start":{"line":118,"column":6},"end":{"line":118,"column":13}},"75":{"start":{"line":122,"column":4},"end":{"line":143,"column":null}},"76":{"start":{"line":123,"column":22},"end":{"line":123,"column":36}},"77":{"start":{"line":124,"column":6},"end":{"line":124,"column":27}},"78":{"start":{"line":124,"column":20},"end":{"line":124,"column":27}},"79":{"start":{"line":125,"column":6},"end":{"line":126,"column":15}},"80":{"start":{"line":126,"column":8},"end":{"line":126,"column":15}},"81":{"start":{"line":127,"column":24},"end":{"line":127,"column":38}},"82":{"start":{"line":129,"column":10},"end":{"line":131,"column":null}},"83":{"start":{"line":130,"column":12},"end":{"line":130,"column":19}},"84":{"start":{"line":133,"column":6},"end":{"line":134,"column":15}},"85":{"start":{"line":134,"column":8},"end":{"line":134,"column":15}},"86":{"start":{"line":135,"column":25},"end":{"line":135,"column":40}},"87":{"start":{"line":136,"column":10},"end":{"line":136,"column":null}},"88":{"start":{"line":136,"column":25},"end":{"line":136,"column":null}},"89":{"start":{"line":137,"column":10},"end":{"line":137,"column":18}},"90":{"start":{"line":138,"column":10},"end":{"line":138,"column":16}},"91":{"start":{"line":140,"column":6},"end":{"line":140,"column":13}},"92":{"start":{"line":142,"column":6},"end":{"line":142,"column":13}},"93":{"start":{"line":148,"column":4},"end":{"line":161,"column":null}},"94":{"start":{"line":149,"column":22},"end":{"line":149,"column":36}},"95":{"start":{"line":150,"column":6},"end":{"line":150,"column":27}},"96":{"start":{"line":150,"column":20},"end":{"line":150,"column":27}},"97":{"start":{"line":151,"column":30},"end":{"line":151,"column":34}},"98":{"start":{"line":152,"column":6},"end":{"line":152,"column":33}},"99":{"start":{"line":152,"column":18},"end":{"line":152,"column":33}},"100":{"start":{"line":153,"column":6},"end":{"line":153,"column":21}},"101":{"start":{"line":154,"column":6},"end":{"line":154,"column":12}},"102":{"start":{"line":155,"column":6},"end":{"line":156,"column":18}},"103":{"start":{"line":155,"column":35},"end":{"line":155,"column":42}},"104":{"start":{"line":156,"column":11},"end":{"line":156,"column":18}},"105":{"start":{"line":157,"column":6},"end":{"line":157,"column":12}},"106":{"start":{"line":158,"column":6},"end":{"line":158,"column":13}},"107":{"start":{"line":160,"column":6},"end":{"line":160,"column":13}},"108":{"start":{"line":165,"column":4},"end":{"line":173,"column":null}},"109":{"start":{"line":166,"column":22},"end":{"line":166,"column":36}},"110":{"start":{"line":167,"column":6},"end":{"line":167,"column":27}},"111":{"start":{"line":167,"column":20},"end":{"line":167,"column":27}},"112":{"start":{"line":168,"column":6},"end":{"line":168,"column":13}},"113":{"start":{"line":169,"column":6},"end":{"line":169,"column":12}},"114":{"start":{"line":170,"column":6},"end":{"line":170,"column":13}},"115":{"start":{"line":172,"column":6},"end":{"line":172,"column":13}},"116":{"start":{"line":176,"column":4},"end":{"line":191,"column":null}},"117":{"start":{"line":177,"column":22},"end":{"line":177,"column":36}},"118":{"start":{"line":178,"column":6},"end":{"line":178,"column":27}},"119":{"start":{"line":178,"column":20},"end":{"line":178,"column":27}},"120":{"start":{"line":179,"column":6},"end":{"line":182,"column":null}},"121":{"start":{"line":180,"column":8},"end":{"line":180,"column":12}},"122":{"start":{"line":181,"column":8},"end":{"line":181,"column":15}},"123":{"start":{"line":183,"column":6},"end":{"line":183,"column":33}},"124":{"start":{"line":183,"column":26},"end":{"line":183,"column":33}},"125":{"start":{"line":184,"column":6},"end":{"line":184,"column":23}},"126":{"start":{"line":184,"column":16},"end":{"line":184,"column":23}},"127":{"start":{"line":186,"column":6},"end":{"line":186,"column":12}},"128":{"start":{"line":188,"column":6},"end":{"line":188,"column":13}},"129":{"start":{"line":190,"column":6},"end":{"line":190,"column":13}},"130":{"start":{"line":194,"column":4},"end":{"line":204,"column":null}},"131":{"start":{"line":195,"column":26},"end":{"line":195,"column":40}},"132":{"start":{"line":196,"column":6},"end":{"line":196,"column":31}},"133":{"start":{"line":196,"column":24},"end":{"line":196,"column":31}},"134":{"start":{"line":197,"column":30},"end":{"line":197,"column":34}},"135":{"start":{"line":198,"column":6},"end":{"line":198,"column":12}},"136":{"start":{"line":199,"column":6},"end":{"line":199,"column":17}},"137":{"start":{"line":200,"column":6},"end":{"line":200,"column":12}},"138":{"start":{"line":201,"column":6},"end":{"line":201,"column":13}},"139":{"start":{"line":203,"column":6},"end":{"line":203,"column":13}},"140":{"start":{"line":208,"column":4},"end":{"line":214,"column":null}},"141":{"start":{"line":209,"column":22},"end":{"line":209,"column":36}},"142":{"start":{"line":210,"column":6},"end":{"line":210,"column":27}},"143":{"start":{"line":210,"column":20},"end":{"line":210,"column":27}},"144":{"start":{"line":211,"column":6},"end":{"line":211,"column":13}},"145":{"start":{"line":213,"column":6},"end":{"line":213,"column":13}},"146":{"start":{"line":217,"column":4},"end":{"line":226,"column":null}},"147":{"start":{"line":218,"column":23},"end":{"line":218,"column":37}},"148":{"start":{"line":222,"column":6},"end":{"line":222,"column":28}},"149":{"start":{"line":222,"column":21},"end":{"line":222,"column":28}},"150":{"start":{"line":223,"column":6},"end":{"line":223,"column":13}},"151":{"start":{"line":225,"column":6},"end":{"line":225,"column":13}},"152":{"start":{"line":229,"column":4},"end":{"line":235,"column":null}},"153":{"start":{"line":230,"column":22},"end":{"line":230,"column":36}},"154":{"start":{"line":232,"column":6},"end":{"line":232,"column":13}},"155":{"start":{"line":234,"column":6},"end":{"line":234,"column":13}},"156":{"start":{"line":241,"column":4},"end":{"line":249,"column":null}},"157":{"start":{"line":242,"column":25},"end":{"line":242,"column":40}},"158":{"start":{"line":245,"column":6},"end":{"line":245,"column":30}},"159":{"start":{"line":245,"column":23},"end":{"line":245,"column":30}},"160":{"start":{"line":246,"column":6},"end":{"line":246,"column":13}},"161":{"start":{"line":248,"column":6},"end":{"line":248,"column":13}},"162":{"start":{"line":252,"column":4},"end":{"line":264,"column":null}},"163":{"start":{"line":254,"column":6},"end":{"line":256,"column":16}},"164":{"start":{"line":254,"column":21},"end":{"line":254,"column":29}},"165":{"start":{"line":256,"column":8},"end":{"line":256,"column":16}},"166":{"start":{"line":260,"column":6},"end":{"line":260,"column":28}},"167":{"start":{"line":260,"column":21},"end":{"line":260,"column":28}},"168":{"start":{"line":261,"column":6},"end":{"line":261,"column":13}},"169":{"start":{"line":263,"column":6},"end":{"line":263,"column":13}},"170":{"start":{"line":267,"column":4},"end":{"line":278,"column":null}},"171":{"start":{"line":268,"column":23},"end":{"line":268,"column":38}},"172":{"start":{"line":270,"column":6},"end":{"line":270,"column":28}},"173":{"start":{"line":270,"column":21},"end":{"line":270,"column":28}},"174":{"start":{"line":271,"column":6},"end":{"line":272,"column":16}},"175":{"start":{"line":272,"column":8},"end":{"line":272,"column":16}},"176":{"start":{"line":273,"column":6},"end":{"line":273,"column":31}},"177":{"start":{"line":273,"column":23},"end":{"line":273,"column":31}},"178":{"start":{"line":274,"column":6},"end":{"line":274,"column":12}},"179":{"start":{"line":275,"column":6},"end":{"line":275,"column":13}},"180":{"start":{"line":277,"column":6},"end":{"line":277,"column":13}}},"fnMap":{"0":{"name":"(anonymous_0)","decl":{"start":{"line":7,"column":25},"end":{"line":7,"column":26}},"loc":{"start":{"line":14,"column":5},"end":{"line":51,"column":null}}},"1":{"name":"(anonymous_1)","decl":{"start":{"line":36,"column":48},"end":{"line":36,"column":56}},"loc":{"start":{"line":36,"column":56},"end":{"line":36,"column":59}}},"2":{"name":"(anonymous_2)","decl":{"start":{"line":52,"column":28},"end":{"line":52,"column":null}},"loc":{"start":{"line":55,"column":4},"end":{"line":91,"column":null}}},"3":{"name":"(anonymous_3)","decl":{"start":{"line":65,"column":35},"end":{"line":65,"column":42}},"loc":{"start":{"line":65,"column":57},"end":{"line":70,"column":null}}},"4":{"name":"(anonymous_4)","decl":{"start":{"line":73,"column":48},"end":{"line":73,"column":56}},"loc":{"start":{"line":73,"column":56},"end":{"line":73,"column":59}}},"5":{"name":"(anonymous_5)","decl":{"start":{"line":92,"column":26},"end":{"line":92,"column":27}},"loc":{"start":{"line":92,"column":79},"end":{"line":109,"column":null}}},"6":{"name":"(anonymous_6)","decl":{"start":{"line":110,"column":25},"end":{"line":110,"column":26}},"loc":{"start":{"line":110,"column":30},"end":{"line":120,"column":null}}},"7":{"name":"(anonymous_7)","decl":{"start":{"line":121,"column":28},"end":{"line":121,"column":29}},"loc":{"start":{"line":121,"column":33},"end":{"line":144,"column":null}}},"8":{"name":"(anonymous_8)","decl":{"start":{"line":126,"column":33},"end":{"line":126,"column":40}},"loc":{"start":{"line":126,"column":54},"end":{"line":132,"column":null}}},"9":{"name":"(anonymous_9)","decl":{"start":{"line":134,"column":35},"end":{"line":134,"column":42}},"loc":{"start":{"line":134,"column":57},"end":{"line":139,"column":null}}},"10":{"name":"(anonymous_10)","decl":{"start":{"line":147,"column":25},"end":{"line":147,"column":26}},"loc":{"start":{"line":147,"column":51},"end":{"line":162,"column":null}}},"11":{"name":"(anonymous_11)","decl":{"start":{"line":164,"column":28},"end":{"line":164,"column":29}},"loc":{"start":{"line":164,"column":33},"end":{"line":174,"column":null}}},"12":{"name":"(anonymous_12)","decl":{"start":{"line":175,"column":28},"end":{"line":175,"column":29}},"loc":{"start":{"line":175,"column":65},"end":{"line":192,"column":null}}},"13":{"name":"(anonymous_13)","decl":{"start":{"line":193,"column":27},"end":{"line":193,"column":28}},"loc":{"start":{"line":193,"column":53},"end":{"line":205,"column":null}}},"14":{"name":"(anonymous_14)","decl":{"start":{"line":207,"column":25},"end":{"line":207,"column":26}},"loc":{"start":{"line":207,"column":30},"end":{"line":215,"column":null}}},"15":{"name":"(anonymous_15)","decl":{"start":{"line":216,"column":26},"end":{"line":216,"column":27}},"loc":{"start":{"line":216,"column":67},"end":{"line":227,"column":null}}},"16":{"name":"(anonymous_16)","decl":{"start":{"line":228,"column":31},"end":{"line":228,"column":32}},"loc":{"start":{"line":228,"column":47},"end":{"line":236,"column":null}}},"17":{"name":"(anonymous_17)","decl":{"start":{"line":240,"column":28},"end":{"line":240,"column":29}},"loc":{"start":{"line":240,"column":56},"end":{"line":250,"col
[...]
,"15":{"start":{"line":32,"column":20},"end":{"line":32,"column":27}},"16":{"start":{"line":33,"column":6},"end":{"line":33,"column":13}},"17":{"start":{"line":35,"column":6},"end":{"line":35,"column":13}},"18":{"start":{"line":39,"column":4},"end":{"line":48,"column":null}},"19":{"start":{"line":40,"column":22},"end":{"line":40,"column":36}},"20":{"start":{"line":41,"column":6},"end":{"line":41,"column":27}},"21":{"start":{"line":41,"column":20},"end":{"line":41,"column":27}},"22":{"start":{"line":42,"column":6},"end":{"line":42,"column":24}},"23":{"start":{"line":42,"column":17},"end":{"line":42,"column":24}},"24":{"start":{"line":43,"column":6},"end":{"line":43,"column":23}},"25":{"start":{"line":43,"column":16},"end":{"line":43,"column":23}},"26":{"start":{"line":44,"column":6},"end":{"line":44,"column":12}},"27":{"start":{"line":45,"column":6},"end":{"line":45,"column":13}},"28":{"start":{"line":47,"column":6},"end":{"line":47,"column":13}},"29":{"start":{"line":51,"column":4},"end":{"line":57,"column":null}},"30":{"start":{"line":52,"column":22},"end":{"line":52,"column":36}},"31":{"start":{"line":53,"column":6},"end":{"line":53,"column":27}},"32":{"start":{"line":53,"column":20},"end":{"line":53,"column":27}},"33":{"start":{"line":54,"column":6},"end":{"line":54,"column":13}},"34":{"start":{"line":56,"column":6},"end":{"line":56,"column":13}}},"fnMap":{"0":{"name":"(anonymous_1)","decl":{"start":{"line":3,"column":25},"end":{"line":3,"column":26}},"loc":{"start":{"line":3,"column":74},"end":{"line":16,"column":null}}},"1":{"name":"(anonymous_2)","decl":{"start":{"line":18,"column":26},"end":{"line":18,"column":27}},"loc":{"start":{"line":18,"column":67},"end":{"line":28,"column":null}}},"2":{"name":"(anonymous_3)","decl":{"start":{"line":29,"column":26},"end":{"line":29,"column":27}},"loc":{"start":{"line":29,"column":31},"end":{"line":37,"column":null}}},"3":{"name":"(anonymous_4)","decl":{"start":{"line":38,"column":28},"end":{"line":38,"column":29}},"loc":{"start":{"line":38,"column":50},"end":{"line":49,"column":null}}},"4":{"name":"(anonymous_5)","decl":{"start":{"line":50,"column":28},"end":{"line":50,"column":29}},"loc":{"start":{"line":50,"column":33},"end":{"line":58,"column":null}}}},"branchMap":{"0":{"loc":{"start":{"line":18,"column":29},"end":{"line":18,"column":42}},"type":"default-arg","locations":[{"start":{"line":18,"column":37},"end":{"line":18,"column":42}}]},"1":{"loc":{"start":{"line":18,"column":42},"end":{"line":18,"column":52}},"type":"default-arg","locations":[{"start":{"line":18,"column":49},"end":{"line":18,"column":52}}]},"2":{"loc":{"start":{"line":18,"column":52},"end":{"line":18,"column":67}},"type":"default-arg","locations":[{"start":{"line":18,"column":61},"end":{"line":18,"column":67}}]},"3":{"loc":{"start":{"line":23,"column":6},"end":{"line":23,"column":28}},"type":"if","locations":[{"start":{"line":23,"column":6},"end":{"line":23,"column":28}},{"start":{"line":23,"column":6},"end":{"line":23,"column":28}}]},"4":{"loc":{"start":{"line":32,"column":6},"end":{"line":32,"column":27}},"type":"if","locations":[{"start":{"line":32,"column":6},"end":{"line":32,"column":27}},{"start":{"line":32,"column":6},"end":{"line":32,"column":27}}]},"5":{"loc":{"start":{"line":41,"column":6},"end":{"line":41,"column":27}},"type":"if","locations":[{"start":{"line":41,"column":6},"end":{"line":41,"column":27}},{"start":{"line":41,"column":6},"end":{"line":41,"column":27}}]},"6":{"loc":{"start":{"line":42,"column":6},"end":{"line":42,"column":24}},"type":"if","locations":[{"start":{"line":42,"column":6},"end":{"line":42,"column":24}},{"start":{"line":42,"column":6},"end":{"line":42,"column":24}}]},"7":{"loc":{"start":{"line":43,"column":6},"end":{"line":43,"column":23}},"type":"if","locations":[{"start":{"line":43,"column":6},"end":{"line":43,"column":23}},{"start":{"line":43,"column":6},"end":{"line":43,"column":23}}]},"8":{"loc":{"start":{"line":53,"column":6},"end":{"line":53,"column":27}},"type":"if","locations":[{"start":{"line":53,"column":6},"end":{"line":53,"column":27}},{"start":{"line":53,"column":6},"end":{"line":53,"column":27}}]}},"s":{"0":1,"1":2,"2":2,"3":2,"4":2,"5":0,"6":1,"7":1,"8":1,"9":0,"10":1,"11":0,"12":0,"13":0,"14":0,"15":0,"16":0,"17":0,"18":2,"19":2,"20":2,"21":0,"22":2,"23":1,"24":2,"25":1,"26":2,"27":2,"28":0,"29":0,"30":0,"31":0,"32":0,"33":0,"34":0},"f":{"0":2,"1":1,"2":0,"3":2,"4":0},"b":{"0":[0],"1":[0],"2":[0],"3":[0,1],"4":[0,0],"5":[0,2],"6":[1,1],"7":[1,1],"8":[0,0]}}
,"/media/sostene/New Volume/Andela/mybrand-backend/src/services/User.service.js": {"path":"/media/sostene/New Volume/Andela/mybrand-backend/src/services/User.service.js","statementMap":{"0":{"start":{"line":1,"column":0},"end":{"line":1,"column":null}},"1":{"start":{"line":2,"column":0},"end":{"line":2,"column":null}},"2":{"start":{"line":3,"column":0},"end":{"line":3,"column":null}},"3":{"start":{"line":6,"column":4},"end":{"line":36,"column":null}},"4":{"start":{"line":8,"column":6},"end":{"line":31,"column":null}},"5":{"start":{"line":9,"column":8},"end":{"line":9,"column":12}},"6":{"start":{"line":16,"column":27},"end":{"line":16,"column":null}},"7":{"start":{"line":20,"column":8},"end":{"line":20,"column":12}},"8":{"start":{"line":32,"column":6},"end":{"line":32,"column":12}},"9":{"start":{"line":33,"column":6},"end":{"line":33,"column":13}},"10":{"start":{"line":35,"column":6},"end":{"line":35,"column":13}},"11":{"start":{"line":54,"column":4},"end":{"line":87,"column":null}},"12":{"start":{"line":55,"column":19},"end":{"line":55,"column":30}},"13":{"start":{"line":56,"column":6},"end":{"line":57,"column":15}},"14":{"start":{"line":57,"column":8},"end":{"line":57,"column":15}},"15":{"start":{"line":61,"column":6},"end":{"line":61,"column":20}},"16":{"start":{"line":61,"column":16},"end":{"line":61,"column":20}},"17":{"start":{"line":62,"column":6},"end":{"line":62,"column":21}},"18":{"start":{"line":62,"column":17},"end":{"line":62,"column":21}},"19":{"start":{"line":63,"column":6},"end":{"line":63,"column":24}},"20":{"start":{"line":63,"column":20},"end":{"line":63,"column":24}},"21":{"start":{"line":64,"column":6},"end":{"line":64,"column":24}},"22":{"start":{"line":64,"column":20},"end":{"line":64,"column":24}},"23":{"start":{"line":65,"column":6},"end":{"line":65,"column":24}},"24":{"start":{"line":65,"column":20},"end":{"line":65,"column":24}},"25":{"start":{"line":66,"column":6},"end":{"line":66,"column":24}},"26":{"start":{"line":66,"column":20},"end":{"line":66,"column":24}},"27":{"start":{"line":67,"column":6},"end":{"line":67,"column":23}},"28":{"start":{"line":67,"column":19},"end":{"line":67,"column":23}},"29":{"start":{"line":68,"column":6},"end":{"line":68,"column":20}},"30":{"start":{"line":68,"column":16},"end":{"line":68,"column":20}},"31":{"start":{"line":69,"column":6},"end":{"line":76,"column":null}},"32":{"start":{"line":70,"column":27},"end":{"line":70,"column":52}},"33":{"start":{"line":71,"column":8},"end":{"line":71,"column":12}},"34":{"start":{"line":77,"column":6},"end":{"line":81,"column":null}},"35":{"start":{"line":78,"column":8},"end":{"line":78,"column":13}},"36":{"start":{"line":82,"column":6},"end":{"line":82,"column":20}},"37":{"start":{"line":82,"column":16},"end":{"line":82,"column":20}},"38":{"start":{"line":83,"column":6},"end":{"line":83,"column":12}},"39":{"start":{"line":84,"column":6},"end":{"line":84,"column":13}},"40":{"start":{"line":86,"column":6},"end":{"line":86,"column":13}},"41":{"start":{"line":90,"column":4},"end":{"line":100,"column":null}},"42":{"start":{"line":91,"column":19},"end":{"line":91,"column":30}},"43":{"start":{"line":92,"column":6},"end":{"line":93,"column":15}},"44":{"start":{"line":93,"column":8},"end":{"line":93,"column":15}},"45":{"start":{"line":97,"column":6},"end":{"line":97,"column":13}},"46":{"start":{"line":99,"column":6},"end":{"line":99,"column":13}},"47":{"start":{"line":103,"column":4},"end":{"line":115,"column":null}},"48":{"start":{"line":104,"column":23},"end":{"line":104,"column":34}},"49":{"start":{"line":105,"column":6},"end":{"line":106,"column":15}},"50":{"start":{"line":106,"column":8},"end":{"line":106,"column":15}},"51":{"start":{"line":110,"column":17},"end":{"line":110,"column":23}},"52":{"start":{"line":112,"column":6},"end":{"line":112,"column":13}},"53":{"start":{"line":114,"column":6},"end":{"line":114,"column":13}},"54":{"start":{"line":119,"column":4},"end":{"line":127,"column":null}},"55":{"start":{"line":120,"column":20},"end":{"line":120,"column":31}},"56":{"start":{"line":123,"column":6},"end":{"line":123,"column":25}},"57":{"start":{"line":123,"column":18},"end":{"line":123,"column":25}},"58":{"start":{"line":124,"column":6},"end":{"line":124,"column":13}},"59":{"start":{"line":126,"column":6},"end":{"line":126,"column":13}}},"fnMap":{"0":{"name":"(anonymous_0)","decl":{"start":{"line":5,"column":21},"end":{"line":5,"column":22}},"loc":{"start":{"line":5,"column":71},"end":{"line":37,"column":null}}},"1":{"name":"(anonymous_1)","decl":{"start":{"line":38,"column":25},"end":{"line":38,"column":null}},"loc":{"start":{"line":53,"column":4},"end":{"line":88,"column":null}}},"2":{"name":"(anonymous_2)","decl":{"start":{"line":89,"column":25},"end":{"line":89,"column":26}},"loc":{"start":{"line":89,"column":30},"end":{"line":101,"column":null}}},"3":{"name":"(anonymous_3)","decl":{"start":{"line":102,"column":22},"end":{"line":102,"column":23}},"loc":{"start":{"line":102,"column":27},"end":{"line":116,"column":null}}},"4":{"name":"(anonymous_4)","decl":{"start":{"line":118,"column":23},"end":{"line":118,"column":24}},"loc":{"start":{"line":118,"column":64},"end":{"line":128,"column":null}}}},"branchMap":{"0":{"loc":{"start":{"line":8,"column":6},"end":{"line":31,"column":null}},"type":"if","locations":[{"start":{"line":8,"column":6},"end":{"line":31,"column":null}},{"start":{"line":8,"column":6},"end":{"line":31,"column":null}}]},"1":{"loc":{"start":{"line":26,"column":18},"end":{"line":26,"column":null}},"type":"binary-expr","locations":[{"start":{"line":26,"column":18},"end":{"line":26,"column":45}},{"start":{"line":26,"column":45},"end":{"line":26,"column":null}}]},"2":{"loc":{"start":{"line":41,"column":6},"end":{"line":41,"column":null}},"type":"default-arg","locations":[{"start":{"line":41,"column":13},"end":{"line":41,"column":null}}]},"3":{"loc":{"start":{"line":42,"column":6},"end":{"line":42,"column":null}},"type":"default-arg","locations":[{"start":{"line":42,"column":14},"end":{"line":42,"column":null}}]},"4":{"loc":{"start":{"line":43,"column":6},"end":{"line":43,"column":null}},"type":"default-arg","locations":[{"start":{"line":43,"column":17},"end":{"line":43,"column":null}}]},"5":{"loc":{"start":{"line":44,"column":6},"end":{"line":44,"column":null}},"type":"default-arg","locations":[{"start":{"line":44,"column":17},"end":{"line":44,"column":null}}]},"6":{"loc":{"start":{"line":45,"column":6},"end":{"line":45,"column":null}},"type":"default-arg","locations":[{"start":{"line":45,"column":17},"end":{"line":45,"column":null}}]},"7":{"loc":{"start":{"line":46,"column":6},"end":{"line":46,"column":null}},"type":"default-arg","locations":[{"start":{"line":46,"column":17},"end":{"line":46,"column":null}}]},"8":{"loc":{"start":{"line":47,"column":6},"end":{"line":47,"column":null}},"type":"default-arg","locations":[{"start":{"line":47,"column":16},"end":{"line":47,"column":null}}]},"9":{"loc":{"start":{"line":48,"column":6},"end":{"line":48,"column":null}},"type":"default-arg","locations":[{"start":{"line":48,"column":13},"end":{"line":48,"column":null}}]},"10":{"loc":{"start":{"line":50,"column":6},"end":{"line":50,"column":null}},"type":"default-arg","locations":[{"start":{"line":50,"column":14},"end":{"line":50,"column":null}}]},"11":{"loc":{"start":{"line":51,"column":6},"end":{"line":51,"column":null}},"type":"default-arg","locations":[{"start":{"line":51,"column":13},"end":{"line":51,"column":null}}]},"12":{"loc":{"start":{"line":56,"column":6},"end":{"line":57,"column":15}},"type":"if","locations":[{"start":{"line":56,"column":6},"end":{"line":57,"column":15}},{"start":{"line":56,"column":6},"end":{"line":57,"column":15}}]},"13":{"loc":{"start":{"line":61,"column":6},"end":{"line":61,"column":20}},"type":"if","locations":[{"start":{"line":61,"column":6},"end":{"line":61,"column":20}},{"start":{"line":61,"column":6},"end":{"line":61,"column":20}}]},"14":{"loc":{"start":{"line":62,"column":6},"end":{"line":62,"column":21}},"type":"if","locations":[{"start":{"line":62,"column":6},"end":{"line":62,"column":21}},{"start":{"line":62,"column":6},"end":{"line":62,"column":21}}]},"15":{"loc":{"start":{"line":63,"column":6},"end":{"line":63,"column":24}},"type":"if","locations":[{"start":{"line":63,"column":6},"end":{"line":63,"column":24}},{"start":{"line":63,"column":6},"end":{"line":63,"column":24}}]},"16":{"loc":{"start":{"line":64,"column":6},"end":{"line":64,"column":24}},"type":"if","locations":[{"start":{"line":64,"column":6},"end":{"line":64,"column":24}},{"start":{"line":64,"column":6},"end":{"line":64,"column":24}}]},"17":{"loc":{"start":{"line":65,"column":6},"end":{"line":65,"column":24}},"type":"if","locations":[{"start":{"line":65,"column":6},"end":{"line":65,"column":24}},{"start":{"line":65,"column":6},"end":{"line":65,"column":24}}]},"18":{"loc":{"start":{"line":66,"column":6},"end":{"line":66,"column":24}},"type":"if","locations":[{"start":{"line":66,"column":6},"end":{"line":66,"column":24}},{"start":{"line":66,"column":6},"end":{"line":66,"column":24}}]},"19":{"loc":{"start":{"line":67,"column":6},"end":{"line":67,"column":23}},"type":"if","locations":[{"start":{"line":67,"column":6},"end":{"line":67,"column":23}},{"start":{"line":67,"column":6},"end":{"line":67,"column":23}}]},"20":{"loc":{"start":{"line":68,"column":6},"end":{"line":68,"column":20}},"type":"if","locations":[{"start":{"line":68,"column":6},"end":{"line":68,"column":20}},{"start":{"line":68,"column":6},"end":{"line":68,"column":20}}]},"21":{"loc":{"start":{"line":69,"column":6},"end":{"line":76,"column":null}},"type":"if","locations":[{"start":{"line":69,"column":6},"end":{"line":76,"column":null}},{"start":{"line":69,"column":6},"end":{"line":76,"column":null}}]},"22":{"loc":{"start":{"line":77,"column":6},"end":{"line":81,"column":null}},"type":"if","locations":[{"start":{"line":77,"column":6},"end":{"line":81,"column":null}},{"start":{"line":77,"column":6},"end":{"line":81,"column":null}}]},"23":{"loc":{"start":{"line":78,"column":8},"end":{"line":80,"column":16}},"type":"cond-expr","locations":[{"start":{"line":79,"column":12},"end":{"line":79,"column":16}},{"start":{"line":80,"column":12},"end":{"line":80,"column":16}}]},"24":{"loc":{"start":{"line":82,"column":6},"end":{"line":82,"column":20}},"type":"if","locations":[{"start":{"line":82,"column":6},"end":{"line":82,"column":20}},{"start":{"line":82,"column":6},"end":{"line":82,"column":20}}]},"25":{"loc":{"start":{"line":92,"column":6},"end":{"line":93,"column":15}},"type":"if","locations":[{"start":{"line":92,"column":6},"end":{"line":93,"column":15}},{"start":{"line":92,"column":6},"end":{"line":93,"column":15}}]},"26":{"loc":{"start":{"line":105,"column":6},"end":{"line":106,"column":15}},"type":"if","locations":[{"start":{"line":105,"column":6},"end":{"line":106,"column":15}},{"start":{"line":105,"column":6},"end":{"line":106,"column":15}}]},"27":{"loc":{"start":{"line":118,"column":26},"end":{"line":118,"column":36}},"type":"default-arg","locations":[{"start":{"line":118,"column":33},"end":{"line":118,"column":36}}]},"28":{"loc":{"start":{"line":118,"column":36},"end":{"line":118,"column":49}},"type":"default-arg","locations":[{"start":{"line":118,"column":44},"end":{"line":118,"column":49}}]},"29":{"loc":{"start":{"line":118,"column":49},"end":{"line":118,"column":64}},"type":"default-arg","locations":[{"start":{"line":118,"column":58},"end":{"line":118,"column":64}}]},"30":{"loc":{"start":{"line":123,"column":6},"end":{"line":123,"column":25}},"type":"if","locations":[{"start":{"line":123,"column":6},"end":{"line":123,"column":25}},{"start":{"line":123,"column":6},"end":{"line":123,"column":25}}]}},"s":{"0":1,"1":1,"2":1,"3":4,"4":4,"5":4,"6":0,"7":0,"8":4,"9":2,"10":2,"11":2,"12":2,"13":2,"14":0,"15":2,"16":0,"17":2,"18":0,"19":2,"20":0,"21":2,"22":0,"23":2,"24":0,"25":2,"26":0,"27":2,"28":0,"29":2,"30":0,"31":2,"32":0,"33":0,"34":2,"35":2,"36":2,"37":0,"38":2,"39":2,"40":0,"41":0,"42":0,"43":0,"44":0,"45":0,"46":0,"47":0,"48":0,"49":0,"50":0,"51":0,"52":0,"53":0,"54":0,"55":0,"56":0,"57":0,"58":0,"59":0},"f":{"0":4,"1":2,"2":0,"3":0,"4":0},"b":{"0":[4,0],"1":[0,0],"2":[2],"3":[2],"4":[2],"5":[2],"6":[2],"7":[2],"8":[2],"9":[2],"10":[0],"11":[2],"12":[0,2],"13":[0,2],"14":[0,2],"15":[0,2],"16":[0,2],"17":[0,2],"18":[0,2],"19":[0,2],"20":[0,2],"21":[0,2],"22":[2,0],"23":[2,0],"24":[0,2],"25":[0,0],"26":[0,0],"27":[0],"28":[0],"29":[0],"30":[0,0]}}
,"/media/sostene/New Volume/Andela/mybrand-backend/src/services/index.js": {"path":"/media/sostene/New Volume/Andela/mybrand-backend/src/services/index.js","statementMap":{"0":{"start":{"line":1,"column":0},"end":{"line":1,"column":null}},"1":{"start":{"line":2,"column":0},"end":{"line":2,"column":null}},"2":{"start":{"line":3,"column":0},"end":{"line":3,"column":null}}},"fnMap":{},"branchMap":{},"s":{"0":1,"1":1,"2":1},"f":{},"b":{}}
,"/media/sostene/New Volume/Andela/mybrand-backend/src/validations/article.js": {"path":"/media/sostene/New Volume/Andela/mybrand-backend/src/validations/article.js","statementMap":{"0":{"start":{"line":1,"column":0},"end":{"line":1,"column":null}},"1":{"start":{"line":2,"column":22},"end":{"line":2,"column":26}},"2":{"start":{"line":8,"column":22},"end":{"line":8,"column":26}},"3":{"start":{"line":17,"column":15},"end":{"line":17,"column":null}}},"fnMap":{},"branchMap":{},"s":{"0":1,"1":1,"2":1,"3":1},"f":{},"b":{}}
,"/media/sostene/New Volume/Andela/mybrand-backend/src/validations/comment.js": {"path":"/media/sostene/New Volume/Andela/mybrand-backend/src/validations/comment.js","statementMap":{"0":{"start":{"line":1,"column":0},"end":{"line":1,"column":null}},"1":{"start":{"line":2,"column":22},"end":{"line":2,"column":26}},"2":{"start":{"line":5,"column":22},"end":{"line":5,"column":26}},"3":{"start":{"line":11,"column":15},"end":{"line":11,"column":null}}},"fnMap":{},"branchMap":{},"s":{"0":1,"1":1,"2":1,"3":1},"f":{},"b":{}}
,"/media/sostene/New Volume/Andela/mybrand-backend/src/validations/index.js": {"path":"/media/sostene/New Volume/Andela/mybrand-backend/src/validations/index.js","statementMap":{"0":{"start":{"line":1,"column":0},"end":{"line":1,"column":null}},"1":{"start":{"line":2,"column":0},"end":{"line":2,"column":null}},"2":{"start":{"line":3,"column":0},"end":{"line":3,"column":null}},"3":{"start":{"line":4,"column":0},"end":{"line":4,"column":null}}},"fnMap":{},"branchMap":{},"s":{"0":1,"1":1,"2":1,"3":1},"f":{},"b":{}}
,"/media/sostene/New Volume/Andela/mybrand-backend/src/validations/message.js": {"path":"/media/sostene/New Volume/Andela/mybrand-backend/src/validations/message.js","statementMap":{"0":{"start":{"line":1,"column":0},"end":{"line":1,"column":null}},"1":{"start":{"line":2,"column":22},"end":{"line":2,"column":26}},"2":{"start":{"line":8,"column":22},"end":{"line":8,"column":26}},"3":{"start":{"line":12,"column":15},"end":{"line":12,"column":null}}},"fnMap":{},"branchMap":{},"s":{"0":1,"1":1,"2":1,"3":1},"f":{},"b":{}}
,"/media/sostene/New Volume/Andela/mybrand-backend/src/validations/user.js": {"path":"/media/sostene/New Volume/Andela/mybrand-backend/src/validations/user.js","statementMap":{"0":{"start":{"line":1,"column":0},"end":{"line":1,"column":null}},"1":{"start":{"line":2,"column":15},"end":{"line":2,"column":19}},"2":{"start":{"line":9,"column":16},"end":{"line":9,"column":20}},"3":{"start":{"line":18,"column":15},"end":{"line":18,"column":null}}},"fnMap":{},"branchMap":{},"s":{"0":1,"1":1,"2":1,"3":1},"f":{},"b":{}}
}
